#
# There is insufficient memory for the Java Runtime Environment to continue.
# Native memory allocation (malloc) failed to allocate 1310736 bytes for Chunk::new
# Possible reasons:
#   The system is out of physical RAM or swap space
#   The process is running with CompressedOops enabled, and the Java Heap may be blocking the growth of the native heap
# Possible solutions:
#   Reduce memory load on the system
#   Increase physical memory or swap space
#   Check if swap backing store is full
#   Decrease Java heap size (-Xmx/-Xms)
#   Decrease number of Java threads
#   Decrease Java thread stack sizes (-Xss)
#   Set larger code cache with -XX:ReservedCodeCacheSize=
#   JVM is running with Unscaled Compressed Oops mode in which the Java heap is
#     placed in the first 4GB address space. The Java Heap base address is the
#     maximum limit for the native heap growth. Please use -XX:HeapBaseMinAddress
#     to set the Java Heap base and to place the Java Heap above 4GB virtual address.
# This output file may be truncated or incomplete.
#
#  Out of Memory Error (./src/hotspot/share/memory/arena.cpp:197), pid=16096, tid=10744
#
# JRE version: OpenJDK Runtime Environment (11.0.13) (build 11.0.13+0-b1751.21-8125866)
# Java VM: OpenJDK 64-Bit Server VM (11.0.13+0-b1751.21-8125866, mixed mode, tiered, compressed oops, g1 gc, windows-amd64)
# No core dump will be written. Minidumps are not enabled by default on client versions of Windows
#

---------------  S U M M A R Y ------------

Command Line: --add-opens=java.base/java.util=ALL-UNNAMED --add-opens=java.base/java.lang=ALL-UNNAMED --add-opens=java.base/java.lang.invoke=ALL-UNNAMED --add-opens=java.base/java.util=ALL-UNNAMED --add-opens=java.prefs/java.util.prefs=ALL-UNNAMED --add-opens=java.prefs/java.util.prefs=ALL-UNNAMED --add-opens=java.base/java.nio.charset=ALL-UNNAMED --add-opens=java.base/java.net=ALL-UNNAMED --add-opens=java.base/java.util.concurrent.atomic=ALL-UNNAMED -Xmx2048m -Dfile.encoding=UTF-8 -Duser.country=US -Duser.language=en -Duser.variant org.gradle.launcher.daemon.bootstrap.GradleDaemon 7.4

Host: Intel(R) Core(TM) i7-8550U CPU @ 1.80GHz, 8 cores, 19G,  Windows 10 , 64 bit Build 19041 (10.0.19041.2788)
Time: Thu May  4 20:10:17 2023 Central Europe Daylight Time elapsed time: 5.954654 seconds (0d 0h 0m 5s)

---------------  T H R E A D  ---------------

Current thread (0x000001c2f2e4c800):  JavaThread "C2 CompilerThread1" daemon [_thread_in_native, id=10744, stack(0x000000935de00000,0x000000935df00000)]


Current CompileTask:
C2:   5954 2024       4       java.net.URLClassLoader$1::run (5 bytes)

Stack: [0x000000935de00000,0x000000935df00000]
Native frames: (J=compiled Java code, j=interpreted, Vv=VM code, C=native code)
V  [jvm.dll+0x6100fa]
V  [jvm.dll+0x747090]
V  [jvm.dll+0x7486ad]
V  [jvm.dll+0x748d83]
V  [jvm.dll+0x24ab48]
V  [jvm.dll+0xc04dc]
V  [jvm.dll+0xc0a0c]
V  [jvm.dll+0x35eb5b]
V  [jvm.dll+0x19d7bc]
V  [jvm.dll+0x2033be]
V  [jvm.dll+0x202437]
V  [jvm.dll+0x188e01]
V  [jvm.dll+0x21106b]
V  [jvm.dll+0x20f8c1]
V  [jvm.dll+0x70de0f]
V  [jvm.dll+0x706a75]
V  [jvm.dll+0x60ed66]
C  [ucrtbase.dll+0x21bb2]
C  [KERNEL32.DLL+0x17604]
C  [ntdll.dll+0x526a1]


---------------  P R O C E S S  ---------------

Threads class SMR info:
_java_thread_list=0x000001c2f289da10, length=24, elements={
0x000001c2d4eec800, 0x000001c2ef3b1000, 0x000001c2ef3be000, 0x000001c2efca3800,
0x000001c2efca4800, 0x000001c2efca7000, 0x000001c2efcaa000, 0x000001c2efcb0800,
0x000001c2efcb4000, 0x000001c2efe08800, 0x000001c2f232a800, 0x000001c2f03d1800,
0x000001c2f13fa800, 0x000001c2f1e80800, 0x000001c2f188a000, 0x000001c2f33a3000,
0x000001c2f0663000, 0x000001c2f2281000, 0x000001c2f1d6e800, 0x000001c2f1c5d000,
0x000001c2f2825000, 0x000001c2f2826000, 0x000001c2f2827000, 0x000001c2f2e4c800
}

Java Threads: ( => current thread )
  0x000001c2d4eec800 JavaThread "main" [_thread_blocked, id=8680, stack(0x000000935b800000,0x000000935b900000)]
  0x000001c2ef3b1000 JavaThread "Reference Handler" daemon [_thread_blocked, id=20432, stack(0x000000935bf00000,0x000000935c000000)]
  0x000001c2ef3be000 JavaThread "Finalizer" daemon [_thread_blocked, id=20896, stack(0x000000935c000000,0x000000935c100000)]
  0x000001c2efca3800 JavaThread "Signal Dispatcher" daemon [_thread_blocked, id=13084, stack(0x000000935c100000,0x000000935c200000)]
  0x000001c2efca4800 JavaThread "Attach Listener" daemon [_thread_blocked, id=18424, stack(0x000000935c200000,0x000000935c300000)]
  0x000001c2efca7000 JavaThread "Service Thread" daemon [_thread_blocked, id=4612, stack(0x000000935c300000,0x000000935c400000)]
  0x000001c2efcaa000 JavaThread "C2 CompilerThread0" daemon [_thread_in_native, id=10344, stack(0x000000935c400000,0x000000935c500000)]
  0x000001c2efcb0800 JavaThread "C1 CompilerThread0" daemon [_thread_blocked, id=2796, stack(0x000000935c500000,0x000000935c600000)]
  0x000001c2efcb4000 JavaThread "Sweeper thread" daemon [_thread_blocked, id=5260, stack(0x000000935c600000,0x000000935c700000)]
  0x000001c2efe08800 JavaThread "Common-Cleaner" daemon [_thread_blocked, id=18824, stack(0x000000935c700000,0x000000935c800000)]
  0x000001c2f232a800 JavaThread "Daemon health stats" [_thread_blocked, id=1700, stack(0x000000935d100000,0x000000935d200000)]
  0x000001c2f03d1800 JavaThread "Incoming local TCP Connector on port 56740" [_thread_in_native, id=17928, stack(0x000000935c900000,0x000000935ca00000)]
  0x000001c2f13fa800 JavaThread "Daemon periodic checks" [_thread_blocked, id=21880, stack(0x000000935ca00000,0x000000935cb00000)]
  0x000001c2f1e80800 JavaThread "Daemon" [_thread_blocked, id=20796, stack(0x000000935d200000,0x000000935d300000)]
  0x000001c2f188a000 JavaThread "Handler for socket connection from /127.0.0.1:56740 to /127.0.0.1:56741" [_thread_in_native, id=18896, stack(0x000000935d300000,0x000000935d400000)]
  0x000001c2f33a3000 JavaThread "Cancel handler" [_thread_blocked, id=22428, stack(0x000000935d400000,0x000000935d500000)]
  0x000001c2f0663000 JavaThread "Daemon worker" [_thread_in_Java, id=9664, stack(0x000000935d500000,0x000000935d600000)]
  0x000001c2f2281000 JavaThread "Asynchronous log dispatcher for DefaultDaemonConnection: socket connection from /127.0.0.1:56740 to /127.0.0.1:56741" [_thread_blocked, id=13728, stack(0x000000935d600000,0x000000935d700000)]
  0x000001c2f1d6e800 JavaThread "Stdin handler" [_thread_blocked, id=5972, stack(0x000000935d700000,0x000000935d800000)]
  0x000001c2f1c5d000 JavaThread "Daemon client event forwarder" [_thread_in_Java, id=16708, stack(0x000000935d800000,0x000000935d900000)]
  0x000001c2f2825000 JavaThread "Cache worker for journal cache (C:\Users\Benec\.gradle\caches\journal-1)" [_thread_blocked, id=15740, stack(0x000000935d900000,0x000000935da00000)]
  0x000001c2f2826000 JavaThread "File lock request listener" [_thread_in_native, id=3832, stack(0x000000935da00000,0x000000935db00000)]
  0x000001c2f2827000 JavaThread "Cache worker for file hash cache (C:\Users\Benec\.gradle\caches\7.4\fileHashes)" [_thread_blocked, id=11952, stack(0x000000935dd00000,0x000000935de00000)]
=>0x000001c2f2e4c800 JavaThread "C2 CompilerThread1" daemon [_thread_in_native, id=10744, stack(0x000000935de00000,0x000000935df00000)]

Other Threads:
  0x000001c2efc56800 VMThread "VM Thread" [stack: 0x000000935be00000,0x000000935bf00000] [id=19044]
  0x000001c2efe2e800 WatcherThread [stack: 0x000000935c800000,0x000000935c900000] [id=2780]
  0x000001c2d4f08000 GCTaskThread "GC Thread#0" [stack: 0x000000935b900000,0x000000935ba00000] [id=12872]
  0x000001c2f068c000 GCTaskThread "GC Thread#1" [stack: 0x000000935cb00000,0x000000935cc00000] [id=20060]
  0x000001c2f08ce000 GCTaskThread "GC Thread#2" [stack: 0x000000935cc00000,0x000000935cd00000] [id=9668]
  0x000001c2f0125800 GCTaskThread "GC Thread#3" [stack: 0x000000935cd00000,0x000000935ce00000] [id=14968]
  0x000001c2f0b51800 GCTaskThread "GC Thread#4" [stack: 0x000000935ce00000,0x000000935cf00000] [id=9396]
  0x000001c2effce000 GCTaskThread "GC Thread#5" [stack: 0x000000935cf00000,0x000000935d000000] [id=15692]
  0x000001c2f0c3a800 GCTaskThread "GC Thread#6" [stack: 0x000000935d000000,0x000000935d100000] [id=12656]
  0x000001c2f32dc800 GCTaskThread "GC Thread#7" [stack: 0x000000935db00000,0x000000935dc00000] [id=3572]
  0x000001c2d4f3a000 ConcurrentGCThread "G1 Main Marker" [stack: 0x000000935ba00000,0x000000935bb00000] [id=18052]
  0x000001c2d4f3b800 ConcurrentGCThread "G1 Conc#0" [stack: 0x000000935bb00000,0x000000935bc00000] [id=22592]
  0x000001c2f1b45800 ConcurrentGCThread "G1 Conc#1" [stack: 0x000000935dc00000,0x000000935dd00000] [id=1628]
  0x000001c2ef286800 ConcurrentGCThread "G1 Refine#0" [stack: 0x000000935bc00000,0x000000935bd00000] [id=7564]
  0x000001c2d4fce000 ConcurrentGCThread "G1 Young RemSet Sampling" [stack: 0x000000935bd00000,0x000000935be00000] [id=8888]

Threads with active compile tasks:
C2 CompilerThread0   5988 2132   !   4       java.net.URLClassLoader$1::run (81 bytes)
C2 CompilerThread1   5988 2024       4       java.net.URLClassLoader$1::run (5 bytes)

VM state:not at safepoint (normal execution)

VM Mutex/Monitor currently owned by a thread: None

Heap address: 0x0000000080000000, size: 2048 MB, Compressed Oops mode: 32-bit
Narrow klass base: 0x0000000000000000, Narrow klass shift: 3
Compressed class space size: 1073741824 Address: 0x0000000100000000

Heap:
 garbage-first heap   total 327680K, used 56897K [0x0000000080000000, 0x0000000100000000)
  region size 1024K, 51 young (52224K), 11 survivors (11264K)
 Metaspace       used 24625K, capacity 25194K, committed 25472K, reserved 1071104K
  class space    used 3130K, capacity 3334K, committed 3456K, reserved 1048576K
Heap Regions: E=young(eden), S=young(survivor), O=old, HS=humongous(starts), HC=humongous(continues), CS=collection set, F=free, A=archive, TAMS=top-at-mark-start (previous, next)
|   0|0x0000000080000000, 0x0000000080000000, 0x0000000080100000|  0%| F|  |TAMS 0x0000000080000000, 0x0000000080000000| Untracked 
|   1|0x0000000080100000, 0x0000000080100000, 0x0000000080200000|  0%| F|  |TAMS 0x0000000080100000, 0x0000000080100000| Untracked 
|   2|0x0000000080200000, 0x0000000080200000, 0x0000000080300000|  0%| F|  |TAMS 0x0000000080200000, 0x0000000080200000| Untracked 
|   3|0x0000000080300000, 0x0000000080400000, 0x0000000080400000|100%|HS|  |TAMS 0x0000000080400000, 0x0000000080300000| Complete 
|   4|0x0000000080400000, 0x0000000080500000, 0x0000000080500000|100%|HC|  |TAMS 0x0000000080500000, 0x0000000080400000| Complete 
|   5|0x0000000080500000, 0x0000000080600000, 0x0000000080600000|100%|HC|  |TAMS 0x0000000080600000, 0x0000000080500000| Complete 
|   6|0x0000000080600000, 0x0000000080700000, 0x0000000080700000|100%| O|  |TAMS 0x0000000080700000, 0x0000000080600000| Untracked 
|   7|0x0000000080700000, 0x0000000080800000, 0x0000000080800000|100%| O|  |TAMS 0x0000000080800000, 0x0000000080700000| Untracked 
|   8|0x0000000080800000, 0x0000000080900000, 0x0000000080900000|100%| O|  |TAMS 0x0000000080900000, 0x0000000080800000| Untracked 
|   9|0x0000000080900000, 0x0000000080946000, 0x0000000080a00000| 27%| O|  |TAMS 0x0000000080946000, 0x0000000080900000| Untracked 
|  10|0x0000000080a00000, 0x0000000080a00000, 0x0000000080b00000|  0%| F|  |TAMS 0x0000000080a00000, 0x0000000080a00000| Untracked 
|  11|0x0000000080b00000, 0x0000000080b00000, 0x0000000080c00000|  0%| F|  |TAMS 0x0000000080b00000, 0x0000000080b00000| Untracked 
|  12|0x0000000080c00000, 0x0000000080c00000, 0x0000000080d00000|  0%| F|  |TAMS 0x0000000080c00000, 0x0000000080c00000| Untracked 
|  13|0x0000000080d00000, 0x0000000080d00000, 0x0000000080e00000|  0%| F|  |TAMS 0x0000000080d00000, 0x0000000080d00000| Untracked 
|  14|0x0000000080e00000, 0x0000000080e00000, 0x0000000080f00000|  0%| F|  |TAMS 0x0000000080e00000, 0x0000000080e00000| Untracked 
|  15|0x0000000080f00000, 0x0000000080f00000, 0x0000000081000000|  0%| F|  |TAMS 0x0000000080f00000, 0x0000000080f00000| Untracked 
|  16|0x0000000081000000, 0x0000000081000000, 0x0000000081100000|  0%| F|  |TAMS 0x0000000081000000, 0x0000000081000000| Untracked 
|  17|0x0000000081100000, 0x0000000081100000, 0x0000000081200000|  0%| F|  |TAMS 0x0000000081100000, 0x0000000081100000| Untracked 
|  18|0x0000000081200000, 0x0000000081200000, 0x0000000081300000|  0%| F|  |TAMS 0x0000000081200000, 0x0000000081200000| Untracked 
|  19|0x0000000081300000, 0x0000000081300000, 0x0000000081400000|  0%| F|  |TAMS 0x0000000081300000, 0x0000000081300000| Untracked 
|  20|0x0000000081400000, 0x0000000081400000, 0x0000000081500000|  0%| F|  |TAMS 0x0000000081400000, 0x0000000081400000| Untracked 
|  21|0x0000000081500000, 0x0000000081500000, 0x0000000081600000|  0%| F|  |TAMS 0x0000000081500000, 0x0000000081500000| Untracked 
|  22|0x0000000081600000, 0x0000000081600000, 0x0000000081700000|  0%| F|  |TAMS 0x0000000081600000, 0x0000000081600000| Untracked 
|  23|0x0000000081700000, 0x0000000081700000, 0x0000000081800000|  0%| F|  |TAMS 0x0000000081700000, 0x0000000081700000| Untracked 
|  24|0x0000000081800000, 0x0000000081800000, 0x0000000081900000|  0%| F|  |TAMS 0x0000000081800000, 0x0000000081800000| Untracked 
|  25|0x0000000081900000, 0x0000000081900000, 0x0000000081a00000|  0%| F|  |TAMS 0x0000000081900000, 0x0000000081900000| Untracked 
|  26|0x0000000081a00000, 0x0000000081a00000, 0x0000000081b00000|  0%| F|  |TAMS 0x0000000081a00000, 0x0000000081a00000| Untracked 
|  27|0x0000000081b00000, 0x0000000081b00000, 0x0000000081c00000|  0%| F|  |TAMS 0x0000000081b00000, 0x0000000081b00000| Untracked 
|  28|0x0000000081c00000, 0x0000000081c00000, 0x0000000081d00000|  0%| F|  |TAMS 0x0000000081c00000, 0x0000000081c00000| Untracked 
|  29|0x0000000081d00000, 0x0000000081d00000, 0x0000000081e00000|  0%| F|  |TAMS 0x0000000081d00000, 0x0000000081d00000| Untracked 
|  30|0x0000000081e00000, 0x0000000081e00000, 0x0000000081f00000|  0%| F|  |TAMS 0x0000000081e00000, 0x0000000081e00000| Untracked 
|  31|0x0000000081f00000, 0x0000000081f00000, 0x0000000082000000|  0%| F|  |TAMS 0x0000000081f00000, 0x0000000081f00000| Untracked 
|  32|0x0000000082000000, 0x0000000082000000, 0x0000000082100000|  0%| F|  |TAMS 0x0000000082000000, 0x0000000082000000| Untracked 
|  33|0x0000000082100000, 0x0000000082100000, 0x0000000082200000|  0%| F|  |TAMS 0x0000000082100000, 0x0000000082100000| Untracked 
|  34|0x0000000082200000, 0x0000000082200000, 0x0000000082300000|  0%| F|  |TAMS 0x0000000082200000, 0x0000000082200000| Untracked 
|  35|0x0000000082300000, 0x0000000082300000, 0x0000000082400000|  0%| F|  |TAMS 0x0000000082300000, 0x0000000082300000| Untracked 
|  36|0x0000000082400000, 0x0000000082400000, 0x0000000082500000|  0%| F|  |TAMS 0x0000000082400000, 0x0000000082400000| Untracked 
|  37|0x0000000082500000, 0x0000000082500000, 0x0000000082600000|  0%| F|  |TAMS 0x0000000082500000, 0x0000000082500000| Untracked 
|  38|0x0000000082600000, 0x0000000082600000, 0x0000000082700000|  0%| F|  |TAMS 0x0000000082600000, 0x0000000082600000| Untracked 
|  39|0x0000000082700000, 0x0000000082700000, 0x0000000082800000|  0%| F|  |TAMS 0x0000000082700000, 0x0000000082700000| Untracked 
|  40|0x0000000082800000, 0x0000000082800000, 0x0000000082900000|  0%| F|  |TAMS 0x0000000082800000, 0x0000000082800000| Untracked 
|  41|0x0000000082900000, 0x0000000082900000, 0x0000000082a00000|  0%| F|  |TAMS 0x0000000082900000, 0x0000000082900000| Untracked 
|  42|0x0000000082a00000, 0x0000000082a00000, 0x0000000082b00000|  0%| F|  |TAMS 0x0000000082a00000, 0x0000000082a00000| Untracked 
|  43|0x0000000082b00000, 0x0000000082b00000, 0x0000000082c00000|  0%| F|  |TAMS 0x0000000082b00000, 0x0000000082b00000| Untracked 
|  44|0x0000000082c00000, 0x0000000082c00000, 0x0000000082d00000|  0%| F|  |TAMS 0x0000000082c00000, 0x0000000082c00000| Untracked 
|  45|0x0000000082d00000, 0x0000000082d00000, 0x0000000082e00000|  0%| F|  |TAMS 0x0000000082d00000, 0x0000000082d00000| Untracked 
|  46|0x0000000082e00000, 0x0000000082e00000, 0x0000000082f00000|  0%| F|  |TAMS 0x0000000082e00000, 0x0000000082e00000| Untracked 
|  47|0x0000000082f00000, 0x0000000082f00000, 0x0000000083000000|  0%| F|  |TAMS 0x0000000082f00000, 0x0000000082f00000| Untracked 
|  48|0x0000000083000000, 0x0000000083000000, 0x0000000083100000|  0%| F|  |TAMS 0x0000000083000000, 0x0000000083000000| Untracked 
|  49|0x0000000083100000, 0x0000000083100000, 0x0000000083200000|  0%| F|  |TAMS 0x0000000083100000, 0x0000000083100000| Untracked 
|  50|0x0000000083200000, 0x0000000083200000, 0x0000000083300000|  0%| F|  |TAMS 0x0000000083200000, 0x0000000083200000| Untracked 
|  51|0x0000000083300000, 0x0000000083300000, 0x0000000083400000|  0%| F|  |TAMS 0x0000000083300000, 0x0000000083300000| Untracked 
|  52|0x0000000083400000, 0x0000000083400000, 0x0000000083500000|  0%| F|  |TAMS 0x0000000083400000, 0x0000000083400000| Untracked 
|  53|0x0000000083500000, 0x0000000083500000, 0x0000000083600000|  0%| F|  |TAMS 0x0000000083500000, 0x0000000083500000| Untracked 
|  54|0x0000000083600000, 0x0000000083600000, 0x0000000083700000|  0%| F|  |TAMS 0x0000000083600000, 0x0000000083600000| Untracked 
|  55|0x0000000083700000, 0x0000000083700000, 0x0000000083800000|  0%| F|  |TAMS 0x0000000083700000, 0x0000000083700000| Untracked 
|  56|0x0000000083800000, 0x0000000083800000, 0x0000000083900000|  0%| F|  |TAMS 0x0000000083800000, 0x0000000083800000| Untracked 
|  57|0x0000000083900000, 0x0000000083900000, 0x0000000083a00000|  0%| F|  |TAMS 0x0000000083900000, 0x0000000083900000| Untracked 
|  58|0x0000000083a00000, 0x0000000083a00000, 0x0000000083b00000|  0%| F|  |TAMS 0x0000000083a00000, 0x0000000083a00000| Untracked 
|  59|0x0000000083b00000, 0x0000000083b00000, 0x0000000083c00000|  0%| F|  |TAMS 0x0000000083b00000, 0x0000000083b00000| Untracked 
|  60|0x0000000083c00000, 0x0000000083c00000, 0x0000000083d00000|  0%| F|  |TAMS 0x0000000083c00000, 0x0000000083c00000| Untracked 
|  61|0x0000000083d00000, 0x0000000083d00000, 0x0000000083e00000|  0%| F|  |TAMS 0x0000000083d00000, 0x0000000083d00000| Untracked 
|  62|0x0000000083e00000, 0x0000000083e00000, 0x0000000083f00000|  0%| F|  |TAMS 0x0000000083e00000, 0x0000000083e00000| Untracked 
|  63|0x0000000083f00000, 0x0000000083f00000, 0x0000000084000000|  0%| F|  |TAMS 0x0000000083f00000, 0x0000000083f00000| Untracked 
|  64|0x0000000084000000, 0x0000000084000000, 0x0000000084100000|  0%| F|  |TAMS 0x0000000084000000, 0x0000000084000000| Untracked 
|  65|0x0000000084100000, 0x0000000084100000, 0x0000000084200000|  0%| F|  |TAMS 0x0000000084100000, 0x0000000084100000| Untracked 
|  66|0x0000000084200000, 0x0000000084200000, 0x0000000084300000|  0%| F|  |TAMS 0x0000000084200000, 0x0000000084200000| Untracked 
|  67|0x0000000084300000, 0x0000000084300000, 0x0000000084400000|  0%| F|  |TAMS 0x0000000084300000, 0x0000000084300000| Untracked 
|  68|0x0000000084400000, 0x0000000084400000, 0x0000000084500000|  0%| F|  |TAMS 0x0000000084400000, 0x0000000084400000| Untracked 
|  69|0x0000000084500000, 0x0000000084500000, 0x0000000084600000|  0%| F|  |TAMS 0x0000000084500000, 0x0000000084500000| Untracked 
|  70|0x0000000084600000, 0x0000000084600000, 0x0000000084700000|  0%| F|  |TAMS 0x0000000084600000, 0x0000000084600000| Untracked 
|  71|0x0000000084700000, 0x0000000084700000, 0x0000000084800000|  0%| F|  |TAMS 0x0000000084700000, 0x0000000084700000| Untracked 
|  72|0x0000000084800000, 0x0000000084800000, 0x0000000084900000|  0%| F|  |TAMS 0x0000000084800000, 0x0000000084800000| Untracked 
|  73|0x0000000084900000, 0x0000000084900000, 0x0000000084a00000|  0%| F|  |TAMS 0x0000000084900000, 0x0000000084900000| Untracked 
|  74|0x0000000084a00000, 0x0000000084a00000, 0x0000000084b00000|  0%| F|  |TAMS 0x0000000084a00000, 0x0000000084a00000| Untracked 
|  75|0x0000000084b00000, 0x0000000084b00000, 0x0000000084c00000|  0%| F|  |TAMS 0x0000000084b00000, 0x0000000084b00000| Untracked 
|  76|0x0000000084c00000, 0x0000000084c00000, 0x0000000084d00000|  0%| F|  |TAMS 0x0000000084c00000, 0x0000000084c00000| Untracked 
|  77|0x0000000084d00000, 0x0000000084d00000, 0x0000000084e00000|  0%| F|  |TAMS 0x0000000084d00000, 0x0000000084d00000| Untracked 
|  78|0x0000000084e00000, 0x0000000084e00000, 0x0000000084f00000|  0%| F|  |TAMS 0x0000000084e00000, 0x0000000084e00000| Untracked 
|  79|0x0000000084f00000, 0x0000000084f00000, 0x0000000085000000|  0%| F|  |TAMS 0x0000000084f00000, 0x0000000084f00000| Untracked 
|  80|0x0000000085000000, 0x0000000085000000, 0x0000000085100000|  0%| F|  |TAMS 0x0000000085000000, 0x0000000085000000| Untracked 
|  81|0x0000000085100000, 0x0000000085100000, 0x0000000085200000|  0%| F|  |TAMS 0x0000000085100000, 0x0000000085100000| Untracked 
|  82|0x0000000085200000, 0x0000000085200000, 0x0000000085300000|  0%| F|  |TAMS 0x0000000085200000, 0x0000000085200000| Untracked 
|  83|0x0000000085300000, 0x0000000085300000, 0x0000000085400000|  0%| F|  |TAMS 0x0000000085300000, 0x0000000085300000| Untracked 
|  84|0x0000000085400000, 0x0000000085400000, 0x0000000085500000|  0%| F|  |TAMS 0x0000000085400000, 0x0000000085400000| Untracked 
|  85|0x0000000085500000, 0x0000000085500000, 0x0000000085600000|  0%| F|  |TAMS 0x0000000085500000, 0x0000000085500000| Untracked 
|  86|0x0000000085600000, 0x0000000085600000, 0x0000000085700000|  0%| F|  |TAMS 0x0000000085600000, 0x0000000085600000| Untracked 
|  87|0x0000000085700000, 0x0000000085700000, 0x0000000085800000|  0%| F|  |TAMS 0x0000000085700000, 0x0000000085700000| Untracked 
|  88|0x0000000085800000, 0x0000000085800000, 0x0000000085900000|  0%| F|  |TAMS 0x0000000085800000, 0x0000000085800000| Untracked 
|  89|0x0000000085900000, 0x0000000085900000, 0x0000000085a00000|  0%| F|  |TAMS 0x0000000085900000, 0x0000000085900000| Untracked 
|  90|0x0000000085a00000, 0x0000000085a00000, 0x0000000085b00000|  0%| F|  |TAMS 0x0000000085a00000, 0x0000000085a00000| Untracked 
|  91|0x0000000085b00000, 0x0000000085b00000, 0x0000000085c00000|  0%| F|  |TAMS 0x0000000085b00000, 0x0000000085b00000| Untracked 
|  92|0x0000000085c00000, 0x0000000085c00000, 0x0000000085d00000|  0%| F|  |TAMS 0x0000000085c00000, 0x0000000085c00000| Untracked 
|  93|0x0000000085d00000, 0x0000000085d00000, 0x0000000085e00000|  0%| F|  |TAMS 0x0000000085d00000, 0x0000000085d00000| Untracked 
|  94|0x0000000085e00000, 0x0000000085e00000, 0x0000000085f00000|  0%| F|  |TAMS 0x0000000085e00000, 0x0000000085e00000| Untracked 
|  95|0x0000000085f00000, 0x0000000085f00000, 0x0000000086000000|  0%| F|  |TAMS 0x0000000085f00000, 0x0000000085f00000| Untracked 
|  96|0x0000000086000000, 0x0000000086000000, 0x0000000086100000|  0%| F|  |TAMS 0x0000000086000000, 0x0000000086000000| Untracked 
|  97|0x0000000086100000, 0x0000000086100000, 0x0000000086200000|  0%| F|  |TAMS 0x0000000086100000, 0x0000000086100000| Untracked 
|  98|0x0000000086200000, 0x0000000086200000, 0x0000000086300000|  0%| F|  |TAMS 0x0000000086200000, 0x0000000086200000| Untracked 
|  99|0x0000000086300000, 0x0000000086300000, 0x0000000086400000|  0%| F|  |TAMS 0x0000000086300000, 0x0000000086300000| Untracked 
| 100|0x0000000086400000, 0x0000000086400000, 0x0000000086500000|  0%| F|  |TAMS 0x0000000086400000, 0x0000000086400000| Untracked 
| 101|0x0000000086500000, 0x0000000086500000, 0x0000000086600000|  0%| F|  |TAMS 0x0000000086500000, 0x0000000086500000| Untracked 
| 102|0x0000000086600000, 0x0000000086600000, 0x0000000086700000|  0%| F|  |TAMS 0x0000000086600000, 0x0000000086600000| Untracked 
| 103|0x0000000086700000, 0x0000000086700000, 0x0000000086800000|  0%| F|  |TAMS 0x0000000086700000, 0x0000000086700000| Untracked 
| 104|0x0000000086800000, 0x0000000086800000, 0x0000000086900000|  0%| F|  |TAMS 0x0000000086800000, 0x0000000086800000| Untracked 
| 105|0x0000000086900000, 0x0000000086900000, 0x0000000086a00000|  0%| F|  |TAMS 0x0000000086900000, 0x0000000086900000| Untracked 
| 106|0x0000000086a00000, 0x0000000086a00000, 0x0000000086b00000|  0%| F|  |TAMS 0x0000000086a00000, 0x0000000086a00000| Untracked 
| 107|0x0000000086b00000, 0x0000000086b00000, 0x0000000086c00000|  0%| F|  |TAMS 0x0000000086b00000, 0x0000000086b00000| Untracked 
| 108|0x0000000086c00000, 0x0000000086c00000, 0x0000000086d00000|  0%| F|  |TAMS 0x0000000086c00000, 0x0000000086c00000| Untracked 
| 109|0x0000000086d00000, 0x0000000086d00000, 0x0000000086e00000|  0%| F|  |TAMS 0x0000000086d00000, 0x0000000086d00000| Untracked 
| 110|0x0000000086e00000, 0x0000000086e00000, 0x0000000086f00000|  0%| F|  |TAMS 0x0000000086e00000, 0x0000000086e00000| Untracked 
| 111|0x0000000086f00000, 0x0000000086f00000, 0x0000000087000000|  0%| F|  |TAMS 0x0000000086f00000, 0x0000000086f00000| Untracked 
| 112|0x0000000087000000, 0x0000000087000000, 0x0000000087100000|  0%| F|  |TAMS 0x0000000087000000, 0x0000000087000000| Untracked 
| 113|0x0000000087100000, 0x0000000087100000, 0x0000000087200000|  0%| F|  |TAMS 0x0000000087100000, 0x0000000087100000| Untracked 
| 114|0x0000000087200000, 0x0000000087200000, 0x0000000087300000|  0%| F|  |TAMS 0x0000000087200000, 0x0000000087200000| Untracked 
| 115|0x0000000087300000, 0x0000000087300000, 0x0000000087400000|  0%| F|  |TAMS 0x0000000087300000, 0x0000000087300000| Untracked 
| 116|0x0000000087400000, 0x0000000087400000, 0x0000000087500000|  0%| F|  |TAMS 0x0000000087400000, 0x0000000087400000| Untracked 
| 117|0x0000000087500000, 0x0000000087500000, 0x0000000087600000|  0%| F|  |TAMS 0x0000000087500000, 0x0000000087500000| Untracked 
| 118|0x0000000087600000, 0x0000000087600000, 0x0000000087700000|  0%| F|  |TAMS 0x0000000087600000, 0x0000000087600000| Untracked 
| 119|0x0000000087700000, 0x0000000087700000, 0x0000000087800000|  0%| F|  |TAMS 0x0000000087700000, 0x0000000087700000| Untracked 
| 120|0x0000000087800000, 0x0000000087800000, 0x0000000087900000|  0%| F|  |TAMS 0x0000000087800000, 0x0000000087800000| Untracked 
| 121|0x0000000087900000, 0x0000000087900000, 0x0000000087a00000|  0%| F|  |TAMS 0x0000000087900000, 0x0000000087900000| Untracked 
| 122|0x0000000087a00000, 0x0000000087a00000, 0x0000000087b00000|  0%| F|  |TAMS 0x0000000087a00000, 0x0000000087a00000| Untracked 
| 123|0x0000000087b00000, 0x0000000087b00000, 0x0000000087c00000|  0%| F|  |TAMS 0x0000000087b00000, 0x0000000087b00000| Untracked 
| 124|0x0000000087c00000, 0x0000000087c00000, 0x0000000087d00000|  0%| F|  |TAMS 0x0000000087c00000, 0x0000000087c00000| Untracked 
| 125|0x0000000087d00000, 0x0000000087d00000, 0x0000000087e00000|  0%| F|  |TAMS 0x0000000087d00000, 0x0000000087d00000| Untracked 
| 126|0x0000000087e00000, 0x0000000087e00000, 0x0000000087f00000|  0%| F|  |TAMS 0x0000000087e00000, 0x0000000087e00000| Untracked 
| 127|0x0000000087f00000, 0x0000000087f00000, 0x0000000088000000|  0%| F|  |TAMS 0x0000000087f00000, 0x0000000087f00000| Untracked 
| 128|0x0000000088000000, 0x0000000088000000, 0x0000000088100000|  0%| F|  |TAMS 0x0000000088000000, 0x0000000088000000| Untracked 
| 129|0x0000000088100000, 0x0000000088100000, 0x0000000088200000|  0%| F|  |TAMS 0x0000000088100000, 0x0000000088100000| Untracked 
| 130|0x0000000088200000, 0x0000000088200000, 0x0000000088300000|  0%| F|  |TAMS 0x0000000088200000, 0x0000000088200000| Untracked 
| 131|0x0000000088300000, 0x0000000088300000, 0x0000000088400000|  0%| F|  |TAMS 0x0000000088300000, 0x0000000088300000| Untracked 
| 132|0x0000000088400000, 0x0000000088400000, 0x0000000088500000|  0%| F|  |TAMS 0x0000000088400000, 0x0000000088400000| Untracked 
| 133|0x0000000088500000, 0x0000000088500000, 0x0000000088600000|  0%| F|  |TAMS 0x0000000088500000, 0x0000000088500000| Untracked 
| 134|0x0000000088600000, 0x0000000088600000, 0x0000000088700000|  0%| F|  |TAMS 0x0000000088600000, 0x0000000088600000| Untracked 
| 135|0x0000000088700000, 0x0000000088700000, 0x0000000088800000|  0%| F|  |TAMS 0x0000000088700000, 0x0000000088700000| Untracked 
| 136|0x0000000088800000, 0x0000000088800000, 0x0000000088900000|  0%| F|  |TAMS 0x0000000088800000, 0x0000000088800000| Untracked 
| 137|0x0000000088900000, 0x0000000088900000, 0x0000000088a00000|  0%| F|  |TAMS 0x0000000088900000, 0x0000000088900000| Untracked 
| 138|0x0000000088a00000, 0x0000000088a00000, 0x0000000088b00000|  0%| F|  |TAMS 0x0000000088a00000, 0x0000000088a00000| Untracked 
| 139|0x0000000088b00000, 0x0000000088b00000, 0x0000000088c00000|  0%| F|  |TAMS 0x0000000088b00000, 0x0000000088b00000| Untracked 
| 140|0x0000000088c00000, 0x0000000088c00000, 0x0000000088d00000|  0%| F|  |TAMS 0x0000000088c00000, 0x0000000088c00000| Untracked 
| 141|0x0000000088d00000, 0x0000000088d00000, 0x0000000088e00000|  0%| F|  |TAMS 0x0000000088d00000, 0x0000000088d00000| Untracked 
| 142|0x0000000088e00000, 0x0000000088e00000, 0x0000000088f00000|  0%| F|  |TAMS 0x0000000088e00000, 0x0000000088e00000| Untracked 
| 143|0x0000000088f00000, 0x0000000088f00000, 0x0000000089000000|  0%| F|  |TAMS 0x0000000088f00000, 0x0000000088f00000| Untracked 
| 144|0x0000000089000000, 0x0000000089000000, 0x0000000089100000|  0%| F|  |TAMS 0x0000000089000000, 0x0000000089000000| Untracked 
| 145|0x0000000089100000, 0x0000000089100000, 0x0000000089200000|  0%| F|  |TAMS 0x0000000089100000, 0x0000000089100000| Untracked 
| 146|0x0000000089200000, 0x0000000089200000, 0x0000000089300000|  0%| F|  |TAMS 0x0000000089200000, 0x0000000089200000| Untracked 
| 147|0x0000000089300000, 0x0000000089300000, 0x0000000089400000|  0%| F|  |TAMS 0x0000000089300000, 0x0000000089300000| Untracked 
| 148|0x0000000089400000, 0x0000000089400000, 0x0000000089500000|  0%| F|  |TAMS 0x0000000089400000, 0x0000000089400000| Untracked 
| 149|0x0000000089500000, 0x0000000089500000, 0x0000000089600000|  0%| F|  |TAMS 0x0000000089500000, 0x0000000089500000| Untracked 
| 150|0x0000000089600000, 0x0000000089600000, 0x0000000089700000|  0%| F|  |TAMS 0x0000000089600000, 0x0000000089600000| Untracked 
| 151|0x0000000089700000, 0x0000000089700000, 0x0000000089800000|  0%| F|  |TAMS 0x0000000089700000, 0x0000000089700000| Untracked 
| 152|0x0000000089800000, 0x0000000089800000, 0x0000000089900000|  0%| F|  |TAMS 0x0000000089800000, 0x0000000089800000| Untracked 
| 153|0x0000000089900000, 0x0000000089900000, 0x0000000089a00000|  0%| F|  |TAMS 0x0000000089900000, 0x0000000089900000| Untracked 
| 154|0x0000000089a00000, 0x0000000089a00000, 0x0000000089b00000|  0%| F|  |TAMS 0x0000000089a00000, 0x0000000089a00000| Untracked 
| 155|0x0000000089b00000, 0x0000000089b00000, 0x0000000089c00000|  0%| F|  |TAMS 0x0000000089b00000, 0x0000000089b00000| Untracked 
| 156|0x0000000089c00000, 0x0000000089c00000, 0x0000000089d00000|  0%| F|  |TAMS 0x0000000089c00000, 0x0000000089c00000| Untracked 
| 157|0x0000000089d00000, 0x0000000089d00000, 0x0000000089e00000|  0%| F|  |TAMS 0x0000000089d00000, 0x0000000089d00000| Untracked 
| 158|0x0000000089e00000, 0x0000000089e00000, 0x0000000089f00000|  0%| F|  |TAMS 0x0000000089e00000, 0x0000000089e00000| Untracked 
| 159|0x0000000089f00000, 0x0000000089f00000, 0x000000008a000000|  0%| F|  |TAMS 0x0000000089f00000, 0x0000000089f00000| Untracked 
| 160|0x000000008a000000, 0x000000008a000000, 0x000000008a100000|  0%| F|  |TAMS 0x000000008a000000, 0x000000008a000000| Untracked 
| 161|0x000000008a100000, 0x000000008a100000, 0x000000008a200000|  0%| F|  |TAMS 0x000000008a100000, 0x000000008a100000| Untracked 
| 162|0x000000008a200000, 0x000000008a200000, 0x000000008a300000|  0%| F|  |TAMS 0x000000008a200000, 0x000000008a200000| Untracked 
| 163|0x000000008a300000, 0x000000008a300000, 0x000000008a400000|  0%| F|  |TAMS 0x000000008a300000, 0x000000008a300000| Untracked 
| 164|0x000000008a400000, 0x000000008a400000, 0x000000008a500000|  0%| F|  |TAMS 0x000000008a400000, 0x000000008a400000| Untracked 
| 165|0x000000008a500000, 0x000000008a500000, 0x000000008a600000|  0%| F|  |TAMS 0x000000008a500000, 0x000000008a500000| Untracked 
| 166|0x000000008a600000, 0x000000008a600000, 0x000000008a700000|  0%| F|  |TAMS 0x000000008a600000, 0x000000008a600000| Untracked 
| 167|0x000000008a700000, 0x000000008a700000, 0x000000008a800000|  0%| F|  |TAMS 0x000000008a700000, 0x000000008a700000| Untracked 
| 168|0x000000008a800000, 0x000000008a800000, 0x000000008a900000|  0%| F|  |TAMS 0x000000008a800000, 0x000000008a800000| Untracked 
| 169|0x000000008a900000, 0x000000008a900000, 0x000000008aa00000|  0%| F|  |TAMS 0x000000008a900000, 0x000000008a900000| Untracked 
| 170|0x000000008aa00000, 0x000000008aa00000, 0x000000008ab00000|  0%| F|  |TAMS 0x000000008aa00000, 0x000000008aa00000| Untracked 
| 171|0x000000008ab00000, 0x000000008ab00000, 0x000000008ac00000|  0%| F|  |TAMS 0x000000008ab00000, 0x000000008ab00000| Untracked 
| 172|0x000000008ac00000, 0x000000008ac00000, 0x000000008ad00000|  0%| F|  |TAMS 0x000000008ac00000, 0x000000008ac00000| Untracked 
| 173|0x000000008ad00000, 0x000000008ad00000, 0x000000008ae00000|  0%| F|  |TAMS 0x000000008ad00000, 0x000000008ad00000| Untracked 
| 174|0x000000008ae00000, 0x000000008ae00000, 0x000000008af00000|  0%| F|  |TAMS 0x000000008ae00000, 0x000000008ae00000| Untracked 
| 175|0x000000008af00000, 0x000000008af00000, 0x000000008b000000|  0%| F|  |TAMS 0x000000008af00000, 0x000000008af00000| Untracked 
| 176|0x000000008b000000, 0x000000008b000000, 0x000000008b100000|  0%| F|  |TAMS 0x000000008b000000, 0x000000008b000000| Untracked 
| 177|0x000000008b100000, 0x000000008b100000, 0x000000008b200000|  0%| F|  |TAMS 0x000000008b100000, 0x000000008b100000| Untracked 
| 178|0x000000008b200000, 0x000000008b200000, 0x000000008b300000|  0%| F|  |TAMS 0x000000008b200000, 0x000000008b200000| Untracked 
| 179|0x000000008b300000, 0x000000008b300000, 0x000000008b400000|  0%| F|  |TAMS 0x000000008b300000, 0x000000008b300000| Untracked 
| 180|0x000000008b400000, 0x000000008b400000, 0x000000008b500000|  0%| F|  |TAMS 0x000000008b400000, 0x000000008b400000| Untracked 
| 181|0x000000008b500000, 0x000000008b500000, 0x000000008b600000|  0%| F|  |TAMS 0x000000008b500000, 0x000000008b500000| Untracked 
| 182|0x000000008b600000, 0x000000008b600000, 0x000000008b700000|  0%| F|  |TAMS 0x000000008b600000, 0x000000008b600000| Untracked 
| 183|0x000000008b700000, 0x000000008b700000, 0x000000008b800000|  0%| F|  |TAMS 0x000000008b700000, 0x000000008b700000| Untracked 
| 184|0x000000008b800000, 0x000000008b800000, 0x000000008b900000|  0%| F|  |TAMS 0x000000008b800000, 0x000000008b800000| Untracked 
| 185|0x000000008b900000, 0x000000008b900000, 0x000000008ba00000|  0%| F|  |TAMS 0x000000008b900000, 0x000000008b900000| Untracked 
| 186|0x000000008ba00000, 0x000000008ba00000, 0x000000008bb00000|  0%| F|  |TAMS 0x000000008ba00000, 0x000000008ba00000| Untracked 
| 187|0x000000008bb00000, 0x000000008bb00000, 0x000000008bc00000|  0%| F|  |TAMS 0x000000008bb00000, 0x000000008bb00000| Untracked 
| 188|0x000000008bc00000, 0x000000008bc00000, 0x000000008bd00000|  0%| F|  |TAMS 0x000000008bc00000, 0x000000008bc00000| Untracked 
| 189|0x000000008bd00000, 0x000000008bd00000, 0x000000008be00000|  0%| F|  |TAMS 0x000000008bd00000, 0x000000008bd00000| Untracked 
| 190|0x000000008be00000, 0x000000008be00000, 0x000000008bf00000|  0%| F|  |TAMS 0x000000008be00000, 0x000000008be00000| Untracked 
| 191|0x000000008bf00000, 0x000000008bf00000, 0x000000008c000000|  0%| F|  |TAMS 0x000000008bf00000, 0x000000008bf00000| Untracked 
| 192|0x000000008c000000, 0x000000008c000000, 0x000000008c100000|  0%| F|  |TAMS 0x000000008c000000, 0x000000008c000000| Untracked 
| 193|0x000000008c100000, 0x000000008c100000, 0x000000008c200000|  0%| F|  |TAMS 0x000000008c100000, 0x000000008c100000| Untracked 
| 194|0x000000008c200000, 0x000000008c200000, 0x000000008c300000|  0%| F|  |TAMS 0x000000008c200000, 0x000000008c200000| Untracked 
| 195|0x000000008c300000, 0x000000008c300000, 0x000000008c400000|  0%| F|  |TAMS 0x000000008c300000, 0x000000008c300000| Untracked 
| 196|0x000000008c400000, 0x000000008c400000, 0x000000008c500000|  0%| F|  |TAMS 0x000000008c400000, 0x000000008c400000| Untracked 
| 197|0x000000008c500000, 0x000000008c500000, 0x000000008c600000|  0%| F|  |TAMS 0x000000008c500000, 0x000000008c500000| Untracked 
| 198|0x000000008c600000, 0x000000008c600000, 0x000000008c700000|  0%| F|  |TAMS 0x000000008c600000, 0x000000008c600000| Untracked 
| 199|0x000000008c700000, 0x000000008c700000, 0x000000008c800000|  0%| F|  |TAMS 0x000000008c700000, 0x000000008c700000| Untracked 
| 200|0x000000008c800000, 0x000000008c800000, 0x000000008c900000|  0%| F|  |TAMS 0x000000008c800000, 0x000000008c800000| Untracked 
| 201|0x000000008c900000, 0x000000008c900000, 0x000000008ca00000|  0%| F|  |TAMS 0x000000008c900000, 0x000000008c900000| Untracked 
| 202|0x000000008ca00000, 0x000000008ca00000, 0x000000008cb00000|  0%| F|  |TAMS 0x000000008ca00000, 0x000000008ca00000| Untracked 
| 203|0x000000008cb00000, 0x000000008cb00000, 0x000000008cc00000|  0%| F|  |TAMS 0x000000008cb00000, 0x000000008cb00000| Untracked 
| 204|0x000000008cc00000, 0x000000008cc00000, 0x000000008cd00000|  0%| F|  |TAMS 0x000000008cc00000, 0x000000008cc00000| Untracked 
| 205|0x000000008cd00000, 0x000000008cd4a660, 0x000000008ce00000| 29%| S|CS|TAMS 0x000000008cd00000, 0x000000008cd00000| Complete 
| 206|0x000000008ce00000, 0x000000008cf00000, 0x000000008cf00000|100%| S|CS|TAMS 0x000000008ce00000, 0x000000008ce00000| Complete 
| 207|0x000000008cf00000, 0x000000008d000000, 0x000000008d000000|100%| S|CS|TAMS 0x000000008cf00000, 0x000000008cf00000| Complete 
| 208|0x000000008d000000, 0x000000008d100000, 0x000000008d100000|100%| S|CS|TAMS 0x000000008d000000, 0x000000008d000000| Complete 
| 209|0x000000008d100000, 0x000000008d200000, 0x000000008d200000|100%| S|CS|TAMS 0x000000008d100000, 0x000000008d100000| Complete 
| 210|0x000000008d200000, 0x000000008d300000, 0x000000008d300000|100%| S|CS|TAMS 0x000000008d200000, 0x000000008d200000| Complete 
| 211|0x000000008d300000, 0x000000008d400000, 0x000000008d400000|100%| S|CS|TAMS 0x000000008d300000, 0x000000008d300000| Complete 
| 212|0x000000008d400000, 0x000000008d500000, 0x000000008d500000|100%| S|CS|TAMS 0x000000008d400000, 0x000000008d400000| Complete 
| 213|0x000000008d500000, 0x000000008d600000, 0x000000008d600000|100%| S|CS|TAMS 0x000000008d500000, 0x000000008d500000| Complete 
| 214|0x000000008d600000, 0x000000008d700000, 0x000000008d700000|100%| S|CS|TAMS 0x000000008d600000, 0x000000008d600000| Complete 
| 215|0x000000008d700000, 0x000000008d800000, 0x000000008d800000|100%| S|CS|TAMS 0x000000008d700000, 0x000000008d700000| Complete 
| 216|0x000000008d800000, 0x000000008d800000, 0x000000008d900000|  0%| F|  |TAMS 0x000000008d800000, 0x000000008d800000| Untracked 
| 217|0x000000008d900000, 0x000000008d900000, 0x000000008da00000|  0%| F|  |TAMS 0x000000008d900000, 0x000000008d900000| Untracked 
| 218|0x000000008da00000, 0x000000008da00000, 0x000000008db00000|  0%| F|  |TAMS 0x000000008da00000, 0x000000008da00000| Untracked 
| 219|0x000000008db00000, 0x000000008db00000, 0x000000008dc00000|  0%| F|  |TAMS 0x000000008db00000, 0x000000008db00000| Untracked 
| 220|0x000000008dc00000, 0x000000008dc00000, 0x000000008dd00000|  0%| F|  |TAMS 0x000000008dc00000, 0x000000008dc00000| Untracked 
| 221|0x000000008dd00000, 0x000000008dd00000, 0x000000008de00000|  0%| F|  |TAMS 0x000000008dd00000, 0x000000008dd00000| Untracked 
| 222|0x000000008de00000, 0x000000008de00000, 0x000000008df00000|  0%| F|  |TAMS 0x000000008de00000, 0x000000008de00000| Untracked 
| 223|0x000000008df00000, 0x000000008df00000, 0x000000008e000000|  0%| F|  |TAMS 0x000000008df00000, 0x000000008df00000| Untracked 
| 224|0x000000008e000000, 0x000000008e000000, 0x000000008e100000|  0%| F|  |TAMS 0x000000008e000000, 0x000000008e000000| Untracked 
| 225|0x000000008e100000, 0x000000008e100000, 0x000000008e200000|  0%| F|  |TAMS 0x000000008e100000, 0x000000008e100000| Untracked 
| 226|0x000000008e200000, 0x000000008e200000, 0x000000008e300000|  0%| F|  |TAMS 0x000000008e200000, 0x000000008e200000| Untracked 
| 227|0x000000008e300000, 0x000000008e300000, 0x000000008e400000|  0%| F|  |TAMS 0x000000008e300000, 0x000000008e300000| Untracked 
| 228|0x000000008e400000, 0x000000008e400000, 0x000000008e500000|  0%| F|  |TAMS 0x000000008e400000, 0x000000008e400000| Untracked 
| 229|0x000000008e500000, 0x000000008e500000, 0x000000008e600000|  0%| F|  |TAMS 0x000000008e500000, 0x000000008e500000| Untracked 
| 230|0x000000008e600000, 0x000000008e600000, 0x000000008e700000|  0%| F|  |TAMS 0x000000008e600000, 0x000000008e600000| Untracked 
| 231|0x000000008e700000, 0x000000008e700000, 0x000000008e800000|  0%| F|  |TAMS 0x000000008e700000, 0x000000008e700000| Untracked 
| 232|0x000000008e800000, 0x000000008e800000, 0x000000008e900000|  0%| F|  |TAMS 0x000000008e800000, 0x000000008e800000| Untracked 
| 233|0x000000008e900000, 0x000000008e900000, 0x000000008ea00000|  0%| F|  |TAMS 0x000000008e900000, 0x000000008e900000| Untracked 
| 234|0x000000008ea00000, 0x000000008ea00000, 0x000000008eb00000|  0%| F|  |TAMS 0x000000008ea00000, 0x000000008ea00000| Untracked 
| 235|0x000000008eb00000, 0x000000008eb00000, 0x000000008ec00000|  0%| F|  |TAMS 0x000000008eb00000, 0x000000008eb00000| Untracked 
| 236|0x000000008ec00000, 0x000000008ec00000, 0x000000008ed00000|  0%| F|  |TAMS 0x000000008ec00000, 0x000000008ec00000| Untracked 
| 237|0x000000008ed00000, 0x000000008ed00000, 0x000000008ee00000|  0%| F|  |TAMS 0x000000008ed00000, 0x000000008ed00000| Untracked 
| 238|0x000000008ee00000, 0x000000008ee00000, 0x000000008ef00000|  0%| F|  |TAMS 0x000000008ee00000, 0x000000008ee00000| Untracked 
| 239|0x000000008ef00000, 0x000000008ef00000, 0x000000008f000000|  0%| F|  |TAMS 0x000000008ef00000, 0x000000008ef00000| Untracked 
| 240|0x000000008f000000, 0x000000008f000000, 0x000000008f100000|  0%| F|  |TAMS 0x000000008f000000, 0x000000008f000000| Untracked 
| 241|0x000000008f100000, 0x000000008f100000, 0x000000008f200000|  0%| F|  |TAMS 0x000000008f100000, 0x000000008f100000| Untracked 
| 242|0x000000008f200000, 0x000000008f200000, 0x000000008f300000|  0%| F|  |TAMS 0x000000008f200000, 0x000000008f200000| Untracked 
| 243|0x000000008f300000, 0x000000008f300000, 0x000000008f400000|  0%| F|  |TAMS 0x000000008f300000, 0x000000008f300000| Untracked 
| 244|0x000000008f400000, 0x000000008f400000, 0x000000008f500000|  0%| F|  |TAMS 0x000000008f400000, 0x000000008f400000| Untracked 
| 245|0x000000008f500000, 0x000000008f500000, 0x000000008f600000|  0%| F|  |TAMS 0x000000008f500000, 0x000000008f500000| Untracked 
| 246|0x000000008f600000, 0x000000008f600000, 0x000000008f700000|  0%| F|  |TAMS 0x000000008f600000, 0x000000008f600000| Untracked 
| 247|0x000000008f700000, 0x000000008f700000, 0x000000008f800000|  0%| F|  |TAMS 0x000000008f700000, 0x000000008f700000| Untracked 
| 248|0x000000008f800000, 0x000000008f800000, 0x000000008f900000|  0%| F|  |TAMS 0x000000008f800000, 0x000000008f800000| Untracked 
| 249|0x000000008f900000, 0x000000008f900000, 0x000000008fa00000|  0%| F|  |TAMS 0x000000008f900000, 0x000000008f900000| Untracked 
| 250|0x000000008fa00000, 0x000000008fa00000, 0x000000008fb00000|  0%| F|  |TAMS 0x000000008fa00000, 0x000000008fa00000| Untracked 
| 251|0x000000008fb00000, 0x000000008fb00000, 0x000000008fc00000|  0%| F|  |TAMS 0x000000008fb00000, 0x000000008fb00000| Untracked 
| 252|0x000000008fc00000, 0x000000008fc00000, 0x000000008fd00000|  0%| F|  |TAMS 0x000000008fc00000, 0x000000008fc00000| Untracked 
| 253|0x000000008fd00000, 0x000000008fd00000, 0x000000008fe00000|  0%| F|  |TAMS 0x000000008fd00000, 0x000000008fd00000| Untracked 
| 254|0x000000008fe00000, 0x000000008fe00000, 0x000000008ff00000|  0%| F|  |TAMS 0x000000008fe00000, 0x000000008fe00000| Untracked 
| 255|0x000000008ff00000, 0x000000008ff00000, 0x0000000090000000|  0%| F|  |TAMS 0x000000008ff00000, 0x000000008ff00000| Untracked 
| 256|0x0000000090000000, 0x0000000090000000, 0x0000000090100000|  0%| F|  |TAMS 0x0000000090000000, 0x0000000090000000| Untracked 
| 257|0x0000000090100000, 0x0000000090100000, 0x0000000090200000|  0%| F|  |TAMS 0x0000000090100000, 0x0000000090100000| Untracked 
| 258|0x0000000090200000, 0x0000000090200000, 0x0000000090300000|  0%| F|  |TAMS 0x0000000090200000, 0x0000000090200000| Untracked 
| 259|0x0000000090300000, 0x0000000090300000, 0x0000000090400000|  0%| F|  |TAMS 0x0000000090300000, 0x0000000090300000| Untracked 
| 260|0x0000000090400000, 0x0000000090400000, 0x0000000090500000|  0%| F|  |TAMS 0x0000000090400000, 0x0000000090400000| Untracked 
| 261|0x0000000090500000, 0x0000000090500000, 0x0000000090600000|  0%| F|  |TAMS 0x0000000090500000, 0x0000000090500000| Untracked 
| 262|0x0000000090600000, 0x0000000090600000, 0x0000000090700000|  0%| F|  |TAMS 0x0000000090600000, 0x0000000090600000| Untracked 
| 263|0x0000000090700000, 0x0000000090700000, 0x0000000090800000|  0%| F|  |TAMS 0x0000000090700000, 0x0000000090700000| Untracked 
| 264|0x0000000090800000, 0x0000000090800000, 0x0000000090900000|  0%| F|  |TAMS 0x0000000090800000, 0x0000000090800000| Untracked 
| 265|0x0000000090900000, 0x0000000090900000, 0x0000000090a00000|  0%| F|  |TAMS 0x0000000090900000, 0x0000000090900000| Untracked 
| 266|0x0000000090a00000, 0x0000000090a00000, 0x0000000090b00000|  0%| F|  |TAMS 0x0000000090a00000, 0x0000000090a00000| Untracked 
| 267|0x0000000090b00000, 0x0000000090b00000, 0x0000000090c00000|  0%| F|  |TAMS 0x0000000090b00000, 0x0000000090b00000| Untracked 
| 268|0x0000000090c00000, 0x0000000090c00000, 0x0000000090d00000|  0%| F|  |TAMS 0x0000000090c00000, 0x0000000090c00000| Untracked 
| 269|0x0000000090d00000, 0x0000000090d00000, 0x0000000090e00000|  0%| F|  |TAMS 0x0000000090d00000, 0x0000000090d00000| Untracked 
| 270|0x0000000090e00000, 0x0000000090e00000, 0x0000000090f00000|  0%| F|  |TAMS 0x0000000090e00000, 0x0000000090e00000| Untracked 
| 271|0x0000000090f00000, 0x0000000090f00000, 0x0000000091000000|  0%| F|  |TAMS 0x0000000090f00000, 0x0000000090f00000| Untracked 
| 272|0x0000000091000000, 0x0000000091000000, 0x0000000091100000|  0%| F|  |TAMS 0x0000000091000000, 0x0000000091000000| Untracked 
| 273|0x0000000091100000, 0x0000000091100000, 0x0000000091200000|  0%| F|  |TAMS 0x0000000091100000, 0x0000000091100000| Untracked 
| 274|0x0000000091200000, 0x0000000091200000, 0x0000000091300000|  0%| F|  |TAMS 0x0000000091200000, 0x0000000091200000| Untracked 
| 275|0x0000000091300000, 0x0000000091300000, 0x0000000091400000|  0%| F|  |TAMS 0x0000000091300000, 0x0000000091300000| Untracked 
| 276|0x0000000091400000, 0x0000000091400000, 0x0000000091500000|  0%| F|  |TAMS 0x0000000091400000, 0x0000000091400000| Untracked 
| 277|0x0000000091500000, 0x0000000091500000, 0x0000000091600000|  0%| F|  |TAMS 0x0000000091500000, 0x0000000091500000| Untracked 
| 278|0x0000000091600000, 0x0000000091600000, 0x0000000091700000|  0%| F|  |TAMS 0x0000000091600000, 0x0000000091600000| Untracked 
| 279|0x0000000091700000, 0x0000000091700000, 0x0000000091800000|  0%| F|  |TAMS 0x0000000091700000, 0x0000000091700000| Untracked 
| 280|0x0000000091800000, 0x00000000918e3470, 0x0000000091900000| 88%| E|  |TAMS 0x0000000091800000, 0x0000000091800000| Complete 
| 281|0x0000000091900000, 0x0000000091a00000, 0x0000000091a00000|100%| E|CS|TAMS 0x0000000091900000, 0x0000000091900000| Complete 
| 282|0x0000000091a00000, 0x0000000091b00000, 0x0000000091b00000|100%| E|CS|TAMS 0x0000000091a00000, 0x0000000091a00000| Complete 
| 283|0x0000000091b00000, 0x0000000091c00000, 0x0000000091c00000|100%| E|CS|TAMS 0x0000000091b00000, 0x0000000091b00000| Complete 
| 284|0x0000000091c00000, 0x0000000091d00000, 0x0000000091d00000|100%| E|CS|TAMS 0x0000000091c00000, 0x0000000091c00000| Complete 
| 285|0x0000000091d00000, 0x0000000091e00000, 0x0000000091e00000|100%| E|CS|TAMS 0x0000000091d00000, 0x0000000091d00000| Complete 
| 286|0x0000000091e00000, 0x0000000091f00000, 0x0000000091f00000|100%| E|CS|TAMS 0x0000000091e00000, 0x0000000091e00000| Complete 
| 287|0x0000000091f00000, 0x0000000092000000, 0x0000000092000000|100%| E|CS|TAMS 0x0000000091f00000, 0x0000000091f00000| Complete 
| 288|0x0000000092000000, 0x0000000092100000, 0x0000000092100000|100%| E|CS|TAMS 0x0000000092000000, 0x0000000092000000| Complete 
| 289|0x0000000092100000, 0x0000000092200000, 0x0000000092200000|100%| E|CS|TAMS 0x0000000092100000, 0x0000000092100000| Complete 
| 290|0x0000000092200000, 0x0000000092300000, 0x0000000092300000|100%| E|CS|TAMS 0x0000000092200000, 0x0000000092200000| Complete 
| 291|0x0000000092300000, 0x0000000092400000, 0x0000000092400000|100%| E|CS|TAMS 0x0000000092300000, 0x0000000092300000| Complete 
| 292|0x0000000092400000, 0x0000000092500000, 0x0000000092500000|100%| E|CS|TAMS 0x0000000092400000, 0x0000000092400000| Complete 
| 293|0x0000000092500000, 0x0000000092600000, 0x0000000092600000|100%| E|CS|TAMS 0x0000000092500000, 0x0000000092500000| Complete 
| 294|0x0000000092600000, 0x0000000092700000, 0x0000000092700000|100%| E|CS|TAMS 0x0000000092600000, 0x0000000092600000| Complete 
| 295|0x0000000092700000, 0x0000000092800000, 0x0000000092800000|100%| E|CS|TAMS 0x0000000092700000, 0x0000000092700000| Complete 
| 296|0x0000000092800000, 0x0000000092900000, 0x0000000092900000|100%| E|CS|TAMS 0x0000000092800000, 0x0000000092800000| Complete 
| 297|0x0000000092900000, 0x0000000092a00000, 0x0000000092a00000|100%| E|CS|TAMS 0x0000000092900000, 0x0000000092900000| Complete 
| 298|0x0000000092a00000, 0x0000000092b00000, 0x0000000092b00000|100%| E|CS|TAMS 0x0000000092a00000, 0x0000000092a00000| Complete 
| 299|0x0000000092b00000, 0x0000000092c00000, 0x0000000092c00000|100%| E|CS|TAMS 0x0000000092b00000, 0x0000000092b00000| Complete 
| 300|0x0000000092c00000, 0x0000000092d00000, 0x0000000092d00000|100%| E|CS|TAMS 0x0000000092c00000, 0x0000000092c00000| Complete 
| 301|0x0000000092d00000, 0x0000000092e00000, 0x0000000092e00000|100%| E|CS|TAMS 0x0000000092d00000, 0x0000000092d00000| Complete 
| 302|0x0000000092e00000, 0x0000000092f00000, 0x0000000092f00000|100%| E|CS|TAMS 0x0000000092e00000, 0x0000000092e00000| Complete 
| 303|0x0000000092f00000, 0x0000000093000000, 0x0000000093000000|100%| E|CS|TAMS 0x0000000092f00000, 0x0000000092f00000| Complete 
| 304|0x0000000093000000, 0x0000000093100000, 0x0000000093100000|100%| E|CS|TAMS 0x0000000093000000, 0x0000000093000000| Complete 
| 305|0x0000000093100000, 0x0000000093200000, 0x0000000093200000|100%| E|CS|TAMS 0x0000000093100000, 0x0000000093100000| Complete 
| 306|0x0000000093200000, 0x0000000093300000, 0x0000000093300000|100%| E|CS|TAMS 0x0000000093200000, 0x0000000093200000| Complete 
| 307|0x0000000093300000, 0x0000000093400000, 0x0000000093400000|100%| E|CS|TAMS 0x0000000093300000, 0x0000000093300000| Complete 
| 308|0x0000000093400000, 0x0000000093500000, 0x0000000093500000|100%| E|CS|TAMS 0x0000000093400000, 0x0000000093400000| Complete 
| 309|0x0000000093500000, 0x0000000093600000, 0x0000000093600000|100%| E|CS|TAMS 0x0000000093500000, 0x0000000093500000| Complete 
| 310|0x0000000093600000, 0x0000000093700000, 0x0000000093700000|100%| E|CS|TAMS 0x0000000093600000, 0x0000000093600000| Complete 
| 311|0x0000000093700000, 0x0000000093800000, 0x0000000093800000|100%| E|CS|TAMS 0x0000000093700000, 0x0000000093700000| Complete 
| 312|0x0000000093800000, 0x0000000093900000, 0x0000000093900000|100%| E|CS|TAMS 0x0000000093800000, 0x0000000093800000| Complete 
| 313|0x0000000093900000, 0x0000000093a00000, 0x0000000093a00000|100%| E|CS|TAMS 0x0000000093900000, 0x0000000093900000| Complete 
| 314|0x0000000093a00000, 0x0000000093b00000, 0x0000000093b00000|100%| E|CS|TAMS 0x0000000093a00000, 0x0000000093a00000| Complete 
| 315|0x0000000093b00000, 0x0000000093c00000, 0x0000000093c00000|100%| E|CS|TAMS 0x0000000093b00000, 0x0000000093b00000| Complete 
| 316|0x0000000093c00000, 0x0000000093d00000, 0x0000000093d00000|100%| E|CS|TAMS 0x0000000093c00000, 0x0000000093c00000| Complete 
| 317|0x0000000093d00000, 0x0000000093e00000, 0x0000000093e00000|100%| E|CS|TAMS 0x0000000093d00000, 0x0000000093d00000| Complete 
| 318|0x0000000093e00000, 0x0000000093f00000, 0x0000000093f00000|100%| E|CS|TAMS 0x0000000093e00000, 0x0000000093e00000| Complete 
| 319|0x0000000093f00000, 0x0000000094000000, 0x0000000094000000|100%| E|CS|TAMS 0x0000000093f00000, 0x0000000093f00000| Complete 

Card table byte_map: [0x000001c2e8140000,0x000001c2e8540000] _byte_map_base: 0x000001c2e7d40000

Marking Bits (Prev, Next): (CMBitMap*) 0x000001c2d4f31480, (CMBitMap*) 0x000001c2d4f31448
 Prev Bits: [0x000001c2ea940000, 0x000001c2ec940000)
 Next Bits: [0x000001c2e8940000, 0x000001c2ea940000)

Polling page: 0x000001c2d2e30000

Metaspace:

Usage:
  Non-class:     21.35 MB capacity,    21.03 MB ( 99%) used,   281.88 KB (  1%) free+waste,    44.94 KB ( <1%) overhead. 
      Class:      3.26 MB capacity,     3.07 MB ( 94%) used,   170.34 KB (  5%) free+waste,    22.31 KB ( <1%) overhead. 
       Both:     24.60 MB capacity,    24.10 MB ( 98%) used,   452.23 KB (  2%) free+waste,    67.25 KB ( <1%) overhead. 

Virtual space:
  Non-class space:       22.00 MB reserved,      21.50 MB ( 98%) committed 
      Class space:        1.00 GB reserved,       3.38 MB ( <1%) committed 
             Both:        1.02 GB reserved,      24.88 MB (  2%) committed 

Chunk freelists:
   Non-Class:  28.00 KB
       Class:  26.00 KB
        Both:  54.00 KB

MaxMetaspaceSize: 17179869184.00 GB
CompressedClassSpaceSize: 1.00 GB
Initial GC threshold: 20.80 MB
Current GC threshold: 35.00 MB
CDS: off

CodeHeap 'non-profiled nmethods': size=120000Kb used=1143Kb max_used=1143Kb free=118856Kb
 bounds [0x000001c2e04e0000, 0x000001c2e0750000, 0x000001c2e7a10000]
CodeHeap 'profiled nmethods': size=120000Kb used=4471Kb max_used=4471Kb free=115529Kb
 bounds [0x000001c2d8fb0000, 0x000001c2d9410000, 0x000001c2e04e0000]
CodeHeap 'non-nmethods': size=5760Kb used=1218Kb max_used=1248Kb free=4541Kb
 bounds [0x000001c2d8a10000, 0x000001c2d8c80000, 0x000001c2d8fb0000]
 total_blobs=2619 nmethods=2124 adapters=407
 compilation: enabled
              stopped_count=0, restarted_count=0
 full_count=0

Compilation events (20 events):
Event: 5.871 Thread 0x000001c2efcb0800 2122       3       java.util.concurrent.ConcurrentHashMap::<init> (9 bytes)
Event: 5.871 Thread 0x000001c2efcb0800 nmethod 2122 0x000001c2d9409410 code [0x000001c2d94095e0, 0x000001c2d9409728]
Event: 5.872 Thread 0x000001c2efcaa000 nmethod 2120 0x000001c2e05fbb90 code [0x000001c2e05fbd40, 0x000001c2e05fc7f8]
Event: 5.872 Thread 0x000001c2efcaa000 2121   !   4       jdk.internal.ref.PhantomCleanable::insert (53 bytes)
Event: 5.884 Thread 0x000001c2efcaa000 nmethod 2121 0x000001c2e05fce10 code [0x000001c2e05fcfa0, 0x000001c2e05fd518]
Event: 5.911 Thread 0x000001c2efcb0800 2124       3       java.util.concurrent.locks.ReentrantLock::unlock (10 bytes)
Event: 5.912 Thread 0x000001c2efcb0800 nmethod 2124 0x000001c2d9409810 code [0x000001c2d94099e0, 0x000001c2d9409d18]
Event: 5.930 Thread 0x000001c2efcb0800 2125       3       org.gradle.internal.service.DefaultServiceRegistry$ParentServices::getService (11 bytes)
Event: 5.930 Thread 0x000001c2efcb0800 nmethod 2125 0x000001c2d9409e90 code [0x000001c2d940a040, 0x000001c2d940a208]
Event: 5.935 Thread 0x000001c2efcb0800 2126       3       jdk.internal.jimage.ImageStringsReader::hashCode (8 bytes)
Event: 5.935 Thread 0x000001c2efcb0800 nmethod 2126 0x000001c2d940a310 code [0x000001c2d940a500, 0x000001c2d940a718]
Event: 5.935 Thread 0x000001c2efcb0800 2127  s    3       jdk.internal.jimage.BasicImageReader::findLocation (115 bytes)
Event: 5.937 Thread 0x000001c2efcb0800 nmethod 2127 0x000001c2d940a890 code [0x000001c2d940abc0, 0x000001c2d940bd38]
Event: 5.937 Thread 0x000001c2efcb0800 2128       3       java.net.URLConnection::<init> (62 bytes)
Event: 5.938 Thread 0x000001c2efcb0800 nmethod 2128 0x000001c2d940c310 code [0x000001c2d940c540, 0x000001c2d940cc08]
Event: 5.938 Thread 0x000001c2efcb0800 2130       3       java.io.Reader::<init> (27 bytes)
Event: 5.939 Thread 0x000001c2efcb0800 nmethod 2130 0x000001c2d940ce10 code [0x000001c2d940cfe0, 0x000001c2d940d2c8]
Event: 5.939 Thread 0x000001c2efcb0800 2129       3       java.net.URLConnection::getDefaultUseCaches (30 bytes)
Event: 5.939 Thread 0x000001c2efcaa000 2131       4       java.util.Collections$SetFromMap::remove (19 bytes)
Event: 5.939 Thread 0x000001c2efcb0800 nmethod 2129 0x000001c2d940d410 code [0x000001c2d940d620, 0x000001c2d940daa8]

GC Heap History (4 events):
Event: 1.102 GC heap before
{Heap before GC invocations=0 (full 0):
 garbage-first heap   total 327680K, used 29696K [0x0000000080000000, 0x0000000100000000)
  region size 1024K, 24 young (24576K), 0 survivors (0K)
 Metaspace       used 9766K, capacity 9956K, committed 10112K, reserved 1058816K
  class space    used 1000K, capacity 1069K, committed 1152K, reserved 1048576K
}
Event: 1.108 GC heap after
{Heap after GC invocations=1 (full 0):
 garbage-first heap   total 327680K, used 9496K [0x0000000080000000, 0x0000000100000000)
  region size 1024K, 3 young (3072K), 3 survivors (3072K)
 Metaspace       used 9766K, capacity 9956K, committed 10112K, reserved 1058816K
  class space    used 1000K, capacity 1069K, committed 1152K, reserved 1048576K
}
Event: 5.081 GC heap before
{Heap before GC invocations=1 (full 0):
 garbage-first heap   total 327680K, used 111896K [0x0000000080000000, 0x0000000100000000)
  region size 1024K, 104 young (106496K), 3 survivors (3072K)
 Metaspace       used 20732K, capacity 21120K, committed 21248K, reserved 1067008K
  class space    used 2513K, capacity 2695K, committed 2816K, reserved 1048576K
}
Event: 5.094 GC heap after
{Heap after GC invocations=2 (full 0):
 garbage-first heap   total 327680K, used 16961K [0x0000000080000000, 0x0000000100000000)
  region size 1024K, 11 young (11264K), 11 survivors (11264K)
 Metaspace       used 20732K, capacity 21120K, committed 21248K, reserved 1067008K
  class space    used 2513K, capacity 2695K, committed 2816K, reserved 1048576K
}

Deoptimization events (20 events):
Event: 5.126 Thread 0x000001c2f0663000 Uncommon trap: trap_request=0xffffffc6 fr.pc=0x000001c2e05625c0 relative=0x0000000000000100
Event: 5.126 Thread 0x000001c2f0663000 Uncommon trap: reason=bimorphic_or_optimized_type_check action=maybe_recompile pc=0x000001c2e05625c0 method=java.util.AbstractList$Itr.next()Ljava/lang/Object; @ 14 c2
Event: 5.126 Thread 0x000001c2f0663000 DEOPT PACKING pc=0x000001c2e05625c0 sp=0x000000935d5fa950
Event: 5.126 Thread 0x000001c2f0663000 DEOPT UNPACKING pc=0x000001c2d8a5a1af sp=0x000000935d5fa8e8 mode 2
Event: 5.127 Thread 0x000001c2f0663000 Uncommon trap: trap_request=0xffffff4d fr.pc=0x000001c2e055d704 relative=0x00000000000005c4
Event: 5.127 Thread 0x000001c2f0663000 Uncommon trap: reason=unstable_if action=reinterpret pc=0x000001c2e055d704 method=java.io.File.getName()Ljava/lang/String; @ 16 c2
Event: 5.127 Thread 0x000001c2f0663000 DEOPT PACKING pc=0x000001c2e055d704 sp=0x000000935d5fb330
Event: 5.127 Thread 0x000001c2f0663000 DEOPT UNPACKING pc=0x000001c2d8a5a1af sp=0x000000935d5fb300 mode 2
Event: 5.127 Thread 0x000001c2f0663000 Uncommon trap: trap_request=0xffffff4d fr.pc=0x000001c2e055bc34 relative=0x0000000000000474
Event: 5.127 Thread 0x000001c2f0663000 Uncommon trap: reason=unstable_if action=reinterpret pc=0x000001c2e055bc34 method=java.lang.String.substring(I)Ljava/lang/String; @ 34 c2
Event: 5.127 Thread 0x000001c2f0663000 DEOPT PACKING pc=0x000001c2e055bc34 sp=0x000000935d5fb2b0
Event: 5.127 Thread 0x000001c2f0663000 DEOPT UNPACKING pc=0x000001c2d8a5a1af sp=0x000000935d5fb288 mode 2
Event: 5.340 Thread 0x000001c2f0663000 Uncommon trap: trap_request=0xffffff4d fr.pc=0x000001c2e05e1618 relative=0x0000000000000398
Event: 5.340 Thread 0x000001c2f0663000 Uncommon trap: reason=unstable_if action=reinterpret pc=0x000001c2e05e1618 method=jdk.internal.org.objectweb.asm.Type.getArgumentsAndReturnSizes(Ljava/lang/String;)I @ 88 c2
Event: 5.340 Thread 0x000001c2f0663000 DEOPT PACKING pc=0x000001c2e05e1618 sp=0x000000935d5f9880
Event: 5.340 Thread 0x000001c2f0663000 DEOPT UNPACKING pc=0x000001c2d8a5a1af sp=0x000000935d5f9808 mode 2
Event: 5.758 Thread 0x000001c2f0663000 Uncommon trap: trap_request=0xffffff4d fr.pc=0x000001c2e053557c relative=0x000000000000023c
Event: 5.758 Thread 0x000001c2f0663000 Uncommon trap: reason=unstable_if action=reinterpret pc=0x000001c2e053557c method=java.util.concurrent.ConcurrentHashMap.get(Ljava/lang/Object;)Ljava/lang/Object; @ 76 c2
Event: 5.758 Thread 0x000001c2f0663000 DEOPT PACKING pc=0x000001c2e053557c sp=0x000000935d5f8910
Event: 5.758 Thread 0x000001c2f0663000 DEOPT UNPACKING pc=0x000001c2d8a5a1af sp=0x000000935d5f8878 mode 2

Classes redefined (0 events):
No events

Internal exceptions (20 events):
Event: 4.549 Thread 0x000001c2f188a000 Exception <a 'java/lang/NoSuchMethodError'{0x000000008fbecef8}: <clinit>> (0x000000008fbecef8) thrown at [./src/hotspot/share/prims/jni.cpp, line 1366]
Event: 4.552 Thread 0x000001c2f188a000 Exception <a 'java/lang/NoSuchMethodError'{0x000000008fa052e0}: <clinit>> (0x000000008fa052e0) thrown at [./src/hotspot/share/prims/jni.cpp, line 1366]
Event: 4.553 Thread 0x000001c2f188a000 Exception <a 'java/lang/NoSuchMethodError'{0x000000008fa0eca8}: <clinit>> (0x000000008fa0eca8) thrown at [./src/hotspot/share/prims/jni.cpp, line 1366]
Event: 4.556 Thread 0x000001c2f188a000 Exception <a 'java/lang/NoSuchMethodError'{0x000000008fa24000}: <clinit>> (0x000000008fa24000) thrown at [./src/hotspot/share/prims/jni.cpp, line 1366]
Event: 4.640 Thread 0x000001c2f0663000 Exception <a 'java/lang/NoSuchMethodError'{0x000000008f7e1cd0}: 'long java.lang.invoke.DirectMethodHandle$Holder.invokeInterface(java.lang.Object, java.lang.Object)'> (0x000000008f7e1cd0) thrown at [./src/hotspot/share/interpreter/linkResolver.cpp, line 773]
Event: 4.642 Thread 0x000001c2f0663000 Exception <a 'java/lang/NoSuchMethodError'{0x000000008f7eed70}: 'void java.lang.invoke.DelegatingMethodHandle$Holder.reinvoke_L(java.lang.Object, java.lang.Object, java.lang.Object, java.lang.Object, java.lang.Object, java.lang.Object, java.lang.Object)'> (0x000000008f7eed70) thrown at [./src/hotspot/share/interpreter/linkResolver.cpp, line 773]
Event: 4.990 Thread 0x000001c2f0663000 Exception <a 'java/lang/NoSuchMethodError'{0x000000008dc3c088}: 'void java.lang.invoke.DirectMethodHandle$Holder.invokeStaticInit(java.lang.Object)'> (0x000000008dc3c088) thrown at [./src/hotspot/share/interpreter/linkResolver.cpp, line 773]
Event: 5.005 Thread 0x000001c2f0663000 Exception <a 'java/lang/NoSuchMethodError'{0x000000008dce8df0}: 'java.lang.Object java.lang.invoke.DirectMethodHandle$Holder.invokeStatic(java.lang.Object, java.lang.Object, java.lang.Object, int)'> (0x000000008dce8df0) thrown at [./src/hotspot/share/interpreter/linkResolver.cpp, line 773]
Event: 5.005 Thread 0x000001c2f0663000 Exception <a 'java/lang/NoSuchMethodError'{0x000000008dced508}: 'java.lang.Object java.lang.invoke.DirectMethodHandle$Holder.invokeSpecial(java.lang.Object, java.lang.Object, java.lang.Object, java.lang.Object, int)'> (0x000000008dced508) thrown at [./src/hotspot/share/interpreter/linkResolver.cpp, line 773]
Event: 5.005 Thread 0x000001c2f0663000 Exception <a 'java/lang/NoSuchMethodError'{0x000000008dcf1440}: 'java.lang.Object java.lang.invoke.Invokers$Holder.linkToTargetMethod(java.lang.Object, java.lang.Object, int, java.lang.Object)'> (0x000000008dcf1440) thrown at [./src/hotspot/share/interpreter/linkResolver.cpp, line 773]
Event: 5.225 Thread 0x000001c2f0663000 Exception <a 'java/lang/NoSuchMethodError'{0x0000000093cf2388}: 'int java.lang.invoke.DirectMethodHandle$Holder.invokeSpecialIFC(java.lang.Object, java.lang.Object, java.lang.Object, java.lang.Object)'> (0x0000000093cf2388) thrown at [./src/hotspot/share/interpreter/linkResolver.cpp, line 773]
Event: 5.228 Thread 0x000001c2f0663000 Exception <a 'java/lang/NoSuchMethodError'{0x0000000093b00588}: 'java.lang.Object java.lang.invoke.DirectMethodHandle$Holder.invokeInterface(java.lang.Object, java.lang.Object, java.lang.Object)'> (0x0000000093b00588) thrown at [./src/hotspot/share/interpreter/linkResolver.cpp, line 773]
Event: 5.228 Thread 0x000001c2f0663000 Exception <a 'java/lang/IncompatibleClassChangeError'{0x0000000093b03cb0}: Found class java.lang.Object, but interface was expected> (0x0000000093b03cb0) thrown at [./src/hotspot/share/interpreter/linkResolver.cpp, line 839]
Event: 5.419 Thread 0x000001c2f0663000 Exception <a 'java/lang/NoSuchMethodError'{0x000000009344cdd0}: 'void java.lang.invoke.DirectMethodHandle$Holder.invokeSpecial(java.lang.Object, java.lang.Object, java.lang.Object, java.lang.Object, java.lang.Object)'> (0x000000009344cdd0) thrown at [./src/hotspot/share/interpreter/linkResolver.cpp, line 773]
Event: 5.469 Thread 0x000001c2f0663000 Exception <a 'java/lang/NoSuchMethodError'{0x0000000093292b40}: 'java.lang.Object java.lang.invoke.DirectMethodHandle$Holder.invokeSpecial(java.lang.Object, java.lang.Object, java.lang.Object, java.lang.Object, java.lang.Object, java.lang.Object, java.lang.Object, java.lang.Object, java.lang.Object)'> (0x0000000093292b40) thrown at [./src/hotspot/share/interpreter/linkResolver.cpp, line 773]
Event: 5.649 Thread 0x000001c2f0663000 Exception <a 'java/lang/NoSuchMethodError'{0x000000009286d9b0}: 'java.lang.Object java.lang.invoke.DirectMethodHandle$Holder.invokeVirtual(java.lang.Object, java.lang.Object, java.lang.Object, java.lang.Object)'> (0x000000009286d9b0) thrown at [./src/hotspot/share/interpreter/linkResolver.cpp, line 773]
Event: 5.810 Thread 0x000001c2f0663000 Exception <a 'java/lang/NoSuchMethodError'{0x00000000922be5a8}: 'void java.lang.invoke.DirectMethodHandle$Holder.invokeSpecial(java.lang.Object, java.lang.Object, java.lang.Object, java.lang.Object, java.lang.Object, java.lang.Object)'> (0x00000000922be5a8) thrown at [./src/hotspot/share/interpreter/linkResolver.cpp, line 773]
Event: 5.829 Thread 0x000001c2f0663000 Exception <a 'java/lang/NoSuchMethodError'{0x000000009212de38}: 'void java.lang.invoke.DirectMethodHandle$Holder.invokeSpecial(java.lang.Object, java.lang.Object, java.lang.Object, java.lang.Object, java.lang.Object, java.lang.Object, java.lang.Object)'> (0x000000009212de38) thrown at [./src/hotspot/share/interpreter/linkResolver.cpp, line 773]
Event: 5.830 Thread 0x000001c2f0663000 Exception <a 'java/lang/NoSuchMethodError'{0x0000000092136328}: 'java.lang.Object java.lang.invoke.Invokers$Holder.linkToTargetMethod(java.lang.Object, java.lang.Object, java.lang.Object, java.lang.Object, java.lang.Object, java.lang.Object)'> (0x0000000092136328) thrown at [./src/hotspot/share/interpreter/linkResolver.cpp, line 773]
Event: 5.875 Thread 0x000001c2f0663000 Exception <a 'java/lang/NoSuchMethodError'{0x00000000920fecd8}: 'java.lang.Object java.lang.invoke.DirectMethodHandle$Holder.invokeVirtual(java.lang.Object, java.lang.Object, java.lang.Object, java.lang.Object, java.lang.Object, java.lang.Object, java.lang.Object, java.lang.Object, java.lang.Object, java.lang.Object, java.lang.Object, java.lang.Object, java.lang.Object, java.lang.Object, java.lang.Object, java.lang.Object, java.lang.Object, java.lang.Object, java.lang.Object, java.lang.Object, java.lang.Ob

Events (20 events):
Event: 5.943 loading class kotlin/jvm/functions/Function0
Event: 5.943 loading class kotlin/jvm/functions/Function0 done
Event: 5.943 loading class kotlin/jvm/internal/PropertyReference
Event: 5.943 loading class kotlin/jvm/internal/PropertyReference done
Event: 5.944 loading class kotlin/jvm/internal/CallableReference
Event: 5.944 loading class kotlin/jvm/internal/CallableReference done
Event: 5.944 loading class kotlin/jvm/internal/PropertyReference0Impl
Event: 5.944 loading class kotlin/jvm/internal/PropertyReference0Impl done
Event: 5.945 loading class kotlin/reflect/KDeclarationContainer
Event: 5.945 loading class kotlin/reflect/KDeclarationContainer done
Event: 5.945 loading class kotlin/jvm/KotlinReflectionNotSupportedError
Event: 5.945 loading class kotlin/jvm/KotlinReflectionNotSupportedError done
Event: 5.946 loading class kotlin/reflect/KProperty$Getter
Event: 5.946 loading class kotlin/reflect/KProperty$Getter done
Event: 5.946 loading class kotlin/reflect/KProperty$Accessor
Event: 5.946 loading class kotlin/reflect/KProperty$Accessor done
Event: 5.947 loading class kotlin/reflect/KFunction
Event: 5.947 loading class kotlin/reflect/KFunction done
Event: 5.948 loading class kotlin/jvm/internal/CallableReference$NoReceiver
Event: 5.948 loading class kotlin/jvm/internal/CallableReference$NoReceiver done


Dynamic libraries:
0x00007ff601630000 - 0x00007ff60163a000 	F:\Programok\AndroidStudio\jre\bin\java.exe
0x00007ff9b1790000 - 0x00007ff9b1988000 	C:\Windows\SYSTEM32\ntdll.dll
0x00007ff9b0200000 - 0x00007ff9b02bf000 	C:\Windows\System32\KERNEL32.DLL
0x00007ff9af240000 - 0x00007ff9af51a000 	C:\Windows\System32\KERNELBASE.dll
0x00007ff9af6a0000 - 0x00007ff9af7a0000 	C:\Windows\System32\ucrtbase.dll
0x00007ff993960000 - 0x00007ff993979000 	F:\Programok\AndroidStudio\jre\bin\jli.dll
0x00007ff99dac0000 - 0x00007ff99dad7000 	F:\Programok\AndroidStudio\jre\bin\VCRUNTIME140.dll
0x00007ff9b0ba0000 - 0x00007ff9b0d3d000 	C:\Windows\System32\USER32.dll
0x00007ff99dc20000 - 0x00007ff99deba000 	C:\Windows\WinSxS\amd64_microsoft.windows.common-controls_6595b64144ccf1df_6.0.19041.1110_none_60b5254171f9507e\COMCTL32.dll
0x00007ff9af5c0000 - 0x00007ff9af5e2000 	C:\Windows\System32\win32u.dll
0x00007ff9b0a90000 - 0x00007ff9b0abb000 	C:\Windows\System32\GDI32.dll
0x00007ff9b0ac0000 - 0x00007ff9b0b5e000 	C:\Windows\System32\msvcrt.dll
0x00007ff9af130000 - 0x00007ff9af240000 	C:\Windows\System32\gdi32full.dll
0x00007ff9af520000 - 0x00007ff9af5bd000 	C:\Windows\System32\msvcp_win.dll
0x00007ff9b0b70000 - 0x00007ff9b0ba0000 	C:\Windows\System32\IMM32.DLL
0x00007ff976820000 - 0x00007ff9768bd000 	F:\Programok\AndroidStudio\jre\bin\msvcp140.dll
0x00007ff95c0a0000 - 0x00007ff95cba2000 	F:\Programok\AndroidStudio\jre\bin\server\jvm.dll
0x00007ff9b0150000 - 0x00007ff9b01fe000 	C:\Windows\System32\ADVAPI32.dll
0x00007ff9b16b0000 - 0x00007ff9b174c000 	C:\Windows\System32\sechost.dll
0x00007ff9afb30000 - 0x00007ff9afc56000 	C:\Windows\System32\RPCRT4.dll
0x00007ff9afd10000 - 0x00007ff9afd18000 	C:\Windows\System32\PSAPI.DLL
0x00007ff9a9060000 - 0x00007ff9a906a000 	C:\Windows\SYSTEM32\VERSION.dll
0x00007ff99d970000 - 0x00007ff99d997000 	C:\Windows\SYSTEM32\WINMM.dll
0x00007ff99d9b0000 - 0x00007ff99d9b9000 	C:\Windows\SYSTEM32\WSOCK32.dll
0x00007ff9b0d60000 - 0x00007ff9b0dcb000 	C:\Windows\System32\WS2_32.dll
0x00007ff9acd20000 - 0x00007ff9acd32000 	C:\Windows\SYSTEM32\kernel.appcore.dll
0x00007ff9a4b00000 - 0x00007ff9a4b11000 	F:\Programok\AndroidStudio\jre\bin\verify.dll
0x00007ff9a6940000 - 0x00007ff9a6b24000 	C:\Windows\SYSTEM32\DBGHELP.DLL
0x00007ff9a6540000 - 0x00007ff9a6574000 	C:\Windows\SYSTEM32\dbgcore.DLL
0x00007ff9aeea0000 - 0x00007ff9aef22000 	C:\Windows\System32\bcryptPrimitives.dll
0x00007ff9a1350000 - 0x00007ff9a1379000 	F:\Programok\AndroidStudio\jre\bin\java.dll
0x00007ff9a7ab0000 - 0x00007ff9a7abb000 	F:\Programok\AndroidStudio\jre\bin\jimage.dll
0x00007ff9a1300000 - 0x00007ff9a1318000 	F:\Programok\AndroidStudio\jre\bin\zip.dll
0x00007ff9b0f60000 - 0x00007ff9b16a4000 	C:\Windows\System32\SHELL32.dll
0x00007ff9acf20000 - 0x00007ff9ad6b3000 	C:\Windows\SYSTEM32\windows.storage.dll
0x00007ff9b0730000 - 0x00007ff9b0a84000 	C:\Windows\System32\combase.dll
0x00007ff9ae820000 - 0x00007ff9ae84e000 	C:\Windows\SYSTEM32\Wldp.dll
0x00007ff9afc60000 - 0x00007ff9afd0d000 	C:\Windows\System32\SHCORE.dll
0x00007ff9af7f0000 - 0x00007ff9af845000 	C:\Windows\System32\shlwapi.dll
0x00007ff9aede0000 - 0x00007ff9aedff000 	C:\Windows\SYSTEM32\profapi.dll
0x00007ff9a0fd0000 - 0x00007ff9a0fea000 	F:\Programok\AndroidStudio\jre\bin\net.dll
0x00007ff9a9cc0000 - 0x00007ff9a9dca000 	C:\Windows\SYSTEM32\WINHTTP.dll
0x00007ff9ae600000 - 0x00007ff9ae66a000 	C:\Windows\system32\mswsock.dll
0x00007ff9a0cc0000 - 0x00007ff9a0cd4000 	F:\Programok\AndroidStudio\jre\bin\nio.dll
0x00007ff986cb0000 - 0x00007ff986cd7000 	C:\Users\Benec\.gradle\native\e1d6ef7f7dcc3fd88c89a11ec53ec762bb8ba0a96d01ffa2cd45eb1d1d8dd5c5\windows-amd64\native-platform.dll
0x00007ff96ef70000 - 0x00007ff96f0b4000 	C:\Users\Benec\.gradle\native\0d407fdbe67a94daf76414ababcb853783967236a71b16ec16e742cd7a986fd3\windows-amd64\native-platform-file-events.dll
0x00007ff9a5290000 - 0x00007ff9a529a000 	F:\Programok\AndroidStudio\jre\bin\management.dll
0x00007ff9a4af0000 - 0x00007ff9a4afd000 	F:\Programok\AndroidStudio\jre\bin\management_ext.dll
0x00007ff9ae860000 - 0x00007ff9ae878000 	C:\Windows\SYSTEM32\CRYPTSP.dll
0x00007ff9aded0000 - 0x00007ff9adf04000 	C:\Windows\system32\rsaenh.dll
0x00007ff9af100000 - 0x00007ff9af127000 	C:\Windows\System32\bcrypt.dll
0x00007ff9aeda0000 - 0x00007ff9aedce000 	C:\Windows\SYSTEM32\USERENV.dll
0x00007ff9ae790000 - 0x00007ff9ae79c000 	C:\Windows\SYSTEM32\CRYPTBASE.dll
0x00007ff9ae2c0000 - 0x00007ff9ae2fc000 	C:\Windows\SYSTEM32\IPHLPAPI.DLL
0x00007ff9b0b60000 - 0x00007ff9b0b68000 	C:\Windows\System32\NSI.dll
0x00007ff9a81a0000 - 0x00007ff9a81b7000 	C:\Windows\SYSTEM32\dhcpcsvc6.DLL
0x00007ff9a8100000 - 0x00007ff9a811d000 	C:\Windows\SYSTEM32\dhcpcsvc.DLL
0x00007ff9ae300000 - 0x00007ff9ae3cb000 	C:\Windows\SYSTEM32\DNSAPI.dll

dbghelp: loaded successfully - version: 4.0.5 - missing functions: none
symbol engine: initialized successfully - sym options: 0x614 - pdb path: .;F:\Programok\AndroidStudio\jre\bin;C:\Windows\SYSTEM32;C:\Windows\WinSxS\amd64_microsoft.windows.common-controls_6595b64144ccf1df_6.0.19041.1110_none_60b5254171f9507e;F:\Programok\AndroidStudio\jre\bin\server;C:\Users\Benec\.gradle\native\e1d6ef7f7dcc3fd88c89a11ec53ec762bb8ba0a96d01ffa2cd45eb1d1d8dd5c5\windows-amd64;C:\Users\Benec\.gradle\native\0d407fdbe67a94daf76414ababcb853783967236a71b16ec16e742cd7a986fd3\windows-amd64

VM Arguments:
jvm_args: --add-opens=java.base/java.util=ALL-UNNAMED --add-opens=java.base/java.lang=ALL-UNNAMED --add-opens=java.base/java.lang.invoke=ALL-UNNAMED --add-opens=java.base/java.util=ALL-UNNAMED --add-opens=java.prefs/java.util.prefs=ALL-UNNAMED --add-opens=java.prefs/java.util.prefs=ALL-UNNAMED --add-opens=java.base/java.nio.charset=ALL-UNNAMED --add-opens=java.base/java.net=ALL-UNNAMED --add-opens=java.base/java.util.concurrent.atomic=ALL-UNNAMED -Xmx2048m -Dfile.encoding=UTF-8 -Duser.country=US -Duser.language=en -Duser.variant 
java_command: org.gradle.launcher.daemon.bootstrap.GradleDaemon 7.4
java_class_path (initial): C:\Users\Benec\.gradle\wrapper\dists\gradle-7.4-bin\c0gwcg53nkjbqw7r0h0umtfvt\gradle-7.4\lib\gradle-launcher-7.4.jar
Launcher Type: SUN_STANDARD

[Global flags]
     intx CICompilerCount                          = 4                                         {product} {ergonomic}
     uint ConcGCThreads                            = 2                                         {product} {ergonomic}
     uint G1ConcRefinementThreads                  = 8                                         {product} {ergonomic}
   size_t G1HeapRegionSize                         = 1048576                                   {product} {ergonomic}
    uintx GCDrainStackTargetSize                   = 64                                        {product} {ergonomic}
   size_t InitialHeapSize                          = 335544320                                 {product} {ergonomic}
   size_t MarkStackSize                            = 4194304                                   {product} {ergonomic}
   size_t MaxHeapSize                              = 2147483648                                {product} {command line}
   size_t MaxNewSize                               = 1287651328                                {product} {ergonomic}
   size_t MinHeapDeltaBytes                        = 1048576                                   {product} {ergonomic}
    uintx NonNMethodCodeHeapSize                   = 5836300                                {pd product} {ergonomic}
    uintx NonProfiledCodeHeapSize                  = 122910970                              {pd product} {ergonomic}
    uintx ProfiledCodeHeapSize                     = 122910970                              {pd product} {ergonomic}
    uintx ReservedCodeCacheSize                    = 251658240                              {pd product} {ergonomic}
     bool SegmentedCodeCache                       = true                                      {product} {ergonomic}
     bool UseCompressedClassPointers               = true                                 {lp64_product} {ergonomic}
     bool UseCompressedOops                        = true                                 {lp64_product} {ergonomic}
     bool UseG1GC                                  = true                                      {product} {ergonomic}
     bool UseLargePagesIndividualAllocation        = false                                  {pd product} {ergonomic}

Logging:
Log output configuration:
 #0: stdout all=warning uptime,level,tags
 #1: stderr all=off uptime,level,tags

Environment Variables:
JAVA_HOME=C:\Program Files\Java\jdk-11.0.17
PATH=C:\Program Files\Common Files\Oracle\Java\javapath;C:\Program Files (x86)\Common Files\Oracle\Java\javapath;C:\Windows\system32;C:\Windows;C:\Windows\System32\Wbem;C:\Windows\System32\WindowsPowerShell\v1.0\;C:\Windows\System32\OpenSSH\;C:\Program Files (x86)\NVIDIA Corporation\PhysX\Common;C:\Program Files\NVIDIA Corporation\NVIDIA NvDLISR;C:\Program Files\Git\cmd;F:\Programok\flutter\bin;F:\Programok\SQLite;C:\Program Files\Docker\Docker\resources\bin;F:\Programok\instantclient_12_2;C:\Users\Benec\AppData\Local\Programs\Python\Python39\Scripts\;C:\Users\Benec\AppData\Local\Programs\Python\Python39\;C:\Users\Benec\AppData\Local\Microsoft\WindowsApps;F:\Programok\PyCharm 2022.2.3\bin;;F:\Programok\IntelliJ IDEA 2022.2.3\bin;;F:\Programok\CLion 2022.2.4\bin;;F:\Programok\Microsoft VS Code\bin;F:\Programok\flutter\bin;F:\iskola\smalltalk-3.2\build-aux;F:\Programok\WebStorm 2022.3.2\bin;;F:\Programok\PhpStorm 2022.3.3\bin;;C:\Users\Benec\AppData\Local\GitHubDesktop\bin
USERNAME=Benec
OS=Windows_NT
PROCESSOR_IDENTIFIER=Intel64 Family 6 Model 142 Stepping 10, GenuineIntel



---------------  S Y S T E M  ---------------

OS: Windows 10 , 64 bit Build 19041 (10.0.19041.2788)
OS uptime: 21 days 20:46 hours
Hyper-V role detected

CPU:total 8 (initial active 8) (4 cores per cpu, 2 threads per core) family 6 model 142 stepping 10 microcode 0xb4, cmov, cx8, fxsr, mmx, sse, sse2, sse3, ssse3, sse4.1, sse4.2, popcnt, avx, avx2, aes, clmul, erms, 3dnowpref, lzcnt, ht, tsc, tscinvbit, bmi1, bmi2, adx, fma

Memory: 4k page, system-wide physical 20355M (5762M free)
TotalPageFile size 35552M (AvailPageFile size 11M)
current process WorkingSet (physical memory assigned to process): 242M, peak: 243M
current process commit charge ("private bytes"): 482M, peak: 484M

vm_info: OpenJDK 64-Bit Server VM (11.0.13+0-b1751.21-8125866) for windows-amd64 JRE (11.0.13+0-b1751.21-8125866), built on Feb  2 2022 03:00:22 by "builder" with MS VC++ 14.0 (VS2015)

END.
