#
# There is insufficient memory for the Java Runtime Environment to continue.
# Native memory allocation (malloc) failed to allocate 1112016 bytes for Chunk::new
# Possible reasons:
#   The system is out of physical RAM or swap space
#   The process is running with CompressedOops enabled, and the Java Heap may be blocking the growth of the native heap
# Possible solutions:
#   Reduce memory load on the system
#   Increase physical memory or swap space
#   Check if swap backing store is full
#   Decrease Java heap size (-Xmx/-Xms)
#   Decrease number of Java threads
#   Decrease Java thread stack sizes (-Xss)
#   Set larger code cache with -XX:ReservedCodeCacheSize=
#   JVM is running with Unscaled Compressed Oops mode in which the Java heap is
#     placed in the first 4GB address space. The Java Heap base address is the
#     maximum limit for the native heap growth. Please use -XX:HeapBaseMinAddress
#     to set the Java Heap base and to place the Java Heap above 4GB virtual address.
# This output file may be truncated or incomplete.
#
#  Out of Memory Error (./src/hotspot/share/memory/arena.cpp:197), pid=1440, tid=13496
#
# JRE version: OpenJDK Runtime Environment (11.0.13) (build 11.0.13+0-b1751.21-8125866)
# Java VM: OpenJDK 64-Bit Server VM (11.0.13+0-b1751.21-8125866, mixed mode, tiered, compressed oops, g1 gc, windows-amd64)
# No core dump will be written. Minidumps are not enabled by default on client versions of Windows
#

---------------  S U M M A R Y ------------

Command Line: --add-opens=java.base/java.util=ALL-UNNAMED --add-opens=java.base/java.lang=ALL-UNNAMED --add-opens=java.base/java.lang.invoke=ALL-UNNAMED --add-opens=java.base/java.util=ALL-UNNAMED --add-opens=java.prefs/java.util.prefs=ALL-UNNAMED --add-opens=java.prefs/java.util.prefs=ALL-UNNAMED --add-opens=java.base/java.nio.charset=ALL-UNNAMED --add-opens=java.base/java.net=ALL-UNNAMED --add-opens=java.base/java.util.concurrent.atomic=ALL-UNNAMED -Xmx2048m -Dfile.encoding=UTF-8 -Duser.country=US -Duser.language=en -Duser.variant org.gradle.launcher.daemon.bootstrap.GradleDaemon 7.4

Host: Intel(R) Core(TM) i7-8550U CPU @ 1.80GHz, 8 cores, 19G,  Windows 10 , 64 bit Build 19041 (10.0.19041.2788)
Time: Thu May  4 20:09:55 2023 Central Europe Daylight Time elapsed time: 14.834451 seconds (0d 0h 0m 14s)

---------------  T H R E A D  ---------------

Current thread (0x0000014368350000):  JavaThread "C2 CompilerThread1" daemon [_thread_in_native, id=13496, stack(0x00000007d5400000,0x00000007d5500000)]


Current CompileTask:
C2:  14834 6722   !   4       com.google.common.reflect.TypeVisitor::visit (244 bytes)

Stack: [0x00000007d5400000,0x00000007d5500000]
Native frames: (J=compiled Java code, j=interpreted, Vv=VM code, C=native code)
V  [jvm.dll+0x6100fa]
V  [jvm.dll+0x747090]
V  [jvm.dll+0x7486ad]
V  [jvm.dll+0x748d83]
V  [jvm.dll+0x24ab48]
V  [jvm.dll+0xc04dc]
V  [jvm.dll+0xc0a0c]
V  [jvm.dll+0x2bfab4]
V  [jvm.dll+0x524238]
V  [jvm.dll+0x20b193]
V  [jvm.dll+0x204ca0]
V  [jvm.dll+0x2023c2]
V  [jvm.dll+0x188e01]
V  [jvm.dll+0x21106b]
V  [jvm.dll+0x20f8c1]
V  [jvm.dll+0x70de0f]
V  [jvm.dll+0x706a75]
V  [jvm.dll+0x60ed66]
C  [ucrtbase.dll+0x21bb2]
C  [KERNEL32.DLL+0x17604]
C  [ntdll.dll+0x526a1]


---------------  P R O C E S S  ---------------

Threads class SMR info:
_java_thread_list=0x0000014368187db0, length=123, elements={
0x0000014347cdb000, 0x00000143621a2000, 0x0000014362199000, 0x0000014362a81800,
0x0000014362a82800, 0x0000014362a84800, 0x0000014362a88000, 0x0000014362a8e800,
0x0000014362a91800, 0x0000014362be7800, 0x0000014364e27800, 0x0000014362ce6800,
0x00000143648a0800, 0x0000014365cf6000, 0x0000014364b40800, 0x0000014364543800,
0x000001436511a000, 0x000001436468e000, 0x0000014364f41800, 0x0000014364bd7000,
0x0000014365c92800, 0x0000014365c95000, 0x0000014365c91000, 0x0000014365c8f800,
0x0000014365c90000, 0x0000014365c96000, 0x0000014365c93800, 0x0000014365c92000,
0x0000014365c94800, 0x0000014365ce2000, 0x0000014365ce0800, 0x0000014365cdf800,
0x0000014365cdd000, 0x0000014365cde800, 0x0000014365cdc800, 0x0000014365ce1000,
0x0000014365ce3000, 0x0000014365cde000, 0x0000014364c21000, 0x0000014368350000,
0x000001436834b000, 0x0000014364c1e800, 0x0000014364c26000, 0x0000014364c29000,
0x0000014364c27000, 0x0000014364c27800, 0x0000014364c2a000, 0x0000014364c28800,
0x0000014364c2b000, 0x0000014364c25000, 0x0000014364c2b800, 0x0000014364c2c800,
0x0000014364c2d800, 0x000001436870b000, 0x000001436870f000, 0x000001436870c800,
0x000001436870b800, 0x000001436870d000, 0x0000014368709000, 0x000001436870e000,
0x000001436870f800, 0x000001436870a000, 0x0000014368714000, 0x0000014368715800,
0x0000014368713000, 0x0000014368710800, 0x0000014368711800, 0x0000014368716000,
0x0000014368717000, 0x0000014368712000, 0x0000014368714800, 0x0000014368718000,
0x00000143687cc800, 0x00000143687c9800, 0x00000143687cb000, 0x00000143687cc000,
0x00000143687c7000, 0x00000143687ca000, 0x00000143687cd800, 0x00000143687c7800,
0x00000143687c8800, 0x00000143687d0000, 0x00000143687d0800, 0x00000143687d1800,
0x00000143687d3000, 0x00000143687cf000, 0x00000143687d2800, 0x00000143687d4000,
0x00000143687ce800, 0x00000143687d5000, 0x00000143687d5800, 0x000001436b09f000,
0x000001436b09c800, 0x000001436b09b800, 0x000001436b09b000, 0x000001436b09d800,
0x000001436b09e000, 0x000001436b099800, 0x000001436b0a0000, 0x000001436b09a000,
0x000001436a399800, 0x000001436a397000, 0x000001436a394800, 0x000001436a397800,
0x000001436a39b000, 0x000001436a395000, 0x000001436a39a000, 0x000001436a39b800,
0x000001436a396000, 0x000001436a39c800, 0x000001436a39e000, 0x000001436a39d800,
0x000001436a398800, 0x000001436a3a3000, 0x000001436a3a0800, 0x000001436a39f000,
0x000001436a3a1800, 0x000001436a3a0000, 0x000001436a3a2800, 0x000001436a738800,
0x000001436a73c000, 0x000001436a73c800, 0x000001436a737000
}

Java Threads: ( => current thread )
  0x0000014347cdb000 JavaThread "main" [_thread_blocked, id=3632, stack(0x00000007d1f00000,0x00000007d2000000)]
  0x00000143621a2000 JavaThread "Reference Handler" daemon [_thread_blocked, id=20344, stack(0x00000007d2600000,0x00000007d2700000)]
  0x0000014362199000 JavaThread "Finalizer" daemon [_thread_blocked, id=16588, stack(0x00000007d2700000,0x00000007d2800000)]
  0x0000014362a81800 JavaThread "Signal Dispatcher" daemon [_thread_blocked, id=8640, stack(0x00000007d2800000,0x00000007d2900000)]
  0x0000014362a82800 JavaThread "Attach Listener" daemon [_thread_blocked, id=15672, stack(0x00000007d2900000,0x00000007d2a00000)]
  0x0000014362a84800 JavaThread "Service Thread" daemon [_thread_blocked, id=5800, stack(0x00000007d2a00000,0x00000007d2b00000)]
  0x0000014362a88000 JavaThread "C2 CompilerThread0" daemon [_thread_in_native, id=23120, stack(0x00000007d2b00000,0x00000007d2c00000)]
  0x0000014362a8e800 JavaThread "C1 CompilerThread0" daemon [_thread_blocked, id=10376, stack(0x00000007d2c00000,0x00000007d2d00000)]
  0x0000014362a91800 JavaThread "Sweeper thread" daemon [_thread_blocked, id=21344, stack(0x00000007d2d00000,0x00000007d2e00000)]
  0x0000014362be7800 JavaThread "Common-Cleaner" daemon [_thread_blocked, id=3236, stack(0x00000007d2e00000,0x00000007d2f00000)]
  0x0000014364e27800 JavaThread "Daemon health stats" [_thread_blocked, id=19244, stack(0x00000007d3800000,0x00000007d3900000)]
  0x0000014362ce6800 JavaThread "Incoming local TCP Connector on port 56694" [_thread_in_native, id=8116, stack(0x00000007d3000000,0x00000007d3100000)]
  0x00000143648a0800 JavaThread "Daemon periodic checks" [_thread_blocked, id=380, stack(0x00000007d3100000,0x00000007d3200000)]
  0x0000014365cf6000 JavaThread "Daemon" [_thread_blocked, id=17036, stack(0x00000007d3900000,0x00000007d3a00000)]
  0x0000014364b40800 JavaThread "Handler for socket connection from /127.0.0.1:56694 to /127.0.0.1:56695" [_thread_in_native, id=1008, stack(0x00000007d3a00000,0x00000007d3b00000)]
  0x0000014364543800 JavaThread "Cancel handler" [_thread_blocked, id=12948, stack(0x00000007d3b00000,0x00000007d3c00000)]
  0x000001436511a000 JavaThread "Daemon worker" [_thread_in_vm, id=6900, stack(0x00000007d3c00000,0x00000007d3d00000)]
  0x000001436468e000 JavaThread "Asynchronous log dispatcher for DefaultDaemonConnection: socket connection from /127.0.0.1:56694 to /127.0.0.1:56695" [_thread_blocked, id=6084, stack(0x00000007d3d00000,0x00000007d3e00000)]
  0x0000014364f41800 JavaThread "Stdin handler" [_thread_blocked, id=13332, stack(0x00000007d3e00000,0x00000007d3f00000)]
  0x0000014364bd7000 JavaThread "Daemon client event forwarder" [_thread_blocked, id=3888, stack(0x00000007d3f00000,0x00000007d4000000)]
  0x0000014365c92800 JavaThread "Cache worker for journal cache (C:\Users\Benec\.gradle\caches\journal-1)" [_thread_blocked, id=20652, stack(0x00000007d4100000,0x00000007d4200000)]
  0x0000014365c95000 JavaThread "File lock request listener" [_thread_in_native, id=6428, stack(0x00000007d4200000,0x00000007d4300000)]
  0x0000014365c91000 JavaThread "Cache worker for file hash cache (C:\Users\Benec\.gradle\caches\7.4\fileHashes)" [_thread_blocked, id=22224, stack(0x00000007d4500000,0x00000007d4600000)]
  0x0000014365c8f800 JavaThread "File watcher server" daemon [_thread_in_native, id=21440, stack(0x00000007d4700000,0x00000007d4800000)]
  0x0000014365c90000 JavaThread "File watcher consumer" daemon [_thread_blocked, id=15928, stack(0x00000007d4800000,0x00000007d4900000)]
  0x0000014365c96000 JavaThread "jar transforms" [_thread_blocked, id=17584, stack(0x00000007d4900000,0x00000007d4a00000)]
  0x0000014365c93800 JavaThread "jar transforms Thread 2" [_thread_blocked, id=22396, stack(0x00000007d4a00000,0x00000007d4b00000)]
  0x0000014365c92000 JavaThread "jar transforms Thread 3" [_thread_blocked, id=9008, stack(0x00000007d4b00000,0x00000007d4c00000)]
  0x0000014365c94800 JavaThread "jar transforms Thread 4" [_thread_blocked, id=22324, stack(0x00000007d4c00000,0x00000007d4d00000)]
  0x0000014365ce2000 JavaThread "jar transforms Thread 5" [_thread_blocked, id=5364, stack(0x00000007d4d00000,0x00000007d4e00000)]
  0x0000014365ce0800 JavaThread "jar transforms Thread 6" [_thread_blocked, id=19832, stack(0x00000007d4e00000,0x00000007d4f00000)]
  0x0000014365cdf800 JavaThread "jar transforms Thread 7" [_thread_blocked, id=22392, stack(0x00000007d4f00000,0x00000007d5000000)]
  0x0000014365cdd000 JavaThread "jar transforms Thread 8" [_thread_blocked, id=15952, stack(0x00000007d5000000,0x00000007d5100000)]
  0x0000014365cde800 JavaThread "Cache worker for checksums cache (F:\Projektek\egyetem\OrvosIdopont\.gradle\7.4\checksums)" [_thread_blocked, id=18744, stack(0x00000007d4600000,0x00000007d4700000)]
  0x0000014365cdc800 JavaThread "Cache worker for cache directory md-rule (C:\Users\Benec\.gradle\caches\7.4\md-rule)" [_thread_blocked, id=2668, stack(0x00000007d5100000,0x00000007d5200000)]
  0x0000014365ce1000 JavaThread "Cache worker for file hash cache (F:\Projektek\egyetem\OrvosIdopont\.gradle\7.4\fileHashes)" [_thread_blocked, id=12944, stack(0x00000007d4000000,0x00000007d4100000)]
  0x0000014365ce3000 JavaThread "Cache worker for cache directory md-supplier (C:\Users\Benec\.gradle\caches\7.4\md-supplier)" [_thread_blocked, id=17780, stack(0x00000007d5200000,0x00000007d5300000)]
  0x0000014365cde000 JavaThread "Cache worker for execution history cache (C:\Users\Benec\.gradle\caches\7.4\executionHistory)" [_thread_blocked, id=19988, stack(0x00000007d5300000,0x00000007d5400000)]
  0x0000014364c21000 JavaThread "Cache worker for file content cache (C:\Users\Benec\.gradle\caches\7.4\fileContent)" [_thread_blocked, id=21480, stack(0x00000007d5600000,0x00000007d5700000)]
=>0x0000014368350000 JavaThread "C2 CompilerThread1" daemon [_thread_in_native, id=13496, stack(0x00000007d5400000,0x00000007d5500000)]
  0x000001436834b000 JavaThread "C2 CompilerThread2" daemon [_thread_in_native, id=284, stack(0x00000007d5500000,0x00000007d5600000)]
  0x0000014364c1e800 JavaThread "Cache worker for dependencies-accessors (F:\Projektek\egyetem\OrvosIdopont\.gradle\7.4\dependencies-accessors)" [_thread_blocked, id=11308, stack(0x00000007d5800000,0x00000007d5900000)]
  0x0000014364c26000 JavaThread "Cache worker for Build Output Cleanup Cache (F:\Projektek\egyetem\OrvosIdopont\.gradle\buildOutputCleanup)" [_thread_blocked, id=17352, stack(0x00000007d5900000,0x00000007d5a00000)]
  0x0000014364c29000 JavaThread "Unconstrained build operations" [_thread_blocked, id=9836, stack(0x00000007d5a00000,0x00000007d5b00000)]
  0x0000014364c27000 JavaThread "Unconstrained build operations Thread 2" [_thread_blocked, id=20592, stack(0x00000007d5b00000,0x00000007d5c00000)]
  0x0000014364c27800 JavaThread "Unconstrained build operations Thread 3" [_thread_blocked, id=14448, stack(0x00000007d5c00000,0x00000007d5d00000)]
  0x0000014364c2a000 JavaThread "Unconstrained build operations Thread 4" [_thread_blocked, id=20192, stack(0x00000007d5d00000,0x00000007d5e00000)]
  0x0000014364c28800 JavaThread "Unconstrained build operations Thread 5" [_thread_blocked, id=8580, stack(0x00000007d5e00000,0x00000007d5f00000)]
  0x0000014364c2b000 JavaThread "Unconstrained build operations Thread 6" [_thread_blocked, id=13856, stack(0x00000007d5f00000,0x00000007d6000000)]
  0x0000014364c25000 JavaThread "Unconstrained build operations Thread 7" [_thread_blocked, id=8392, stack(0x00000007d6000000,0x00000007d6100000)]
  0x0000014364c2b800 JavaThread "Unconstrained build operations Thread 8" [_thread_blocked, id=14184, stack(0x00000007d6100000,0x00000007d6200000)]
  0x0000014364c2c800 JavaThread "Unconstrained build operations Thread 9" [_thread_blocked, id=9256, stack(0x00000007d6200000,0x00000007d6300000)]
  0x0000014364c2d800 JavaThread "Unconstrained build operations Thread 10" [_thread_blocked, id=21684, stack(0x00000007d6300000,0x00000007d6400000)]
  0x000001436870b000 JavaThread "Unconstrained build operations Thread 11" [_thread_blocked, id=8544, stack(0x00000007d6400000,0x00000007d6500000)]
  0x000001436870f000 JavaThread "Unconstrained build operations Thread 12" [_thread_blocked, id=18184, stack(0x00000007d6500000,0x00000007d6600000)]
  0x000001436870c800 JavaThread "Unconstrained build operations Thread 13" [_thread_blocked, id=19376, stack(0x00000007d6600000,0x00000007d6700000)]
  0x000001436870b800 JavaThread "Unconstrained build operations Thread 14" [_thread_blocked, id=14320, stack(0x00000007d6700000,0x00000007d6800000)]
  0x000001436870d000 JavaThread "Unconstrained build operations Thread 15" [_thread_blocked, id=6780, stack(0x00000007d6800000,0x00000007d6900000)]
  0x0000014368709000 JavaThread "Unconstrained build operations Thread 16" [_thread_blocked, id=13068, stack(0x00000007d6900000,0x00000007d6a00000)]
  0x000001436870e000 JavaThread "Unconstrained build operations Thread 17" [_thread_blocked, id=1596, stack(0x00000007d6a00000,0x00000007d6b00000)]
  0x000001436870f800 JavaThread "Unconstrained build operations Thread 18" [_thread_blocked, id=6016, stack(0x00000007d6b00000,0x00000007d6c00000)]
  0x000001436870a000 JavaThread "Unconstrained build operations Thread 19" [_thread_blocked, id=13588, stack(0x00000007d6c00000,0x00000007d6d00000)]
  0x0000014368714000 JavaThread "Unconstrained build operations Thread 20" [_thread_blocked, id=11676, stack(0x00000007d6d00000,0x00000007d6e00000)]
  0x0000014368715800 JavaThread "Unconstrained build operations Thread 21" [_thread_blocked, id=1620, stack(0x00000007d6e00000,0x00000007d6f00000)]
  0x0000014368713000 JavaThread "Unconstrained build operations Thread 22" [_thread_blocked, id=16340, stack(0x00000007d6f00000,0x00000007d7000000)]
  0x0000014368710800 JavaThread "Unconstrained build operations Thread 23" [_thread_blocked, id=21912, stack(0x00000007d7000000,0x00000007d7100000)]
  0x0000014368711800 JavaThread "Unconstrained build operations Thread 24" [_thread_blocked, id=22732, stack(0x00000007d7100000,0x00000007d7200000)]
  0x0000014368716000 JavaThread "Unconstrained build operations Thread 25" [_thread_blocked, id=21464, stack(0x00000007d7200000,0x00000007d7300000)]
  0x0000014368717000 JavaThread "Unconstrained build operations Thread 26" [_thread_blocked, id=23196, stack(0x00000007d7300000,0x00000007d7400000)]
  0x0000014368712000 JavaThread "Unconstrained build operations Thread 27" [_thread_blocked, id=14924, stack(0x00000007d7400000,0x00000007d7500000)]
  0x0000014368714800 JavaThread "Unconstrained build operations Thread 28" [_thread_blocked, id=16512, stack(0x00000007d7500000,0x00000007d7600000)]
  0x0000014368718000 JavaThread "Unconstrained build operations Thread 29" [_thread_blocked, id=23452, stack(0x00000007d7600000,0x00000007d7700000)]
  0x00000143687cc800 JavaThread "Unconstrained build operations Thread 30" [_thread_blocked, id=18560, stack(0x00000007d7700000,0x00000007d7800000)]
  0x00000143687c9800 JavaThread "Unconstrained build operations Thread 31" [_thread_blocked, id=16780, stack(0x00000007d7800000,0x00000007d7900000)]
  0x00000143687cb000 JavaThread "Unconstrained build operations Thread 32" [_thread_blocked, id=22880, stack(0x00000007d7900000,0x00000007d7a00000)]
  0x00000143687cc000 JavaThread "Unconstrained build operations Thread 33" [_thread_blocked, id=13256, stack(0x00000007d7a00000,0x00000007d7b00000)]
  0x00000143687c7000 JavaThread "Unconstrained build operations Thread 34" [_thread_blocked, id=21324, stack(0x00000007d7b00000,0x00000007d7c00000)]
  0x00000143687ca000 JavaThread "Unconstrained build operations Thread 35" [_thread_blocked, id=3588, stack(0x00000007d7c00000,0x00000007d7d00000)]
  0x00000143687cd800 JavaThread "Unconstrained build operations Thread 36" [_thread_blocked, id=18260, stack(0x00000007d7d00000,0x00000007d7e00000)]
  0x00000143687c7800 JavaThread "Unconstrained build operations Thread 37" [_thread_blocked, id=5272, stack(0x00000007d7e00000,0x00000007d7f00000)]
  0x00000143687c8800 JavaThread "Unconstrained build operations Thread 38" [_thread_blocked, id=10004, stack(0x00000007d7f00000,0x00000007d8000000)]
  0x00000143687d0000 JavaThread "Unconstrained build operations Thread 39" [_thread_blocked, id=15344, stack(0x00000007d8000000,0x00000007d8100000)]
  0x00000143687d0800 JavaThread "Unconstrained build operations Thread 40" [_thread_blocked, id=21876, stack(0x00000007d8100000,0x00000007d8200000)]
  0x00000143687d1800 JavaThread "Unconstrained build operations Thread 41" [_thread_blocked, id=12104, stack(0x00000007d8200000,0x00000007d8300000)]
  0x00000143687d3000 JavaThread "Unconstrained build operations Thread 42" [_thread_blocked, id=8572, stack(0x00000007d8300000,0x00000007d8400000)]
  0x00000143687cf000 JavaThread "Unconstrained build operations Thread 43" [_thread_blocked, id=19064, stack(0x00000007d8400000,0x00000007d8500000)]
  0x00000143687d2800 JavaThread "Unconstrained build operations Thread 44" [_thread_blocked, id=17228, stack(0x00000007d8500000,0x00000007d8600000)]
  0x00000143687d4000 JavaThread "Unconstrained build operations Thread 45" [_thread_blocked, id=1644, stack(0x00000007d8600000,0x00000007d8700000)]
  0x00000143687ce800 JavaThread "Unconstrained build operations Thread 46" [_thread_blocked, id=22916, stack(0x00000007d8700000,0x00000007d8800000)]
  0x00000143687d5000 JavaThread "Unconstrained build operations Thread 47" [_thread_blocked, id=21496, stack(0x00000007d8800000,0x00000007d8900000)]
  0x00000143687d5800 JavaThread "Unconstrained build operations Thread 48" [_thread_blocked, id=19272, stack(0x00000007d8900000,0x00000007d8a00000)]
  0x000001436b09f000 JavaThread "Unconstrained build operations Thread 49" [_thread_blocked, id=17952, stack(0x00000007d8a00000,0x00000007d8b00000)]
  0x000001436b09c800 JavaThread "Unconstrained build operations Thread 50" [_thread_blocked, id=10824, stack(0x00000007d8b00000,0x00000007d8c00000)]
  0x000001436b09b800 JavaThread "Unconstrained build operations Thread 51" [_thread_blocked, id=3592, stack(0x00000007d8c00000,0x00000007d8d00000)]
  0x000001436b09b000 JavaThread "Unconstrained build operations Thread 52" [_thread_blocked, id=19860, stack(0x00000007d8d00000,0x00000007d8e00000)]
  0x000001436b09d800 JavaThread "Unconstrained build operations Thread 53" [_thread_blocked, id=17136, stack(0x00000007d8e00000,0x00000007d8f00000)]
  0x000001436b09e000 JavaThread "Unconstrained build operations Thread 54" [_thread_blocked, id=3480, stack(0x00000007d8f00000,0x00000007d9000000)]
  0x000001436b099800 JavaThread "Unconstrained build operations Thread 55" [_thread_blocked, id=15112, stack(0x00000007d9000000,0x00000007d9100000)]
  0x000001436b0a0000 JavaThread "Unconstrained build operations Thread 56" [_thread_blocked, id=14776, stack(0x00000007d9100000,0x00000007d9200000)]
  0x000001436b09a000 JavaThread "Unconstrained build operations Thread 57" [_thread_blocked, id=16476, stack(0x00000007d9200000,0x00000007d9300000)]
  0x000001436a399800 JavaThread "Unconstrained build operations Thread 58" [_thread_blocked, id=22840, stack(0x00000007d9300000,0x00000007d9400000)]
  0x000001436a397000 JavaThread "Unconstrained build operations Thread 59" [_thread_blocked, id=17368, stack(0x00000007d9400000,0x00000007d9500000)]
  0x000001436a394800 JavaThread "Unconstrained build operations Thread 60" [_thread_blocked, id=14688, stack(0x00000007d9500000,0x00000007d9600000)]
  0x000001436a397800 JavaThread "Unconstrained build operations Thread 61" [_thread_blocked, id=10732, stack(0x00000007d9600000,0x00000007d9700000)]
  0x000001436a39b000 JavaThread "Unconstrained build operations Thread 62" [_thread_blocked, id=22868, stack(0x00000007d9700000,0x00000007d9800000)]
  0x000001436a395000 JavaThread "Unconstrained build operations Thread 63" [_thread_blocked, id=22360, stack(0x00000007d9800000,0x00000007d9900000)]
  0x000001436a39a000 JavaThread "Unconstrained build operations Thread 64" [_thread_blocked, id=23032, stack(0x00000007d9900000,0x00000007d9a00000)]
  0x000001436a39b800 JavaThread "Unconstrained build operations Thread 65" [_thread_blocked, id=5032, stack(0x00000007d9a00000,0x00000007d9b00000)]
  0x000001436a396000 JavaThread "Unconstrained build operations Thread 66" [_thread_blocked, id=21408, stack(0x00000007d9b00000,0x00000007d9c00000)]
  0x000001436a39c800 JavaThread "Unconstrained build operations Thread 67" [_thread_blocked, id=22000, stack(0x00000007d9c00000,0x00000007d9d00000)]
  0x000001436a39e000 JavaThread "Unconstrained build operations Thread 68" [_thread_blocked, id=8452, stack(0x00000007d9d00000,0x00000007d9e00000)]
  0x000001436a39d800 JavaThread "Unconstrained build operations Thread 69" [_thread_blocked, id=17084, stack(0x00000007d9e00000,0x00000007d9f00000)]
  0x000001436a398800 JavaThread "Unconstrained build operations Thread 70" [_thread_blocked, id=12612, stack(0x00000007d9f00000,0x00000007da000000)]
  0x000001436a3a3000 JavaThread "Unconstrained build operations Thread 71" [_thread_blocked, id=19876, stack(0x00000007da000000,0x00000007da100000)]
  0x000001436a3a0800 JavaThread "Unconstrained build operations Thread 72" [_thread_blocked, id=7560, stack(0x00000007da100000,0x00000007da200000)]
  0x000001436a39f000 JavaThread "Unconstrained build operations Thread 73" [_thread_blocked, id=19408, stack(0x00000007da200000,0x00000007da300000)]
  0x000001436a3a1800 JavaThread "Unconstrained build operations Thread 74" [_thread_blocked, id=5824, stack(0x00000007da300000,0x00000007da400000)]
  0x000001436a3a0000 JavaThread "Unconstrained build operations Thread 75" [_thread_blocked, id=1828, stack(0x00000007da400000,0x00000007da500000)]
  0x000001436a3a2800 JavaThread "Unconstrained build operations Thread 76" [_thread_blocked, id=19232, stack(0x00000007da500000,0x00000007da600000)]
  0x000001436a738800 JavaThread "Unconstrained build operations Thread 77" [_thread_blocked, id=7748, stack(0x00000007da600000,0x00000007da700000)]
  0x000001436a73c000 JavaThread "Unconstrained build operations Thread 78" [_thread_blocked, id=18928, stack(0x00000007da700000,0x00000007da800000)]
  0x000001436a73c800 JavaThread "Unconstrained build operations Thread 79" [_thread_blocked, id=21348, stack(0x00000007da800000,0x00000007da900000)]
  0x000001436a737000 JavaThread "Unconstrained build operations Thread 80" [_thread_blocked, id=18372, stack(0x00000007da900000,0x00000007daa00000)]

Other Threads:
  0x0000014362a36800 VMThread "VM Thread" [stack: 0x00000007d2500000,0x00000007d2600000] [id=20120]
  0x0000014362c04000 WatcherThread [stack: 0x00000007d2f00000,0x00000007d3000000] [id=268]
  0x0000014347cf6800 GCTaskThread "GC Thread#0" [stack: 0x00000007d2000000,0x00000007d2100000] [id=22836]
  0x0000014362efe800 GCTaskThread "GC Thread#1" [stack: 0x00000007d3200000,0x00000007d3300000] [id=19092]
  0x0000014363f65000 GCTaskThread "GC Thread#2" [stack: 0x00000007d3300000,0x00000007d3400000] [id=19700]
  0x00000143639dc000 GCTaskThread "GC Thread#3" [stack: 0x00000007d3400000,0x00000007d3500000] [id=13360]
  0x000001436389c000 GCTaskThread "GC Thread#4" [stack: 0x00000007d3500000,0x00000007d3600000] [id=17684]
  0x000001436389d000 GCTaskThread "GC Thread#5" [stack: 0x00000007d3600000,0x00000007d3700000] [id=6512]
  0x0000014363247000 GCTaskThread "GC Thread#6" [stack: 0x00000007d3700000,0x00000007d3800000] [id=21812]
  0x0000014364f42800 GCTaskThread "GC Thread#7" [stack: 0x00000007d4300000,0x00000007d4400000] [id=18456]
  0x0000014347d29000 ConcurrentGCThread "G1 Main Marker" [stack: 0x00000007d2100000,0x00000007d2200000] [id=22192]
  0x0000014347d2a800 ConcurrentGCThread "G1 Conc#0" [stack: 0x00000007d2200000,0x00000007d2300000] [id=22672]
  0x0000014363a27800 ConcurrentGCThread "G1 Conc#1" [stack: 0x00000007d4400000,0x00000007d4500000] [id=12788]
  0x0000014362066800 ConcurrentGCThread "G1 Refine#0" [stack: 0x00000007d2300000,0x00000007d2400000] [id=13576]
  0x0000014368348000 ConcurrentGCThread "G1 Refine#1" [stack: 0x00000007d5700000,0x00000007d5800000] [id=20452]
  0x0000014347dbe800 ConcurrentGCThread "G1 Young RemSet Sampling" [stack: 0x00000007d2400000,0x00000007d2500000] [id=18924]

Threads with active compile tasks:
C2 CompilerThread0  14866 6781       4       org.gradle.internal.service.DefaultServiceRegistry$ClassInspector$ClassDetails::collectTypes (63 bytes)
C1 CompilerThread0  14866 6828       3       com.google.common.reflect.Types::newParameterizedTypeWithOwner (44 bytes)
C2 CompilerThread1  14866 6722   !   4       com.google.common.reflect.TypeVisitor::visit (244 bytes)
C2 CompilerThread2  14866 6799       4       org.objectweb.asm.Frame::execute (2318 bytes)

VM state:not at safepoint (normal execution)

VM Mutex/Monitor currently owned by a thread: None

Heap address: 0x0000000080000000, size: 2048 MB, Compressed Oops mode: 32-bit
Narrow klass base: 0x0000000000000000, Narrow klass shift: 3
Compressed class space size: 1073741824 Address: 0x0000000100000000

Heap:
 garbage-first heap   total 327680K, used 157449K [0x0000000080000000, 0x0000000100000000)
  region size 1024K, 96 young (98304K), 22 survivors (22528K)
 Metaspace       used 64942K, capacity 66979K, committed 67148K, reserved 1107968K
  class space    used 8310K, capacity 9007K, committed 9036K, reserved 1048576K
Heap Regions: E=young(eden), S=young(survivor), O=old, HS=humongous(starts), HC=humongous(continues), CS=collection set, F=free, A=archive, TAMS=top-at-mark-start (previous, next)
|   0|0x0000000080000000, 0x0000000080100000, 0x0000000080100000|100%| O|  |TAMS 0x0000000080100000, 0x0000000080000000| Untracked 
|   1|0x0000000080100000, 0x0000000080200000, 0x0000000080200000|100%| O|  |TAMS 0x0000000080200000, 0x0000000080100000| Untracked 
|   2|0x0000000080200000, 0x0000000080300000, 0x0000000080300000|100%| O|  |TAMS 0x0000000080300000, 0x0000000080200000| Untracked 
|   3|0x0000000080300000, 0x0000000080400000, 0x0000000080400000|100%|HS|  |TAMS 0x0000000080400000, 0x0000000080300000| Complete 
|   4|0x0000000080400000, 0x0000000080500000, 0x0000000080500000|100%|HC|  |TAMS 0x0000000080500000, 0x0000000080400000| Complete 
|   5|0x0000000080500000, 0x0000000080600000, 0x0000000080600000|100%|HC|  |TAMS 0x0000000080600000, 0x0000000080500000| Complete 
|   6|0x0000000080600000, 0x0000000080700000, 0x0000000080700000|100%| O|  |TAMS 0x0000000080700000, 0x0000000080600000| Untracked 
|   7|0x0000000080700000, 0x0000000080800000, 0x0000000080800000|100%| O|  |TAMS 0x0000000080800000, 0x0000000080700000| Untracked 
|   8|0x0000000080800000, 0x0000000080900000, 0x0000000080900000|100%| O|  |TAMS 0x0000000080900000, 0x0000000080800000| Untracked 
|   9|0x0000000080900000, 0x0000000080a00000, 0x0000000080a00000|100%| O|  |TAMS 0x0000000080a00000, 0x0000000080900000| Untracked 
|  10|0x0000000080a00000, 0x0000000080b00000, 0x0000000080b00000|100%| O|  |TAMS 0x0000000080b00000, 0x0000000080a00000| Untracked 
|  11|0x0000000080b00000, 0x0000000080c00000, 0x0000000080c00000|100%| O|  |TAMS 0x0000000080c00000, 0x0000000080b00000| Untracked 
|  12|0x0000000080c00000, 0x0000000080d00000, 0x0000000080d00000|100%| O|  |TAMS 0x0000000080d00000, 0x0000000080c00000| Untracked 
|  13|0x0000000080d00000, 0x0000000080e00000, 0x0000000080e00000|100%| O|  |TAMS 0x0000000080e00000, 0x0000000080d00000| Untracked 
|  14|0x0000000080e00000, 0x0000000080f00000, 0x0000000080f00000|100%| O|  |TAMS 0x0000000080f00000, 0x0000000080e00000| Untracked 
|  15|0x0000000080f00000, 0x0000000081000000, 0x0000000081000000|100%| O|  |TAMS 0x0000000081000000, 0x0000000080f00000| Untracked 
|  16|0x0000000081000000, 0x0000000081100000, 0x0000000081100000|100%| O|  |TAMS 0x0000000081100000, 0x0000000081000000| Untracked 
|  17|0x0000000081100000, 0x0000000081200000, 0x0000000081200000|100%|HS|  |TAMS 0x0000000081200000, 0x0000000081100000| Complete 
|  18|0x0000000081200000, 0x0000000081300000, 0x0000000081300000|100%|HC|  |TAMS 0x0000000081300000, 0x0000000081200000| Complete 
|  19|0x0000000081300000, 0x0000000081400000, 0x0000000081400000|100%|HS|  |TAMS 0x0000000081400000, 0x0000000081300000| Complete 
|  20|0x0000000081400000, 0x0000000081500000, 0x0000000081500000|100%|HC|  |TAMS 0x0000000081500000, 0x0000000081400000| Complete 
|  21|0x0000000081500000, 0x0000000081600000, 0x0000000081600000|100%|HC|  |TAMS 0x0000000081600000, 0x0000000081500000| Complete 
|  22|0x0000000081600000, 0x0000000081700000, 0x0000000081700000|100%|HS|  |TAMS 0x0000000081700000, 0x0000000081600000| Complete 
|  23|0x0000000081700000, 0x0000000081800000, 0x0000000081800000|100%|HC|  |TAMS 0x0000000081800000, 0x0000000081700000| Complete 
|  24|0x0000000081800000, 0x0000000081900000, 0x0000000081900000|100%|HC|  |TAMS 0x0000000081900000, 0x0000000081800000| Complete 
|  25|0x0000000081900000, 0x0000000081a00000, 0x0000000081a00000|100%|HS|  |TAMS 0x0000000081a00000, 0x0000000081900000| Complete 
|  26|0x0000000081a00000, 0x0000000081b00000, 0x0000000081b00000|100%|HC|  |TAMS 0x0000000081b00000, 0x0000000081a00000| Complete 
|  27|0x0000000081b00000, 0x0000000081c00000, 0x0000000081c00000|100%|HC|  |TAMS 0x0000000081c00000, 0x0000000081b00000| Complete 
|  28|0x0000000081c00000, 0x0000000081d00000, 0x0000000081d00000|100%|HC|  |TAMS 0x0000000081d00000, 0x0000000081c00000| Complete 
|  29|0x0000000081d00000, 0x0000000081e00000, 0x0000000081e00000|100%|HC|  |TAMS 0x0000000081e00000, 0x0000000081d00000| Complete 
|  30|0x0000000081e00000, 0x0000000081f00000, 0x0000000081f00000|100%|HS|  |TAMS 0x0000000081e00000, 0x0000000081e00000| Complete 
|  31|0x0000000081f00000, 0x0000000082000000, 0x0000000082000000|100%|HS|  |TAMS 0x0000000081f00000, 0x0000000081f00000| Complete 
|  32|0x0000000082000000, 0x0000000082100000, 0x0000000082100000|100%| O|  |TAMS 0x0000000082000000, 0x0000000082000000| Untracked 
|  33|0x0000000082100000, 0x0000000082200000, 0x0000000082200000|100%|HS|  |TAMS 0x0000000082200000, 0x0000000082100000| Complete 
|  34|0x0000000082200000, 0x0000000082300000, 0x0000000082300000|100%|HC|  |TAMS 0x0000000082300000, 0x0000000082200000| Complete 
|  35|0x0000000082300000, 0x0000000082400000, 0x0000000082400000|100%|HS|  |TAMS 0x0000000082400000, 0x0000000082300000| Complete 
|  36|0x0000000082400000, 0x0000000082500000, 0x0000000082500000|100%|HC|  |TAMS 0x0000000082500000, 0x0000000082400000| Complete 
|  37|0x0000000082500000, 0x0000000082600000, 0x0000000082600000|100%|HC|  |TAMS 0x0000000082600000, 0x0000000082500000| Complete 
|  38|0x0000000082600000, 0x0000000082700000, 0x0000000082700000|100%|HC|  |TAMS 0x0000000082700000, 0x0000000082600000| Complete 
|  39|0x0000000082700000, 0x0000000082800000, 0x0000000082800000|100%|HS|  |TAMS 0x0000000082800000, 0x0000000082700000| Complete 
|  40|0x0000000082800000, 0x0000000082900000, 0x0000000082900000|100%|HC|  |TAMS 0x0000000082900000, 0x0000000082800000| Complete 
|  41|0x0000000082900000, 0x0000000082a00000, 0x0000000082a00000|100%|HC|  |TAMS 0x0000000082a00000, 0x0000000082900000| Complete 
|  42|0x0000000082a00000, 0x0000000082b00000, 0x0000000082b00000|100%|HS|  |TAMS 0x0000000082b00000, 0x0000000082a00000| Complete 
|  43|0x0000000082b00000, 0x0000000082c00000, 0x0000000082c00000|100%|HC|  |TAMS 0x0000000082c00000, 0x0000000082b00000| Complete 
|  44|0x0000000082c00000, 0x0000000082d00000, 0x0000000082d00000|100%|HC|  |TAMS 0x0000000082d00000, 0x0000000082c00000| Complete 
|  45|0x0000000082d00000, 0x0000000082e00000, 0x0000000082e00000|100%| O|  |TAMS 0x0000000082d00000, 0x0000000082d00000| Untracked 
|  46|0x0000000082e00000, 0x0000000082f00000, 0x0000000082f00000|100%| O|  |TAMS 0x0000000082f00000, 0x0000000082e00000| Untracked 
|  47|0x0000000082f00000, 0x0000000083000000, 0x0000000083000000|100%| O|  |TAMS 0x0000000082f98c00, 0x0000000082f00000| Untracked 
|  48|0x0000000083000000, 0x0000000083100000, 0x0000000083100000|100%|HS|  |TAMS 0x0000000083000000, 0x0000000083000000| Complete 
|  49|0x0000000083100000, 0x0000000083200000, 0x0000000083200000|100%|HC|  |TAMS 0x0000000083100000, 0x0000000083100000| Complete 
|  50|0x0000000083200000, 0x0000000083300000, 0x0000000083300000|100%|HC|  |TAMS 0x0000000083200000, 0x0000000083200000| Complete 
|  51|0x0000000083300000, 0x0000000083400000, 0x0000000083400000|100%|HC|  |TAMS 0x0000000083300000, 0x0000000083300000| Complete 
|  52|0x0000000083400000, 0x0000000083500000, 0x0000000083500000|100%|HC|  |TAMS 0x0000000083400000, 0x0000000083400000| Complete 
|  53|0x0000000083500000, 0x0000000083600000, 0x0000000083600000|100%| O|  |TAMS 0x0000000083500000, 0x0000000083500000| Untracked 
|  54|0x0000000083600000, 0x0000000083700000, 0x0000000083700000|100%| O|  |TAMS 0x0000000083600000, 0x0000000083600000| Untracked 
|  55|0x0000000083700000, 0x0000000083800000, 0x0000000083800000|100%| O|  |TAMS 0x0000000083700000, 0x0000000083700000| Untracked 
|  56|0x0000000083800000, 0x00000000838c2400, 0x0000000083900000| 75%| O|  |TAMS 0x0000000083800000, 0x0000000083800000| Untracked 
|  57|0x0000000083900000, 0x0000000083a00000, 0x0000000083a00000|100%|HS|  |TAMS 0x0000000083900000, 0x0000000083900000| Complete 
|  58|0x0000000083a00000, 0x0000000083b00000, 0x0000000083b00000|100%|HS|  |TAMS 0x0000000083a00000, 0x0000000083a00000| Complete 
|  59|0x0000000083b00000, 0x0000000083c00000, 0x0000000083c00000|100%|HC|  |TAMS 0x0000000083b00000, 0x0000000083b00000| Complete 
|  60|0x0000000083c00000, 0x0000000083c00000, 0x0000000083d00000|  0%| F|  |TAMS 0x0000000083c00000, 0x0000000083c00000| Untracked 
|  61|0x0000000083d00000, 0x0000000083d00000, 0x0000000083e00000|  0%| F|  |TAMS 0x0000000083d00000, 0x0000000083d00000| Untracked 
|  62|0x0000000083e00000, 0x0000000083e00000, 0x0000000083f00000|  0%| F|  |TAMS 0x0000000083e00000, 0x0000000083e00000| Untracked 
|  63|0x0000000083f00000, 0x0000000083f00000, 0x0000000084000000|  0%| F|  |TAMS 0x0000000083f00000, 0x0000000083f00000| Untracked 
|  64|0x0000000084000000, 0x0000000084000000, 0x0000000084100000|  0%| F|  |TAMS 0x0000000084000000, 0x0000000084000000| Untracked 
|  65|0x0000000084100000, 0x0000000084100000, 0x0000000084200000|  0%| F|  |TAMS 0x0000000084100000, 0x0000000084100000| Untracked 
|  66|0x0000000084200000, 0x0000000084200000, 0x0000000084300000|  0%| F|  |TAMS 0x0000000084200000, 0x0000000084200000| Untracked 
|  67|0x0000000084300000, 0x0000000084300000, 0x0000000084400000|  0%| F|  |TAMS 0x0000000084300000, 0x0000000084300000| Untracked 
|  68|0x0000000084400000, 0x0000000084400000, 0x0000000084500000|  0%| F|  |TAMS 0x0000000084400000, 0x0000000084400000| Untracked 
|  69|0x0000000084500000, 0x0000000084500000, 0x0000000084600000|  0%| F|  |TAMS 0x0000000084500000, 0x0000000084500000| Untracked 
|  70|0x0000000084600000, 0x0000000084600000, 0x0000000084700000|  0%| F|  |TAMS 0x0000000084600000, 0x0000000084600000| Untracked 
|  71|0x0000000084700000, 0x0000000084700000, 0x0000000084800000|  0%| F|  |TAMS 0x0000000084700000, 0x0000000084700000| Untracked 
|  72|0x0000000084800000, 0x0000000084800000, 0x0000000084900000|  0%| F|  |TAMS 0x0000000084800000, 0x0000000084800000| Untracked 
|  73|0x0000000084900000, 0x0000000084900000, 0x0000000084a00000|  0%| F|  |TAMS 0x0000000084900000, 0x0000000084900000| Untracked 
|  74|0x0000000084a00000, 0x0000000084a00000, 0x0000000084b00000|  0%| F|  |TAMS 0x0000000084a00000, 0x0000000084a00000| Untracked 
|  75|0x0000000084b00000, 0x0000000084b00000, 0x0000000084c00000|  0%| F|  |TAMS 0x0000000084b00000, 0x0000000084b00000| Untracked 
|  76|0x0000000084c00000, 0x0000000084c00000, 0x0000000084d00000|  0%| F|  |TAMS 0x0000000084c00000, 0x0000000084c00000| Untracked 
|  77|0x0000000084d00000, 0x0000000084d00000, 0x0000000084e00000|  0%| F|  |TAMS 0x0000000084d00000, 0x0000000084d00000| Untracked 
|  78|0x0000000084e00000, 0x0000000084e00000, 0x0000000084f00000|  0%| F|  |TAMS 0x0000000084e00000, 0x0000000084e00000| Untracked 
|  79|0x0000000084f00000, 0x0000000084f00000, 0x0000000085000000|  0%| F|  |TAMS 0x0000000084f00000, 0x0000000084f00000| Untracked 
|  80|0x0000000085000000, 0x0000000085000000, 0x0000000085100000|  0%| F|  |TAMS 0x0000000085000000, 0x0000000085000000| Untracked 
|  81|0x0000000085100000, 0x0000000085100000, 0x0000000085200000|  0%| F|  |TAMS 0x0000000085100000, 0x0000000085100000| Untracked 
|  82|0x0000000085200000, 0x0000000085200000, 0x0000000085300000|  0%| F|  |TAMS 0x0000000085200000, 0x0000000085200000| Untracked 
|  83|0x0000000085300000, 0x0000000085300000, 0x0000000085400000|  0%| F|  |TAMS 0x0000000085300000, 0x0000000085300000| Untracked 
|  84|0x0000000085400000, 0x0000000085400000, 0x0000000085500000|  0%| F|  |TAMS 0x0000000085400000, 0x0000000085400000| Untracked 
|  85|0x0000000085500000, 0x0000000085500000, 0x0000000085600000|  0%| F|  |TAMS 0x0000000085500000, 0x0000000085500000| Untracked 
|  86|0x0000000085600000, 0x0000000085600000, 0x0000000085700000|  0%| F|  |TAMS 0x0000000085600000, 0x0000000085600000| Untracked 
|  87|0x0000000085700000, 0x0000000085700000, 0x0000000085800000|  0%| F|  |TAMS 0x0000000085700000, 0x0000000085700000| Untracked 
|  88|0x0000000085800000, 0x0000000085800000, 0x0000000085900000|  0%| F|  |TAMS 0x0000000085800000, 0x0000000085800000| Untracked 
|  89|0x0000000085900000, 0x0000000085900000, 0x0000000085a00000|  0%| F|  |TAMS 0x0000000085900000, 0x0000000085900000| Untracked 
|  90|0x0000000085a00000, 0x0000000085a00000, 0x0000000085b00000|  0%| F|  |TAMS 0x0000000085a00000, 0x0000000085a00000| Untracked 
|  91|0x0000000085b00000, 0x0000000085b00000, 0x0000000085c00000|  0%| F|  |TAMS 0x0000000085b00000, 0x0000000085b00000| Untracked 
|  92|0x0000000085c00000, 0x0000000085c00000, 0x0000000085d00000|  0%| F|  |TAMS 0x0000000085c00000, 0x0000000085c00000| Untracked 
|  93|0x0000000085d00000, 0x0000000085d00000, 0x0000000085e00000|  0%| F|  |TAMS 0x0000000085d00000, 0x0000000085d00000| Untracked 
|  94|0x0000000085e00000, 0x0000000085e00000, 0x0000000085f00000|  0%| F|  |TAMS 0x0000000085e00000, 0x0000000085e00000| Untracked 
|  95|0x0000000085f00000, 0x0000000085f00000, 0x0000000086000000|  0%| F|  |TAMS 0x0000000085f00000, 0x0000000085f00000| Untracked 
|  96|0x0000000086000000, 0x0000000086000000, 0x0000000086100000|  0%| F|  |TAMS 0x0000000086000000, 0x0000000086000000| Untracked 
|  97|0x0000000086100000, 0x0000000086100000, 0x0000000086200000|  0%| F|  |TAMS 0x0000000086100000, 0x0000000086100000| Untracked 
|  98|0x0000000086200000, 0x0000000086200000, 0x0000000086300000|  0%| F|  |TAMS 0x0000000086200000, 0x0000000086200000| Untracked 
|  99|0x0000000086300000, 0x0000000086300000, 0x0000000086400000|  0%| F|  |TAMS 0x0000000086300000, 0x0000000086300000| Untracked 
| 100|0x0000000086400000, 0x0000000086400000, 0x0000000086500000|  0%| F|  |TAMS 0x0000000086400000, 0x0000000086400000| Untracked 
| 101|0x0000000086500000, 0x0000000086500000, 0x0000000086600000|  0%| F|  |TAMS 0x0000000086500000, 0x0000000086500000| Untracked 
| 102|0x0000000086600000, 0x0000000086600000, 0x0000000086700000|  0%| F|  |TAMS 0x0000000086600000, 0x0000000086600000| Untracked 
| 103|0x0000000086700000, 0x0000000086700000, 0x0000000086800000|  0%| F|  |TAMS 0x0000000086700000, 0x0000000086700000| Untracked 
| 104|0x0000000086800000, 0x0000000086800000, 0x0000000086900000|  0%| F|  |TAMS 0x0000000086800000, 0x0000000086800000| Untracked 
| 105|0x0000000086900000, 0x0000000086900000, 0x0000000086a00000|  0%| F|  |TAMS 0x0000000086900000, 0x0000000086900000| Untracked 
| 106|0x0000000086a00000, 0x0000000086a00000, 0x0000000086b00000|  0%| F|  |TAMS 0x0000000086a00000, 0x0000000086a00000| Untracked 
| 107|0x0000000086b00000, 0x0000000086b00000, 0x0000000086c00000|  0%| F|  |TAMS 0x0000000086b00000, 0x0000000086b00000| Untracked 
| 108|0x0000000086c00000, 0x0000000086c00000, 0x0000000086d00000|  0%| F|  |TAMS 0x0000000086c00000, 0x0000000086c00000| Untracked 
| 109|0x0000000086d00000, 0x0000000086d00000, 0x0000000086e00000|  0%| F|  |TAMS 0x0000000086d00000, 0x0000000086d00000| Untracked 
| 110|0x0000000086e00000, 0x0000000086e00000, 0x0000000086f00000|  0%| F|  |TAMS 0x0000000086e00000, 0x0000000086e00000| Untracked 
| 111|0x0000000086f00000, 0x0000000086f00000, 0x0000000087000000|  0%| F|  |TAMS 0x0000000086f00000, 0x0000000086f00000| Untracked 
| 112|0x0000000087000000, 0x0000000087000000, 0x0000000087100000|  0%| F|  |TAMS 0x0000000087000000, 0x0000000087000000| Untracked 
| 113|0x0000000087100000, 0x0000000087100000, 0x0000000087200000|  0%| F|  |TAMS 0x0000000087100000, 0x0000000087100000| Untracked 
| 114|0x0000000087200000, 0x0000000087200000, 0x0000000087300000|  0%| F|  |TAMS 0x0000000087200000, 0x0000000087200000| Untracked 
| 115|0x0000000087300000, 0x0000000087300000, 0x0000000087400000|  0%| F|  |TAMS 0x0000000087300000, 0x0000000087300000| Untracked 
| 116|0x0000000087400000, 0x0000000087400000, 0x0000000087500000|  0%| F|  |TAMS 0x0000000087400000, 0x0000000087400000| Untracked 
| 117|0x0000000087500000, 0x0000000087500000, 0x0000000087600000|  0%| F|  |TAMS 0x0000000087500000, 0x0000000087500000| Untracked 
| 118|0x0000000087600000, 0x0000000087600000, 0x0000000087700000|  0%| F|  |TAMS 0x0000000087600000, 0x0000000087600000| Untracked 
| 119|0x0000000087700000, 0x0000000087700000, 0x0000000087800000|  0%| F|  |TAMS 0x0000000087700000, 0x0000000087700000| Untracked 
| 120|0x0000000087800000, 0x0000000087800000, 0x0000000087900000|  0%| F|  |TAMS 0x0000000087800000, 0x0000000087800000| Untracked 
| 121|0x0000000087900000, 0x0000000087900000, 0x0000000087a00000|  0%| F|  |TAMS 0x0000000087900000, 0x0000000087900000| Untracked 
| 122|0x0000000087a00000, 0x0000000087a00000, 0x0000000087b00000|  0%| F|  |TAMS 0x0000000087a00000, 0x0000000087a00000| Untracked 
| 123|0x0000000087b00000, 0x0000000087c00000, 0x0000000087c00000|100%| S|CS|TAMS 0x0000000087b00000, 0x0000000087b00000| Complete 
| 124|0x0000000087c00000, 0x0000000087d00000, 0x0000000087d00000|100%| S|CS|TAMS 0x0000000087c00000, 0x0000000087c00000| Complete 
| 125|0x0000000087d00000, 0x0000000087e00000, 0x0000000087e00000|100%| S|CS|TAMS 0x0000000087d00000, 0x0000000087d00000| Complete 
| 126|0x0000000087e00000, 0x0000000087f00000, 0x0000000087f00000|100%| S|CS|TAMS 0x0000000087e00000, 0x0000000087e00000| Complete 
| 127|0x0000000087f00000, 0x0000000088000000, 0x0000000088000000|100%| S|CS|TAMS 0x0000000087f00000, 0x0000000087f00000| Complete 
| 128|0x0000000088000000, 0x0000000088100000, 0x0000000088100000|100%| S|CS|TAMS 0x0000000088000000, 0x0000000088000000| Complete 
| 129|0x0000000088100000, 0x0000000088200000, 0x0000000088200000|100%| S|CS|TAMS 0x0000000088100000, 0x0000000088100000| Complete 
| 130|0x0000000088200000, 0x0000000088300000, 0x0000000088300000|100%| S|CS|TAMS 0x0000000088200000, 0x0000000088200000| Complete 
| 131|0x0000000088300000, 0x0000000088400000, 0x0000000088400000|100%| S|CS|TAMS 0x0000000088300000, 0x0000000088300000| Complete 
| 132|0x0000000088400000, 0x0000000088500000, 0x0000000088500000|100%| S|CS|TAMS 0x0000000088400000, 0x0000000088400000| Complete 
| 133|0x0000000088500000, 0x0000000088600000, 0x0000000088600000|100%| S|CS|TAMS 0x0000000088500000, 0x0000000088500000| Complete 
| 134|0x0000000088600000, 0x0000000088700000, 0x0000000088700000|100%| S|CS|TAMS 0x0000000088600000, 0x0000000088600000| Complete 
| 135|0x0000000088700000, 0x0000000088800000, 0x0000000088800000|100%| S|CS|TAMS 0x0000000088700000, 0x0000000088700000| Complete 
| 136|0x0000000088800000, 0x0000000088900000, 0x0000000088900000|100%| S|CS|TAMS 0x0000000088800000, 0x0000000088800000| Complete 
| 137|0x0000000088900000, 0x0000000088a00000, 0x0000000088a00000|100%| S|CS|TAMS 0x0000000088900000, 0x0000000088900000| Complete 
| 138|0x0000000088a00000, 0x0000000088b00000, 0x0000000088b00000|100%| S|CS|TAMS 0x0000000088a00000, 0x0000000088a00000| Complete 
| 139|0x0000000088b00000, 0x0000000088c00000, 0x0000000088c00000|100%| S|CS|TAMS 0x0000000088b00000, 0x0000000088b00000| Complete 
| 140|0x0000000088c00000, 0x0000000088d00000, 0x0000000088d00000|100%| S|CS|TAMS 0x0000000088c00000, 0x0000000088c00000| Complete 
| 141|0x0000000088d00000, 0x0000000088e00000, 0x0000000088e00000|100%| S|CS|TAMS 0x0000000088d00000, 0x0000000088d00000| Complete 
| 142|0x0000000088e00000, 0x0000000088f00000, 0x0000000088f00000|100%| S|CS|TAMS 0x0000000088e00000, 0x0000000088e00000| Complete 
| 143|0x0000000088f00000, 0x0000000089000000, 0x0000000089000000|100%| S|CS|TAMS 0x0000000088f00000, 0x0000000088f00000| Complete 
| 144|0x0000000089000000, 0x0000000089100000, 0x0000000089100000|100%| S|CS|TAMS 0x0000000089000000, 0x0000000089000000| Complete 
| 145|0x0000000089100000, 0x0000000089100000, 0x0000000089200000|  0%| F|  |TAMS 0x0000000089100000, 0x0000000089100000| Untracked 
| 146|0x0000000089200000, 0x0000000089200000, 0x0000000089300000|  0%| F|  |TAMS 0x0000000089200000, 0x0000000089200000| Untracked 
| 147|0x0000000089300000, 0x0000000089300000, 0x0000000089400000|  0%| F|  |TAMS 0x0000000089300000, 0x0000000089300000| Untracked 
| 148|0x0000000089400000, 0x0000000089400000, 0x0000000089500000|  0%| F|  |TAMS 0x0000000089400000, 0x0000000089400000| Untracked 
| 149|0x0000000089500000, 0x0000000089500000, 0x0000000089600000|  0%| F|  |TAMS 0x0000000089500000, 0x0000000089500000| Untracked 
| 150|0x0000000089600000, 0x0000000089600000, 0x0000000089700000|  0%| F|  |TAMS 0x0000000089600000, 0x0000000089600000| Untracked 
| 151|0x0000000089700000, 0x0000000089700000, 0x0000000089800000|  0%| F|  |TAMS 0x0000000089700000, 0x0000000089700000| Untracked 
| 152|0x0000000089800000, 0x0000000089800000, 0x0000000089900000|  0%| F|  |TAMS 0x0000000089800000, 0x0000000089800000| Untracked 
| 153|0x0000000089900000, 0x0000000089900000, 0x0000000089a00000|  0%| F|  |TAMS 0x0000000089900000, 0x0000000089900000| Untracked 
| 154|0x0000000089a00000, 0x0000000089a00000, 0x0000000089b00000|  0%| F|  |TAMS 0x0000000089a00000, 0x0000000089a00000| Untracked 
| 155|0x0000000089b00000, 0x0000000089b00000, 0x0000000089c00000|  0%| F|  |TAMS 0x0000000089b00000, 0x0000000089b00000| Untracked 
| 156|0x0000000089c00000, 0x0000000089c00000, 0x0000000089d00000|  0%| F|  |TAMS 0x0000000089c00000, 0x0000000089c00000| Untracked 
| 157|0x0000000089d00000, 0x0000000089d00000, 0x0000000089e00000|  0%| F|  |TAMS 0x0000000089d00000, 0x0000000089d00000| Untracked 
| 158|0x0000000089e00000, 0x0000000089e00000, 0x0000000089f00000|  0%| F|  |TAMS 0x0000000089e00000, 0x0000000089e00000| Untracked 
| 159|0x0000000089f00000, 0x0000000089f00000, 0x000000008a000000|  0%| F|  |TAMS 0x0000000089f00000, 0x0000000089f00000| Untracked 
| 160|0x000000008a000000, 0x000000008a000000, 0x000000008a100000|  0%| F|  |TAMS 0x000000008a000000, 0x000000008a000000| Untracked 
| 161|0x000000008a100000, 0x000000008a100000, 0x000000008a200000|  0%| F|  |TAMS 0x000000008a100000, 0x000000008a100000| Untracked 
| 162|0x000000008a200000, 0x000000008a200000, 0x000000008a300000|  0%| F|  |TAMS 0x000000008a200000, 0x000000008a200000| Untracked 
| 163|0x000000008a300000, 0x000000008a300000, 0x000000008a400000|  0%| F|  |TAMS 0x000000008a300000, 0x000000008a300000| Untracked 
| 164|0x000000008a400000, 0x000000008a400000, 0x000000008a500000|  0%| F|  |TAMS 0x000000008a400000, 0x000000008a400000| Untracked 
| 165|0x000000008a500000, 0x000000008a500000, 0x000000008a600000|  0%| F|  |TAMS 0x000000008a500000, 0x000000008a500000| Untracked 
| 166|0x000000008a600000, 0x000000008a600000, 0x000000008a700000|  0%| F|  |TAMS 0x000000008a600000, 0x000000008a600000| Untracked 
| 167|0x000000008a700000, 0x000000008a700000, 0x000000008a800000|  0%| F|  |TAMS 0x000000008a700000, 0x000000008a700000| Untracked 
| 168|0x000000008a800000, 0x000000008a800000, 0x000000008a900000|  0%| F|  |TAMS 0x000000008a800000, 0x000000008a800000| Untracked 
| 169|0x000000008a900000, 0x000000008a900000, 0x000000008aa00000|  0%| F|  |TAMS 0x000000008a900000, 0x000000008a900000| Untracked 
| 170|0x000000008aa00000, 0x000000008aa00000, 0x000000008ab00000|  0%| F|  |TAMS 0x000000008aa00000, 0x000000008aa00000| Untracked 
| 171|0x000000008ab00000, 0x000000008ab00000, 0x000000008ac00000|  0%| F|  |TAMS 0x000000008ab00000, 0x000000008ab00000| Untracked 
| 172|0x000000008ac00000, 0x000000008ac00000, 0x000000008ad00000|  0%| F|  |TAMS 0x000000008ac00000, 0x000000008ac00000| Untracked 
| 173|0x000000008ad00000, 0x000000008ad00000, 0x000000008ae00000|  0%| F|  |TAMS 0x000000008ad00000, 0x000000008ad00000| Untracked 
| 174|0x000000008ae00000, 0x000000008ae00000, 0x000000008af00000|  0%| F|  |TAMS 0x000000008ae00000, 0x000000008ae00000| Untracked 
| 175|0x000000008af00000, 0x000000008af00000, 0x000000008b000000|  0%| F|  |TAMS 0x000000008af00000, 0x000000008af00000| Untracked 
| 176|0x000000008b000000, 0x000000008b000000, 0x000000008b100000|  0%| F|  |TAMS 0x000000008b000000, 0x000000008b000000| Untracked 
| 177|0x000000008b100000, 0x000000008b100000, 0x000000008b200000|  0%| F|  |TAMS 0x000000008b100000, 0x000000008b100000| Untracked 
| 178|0x000000008b200000, 0x000000008b200000, 0x000000008b300000|  0%| F|  |TAMS 0x000000008b200000, 0x000000008b200000| Untracked 
| 179|0x000000008b300000, 0x000000008b300000, 0x000000008b400000|  0%| F|  |TAMS 0x000000008b300000, 0x000000008b300000| Untracked 
| 180|0x000000008b400000, 0x000000008b400000, 0x000000008b500000|  0%| F|  |TAMS 0x000000008b400000, 0x000000008b400000| Untracked 
| 181|0x000000008b500000, 0x000000008b500000, 0x000000008b600000|  0%| F|  |TAMS 0x000000008b500000, 0x000000008b500000| Untracked 
| 182|0x000000008b600000, 0x000000008b600000, 0x000000008b700000|  0%| F|  |TAMS 0x000000008b600000, 0x000000008b600000| Untracked 
| 183|0x000000008b700000, 0x000000008b700000, 0x000000008b800000|  0%| F|  |TAMS 0x000000008b700000, 0x000000008b700000| Untracked 
| 184|0x000000008b800000, 0x000000008b800000, 0x000000008b900000|  0%| F|  |TAMS 0x000000008b800000, 0x000000008b800000| Untracked 
| 185|0x000000008b900000, 0x000000008b900000, 0x000000008ba00000|  0%| F|  |TAMS 0x000000008b900000, 0x000000008b900000| Untracked 
| 186|0x000000008ba00000, 0x000000008ba00000, 0x000000008bb00000|  0%| F|  |TAMS 0x000000008ba00000, 0x000000008ba00000| Untracked 
| 187|0x000000008bb00000, 0x000000008bb00000, 0x000000008bc00000|  0%| F|  |TAMS 0x000000008bb00000, 0x000000008bb00000| Untracked 
| 188|0x000000008bc00000, 0x000000008bc00000, 0x000000008bd00000|  0%| F|  |TAMS 0x000000008bc00000, 0x000000008bc00000| Untracked 
| 189|0x000000008bd00000, 0x000000008bd00000, 0x000000008be00000|  0%| F|  |TAMS 0x000000008bd00000, 0x000000008bd00000| Untracked 
| 190|0x000000008be00000, 0x000000008be00000, 0x000000008bf00000|  0%| F|  |TAMS 0x000000008be00000, 0x000000008be00000| Untracked 
| 191|0x000000008bf00000, 0x000000008bf00000, 0x000000008c000000|  0%| F|  |TAMS 0x000000008bf00000, 0x000000008bf00000| Untracked 
| 192|0x000000008c000000, 0x000000008c000000, 0x000000008c100000|  0%| F|  |TAMS 0x000000008c000000, 0x000000008c000000| Untracked 
| 193|0x000000008c100000, 0x000000008c100000, 0x000000008c200000|  0%| F|  |TAMS 0x000000008c100000, 0x000000008c100000| Untracked 
| 194|0x000000008c200000, 0x000000008c200000, 0x000000008c300000|  0%| F|  |TAMS 0x000000008c200000, 0x000000008c200000| Untracked 
| 195|0x000000008c300000, 0x000000008c300000, 0x000000008c400000|  0%| F|  |TAMS 0x000000008c300000, 0x000000008c300000| Untracked 
| 196|0x000000008c400000, 0x000000008c400000, 0x000000008c500000|  0%| F|  |TAMS 0x000000008c400000, 0x000000008c400000| Untracked 
| 197|0x000000008c500000, 0x000000008c500000, 0x000000008c600000|  0%| F|  |TAMS 0x000000008c500000, 0x000000008c500000| Untracked 
| 198|0x000000008c600000, 0x000000008c600000, 0x000000008c700000|  0%| F|  |TAMS 0x000000008c600000, 0x000000008c600000| Untracked 
| 199|0x000000008c700000, 0x000000008c700000, 0x000000008c800000|  0%| F|  |TAMS 0x000000008c700000, 0x000000008c700000| Untracked 
| 200|0x000000008c800000, 0x000000008c800000, 0x000000008c900000|  0%| F|  |TAMS 0x000000008c800000, 0x000000008c800000| Untracked 
| 201|0x000000008c900000, 0x000000008c900000, 0x000000008ca00000|  0%| F|  |TAMS 0x000000008c900000, 0x000000008c900000| Untracked 
| 202|0x000000008ca00000, 0x000000008ca00000, 0x000000008cb00000|  0%| F|  |TAMS 0x000000008ca00000, 0x000000008ca00000| Untracked 
| 203|0x000000008cb00000, 0x000000008cb00000, 0x000000008cc00000|  0%| F|  |TAMS 0x000000008cb00000, 0x000000008cb00000| Untracked 
| 204|0x000000008cc00000, 0x000000008cc00000, 0x000000008cd00000|  0%| F|  |TAMS 0x000000008cc00000, 0x000000008cc00000| Untracked 
| 205|0x000000008cd00000, 0x000000008cd00000, 0x000000008ce00000|  0%| F|  |TAMS 0x000000008cd00000, 0x000000008cd00000| Untracked 
| 206|0x000000008ce00000, 0x000000008ce00000, 0x000000008cf00000|  0%| F|  |TAMS 0x000000008ce00000, 0x000000008ce00000| Untracked 
| 207|0x000000008cf00000, 0x000000008cf00000, 0x000000008d000000|  0%| F|  |TAMS 0x000000008cf00000, 0x000000008cf00000| Untracked 
| 208|0x000000008d000000, 0x000000008d000000, 0x000000008d100000|  0%| F|  |TAMS 0x000000008d000000, 0x000000008d000000| Untracked 
| 209|0x000000008d100000, 0x000000008d100000, 0x000000008d200000|  0%| F|  |TAMS 0x000000008d100000, 0x000000008d100000| Untracked 
| 210|0x000000008d200000, 0x000000008d200000, 0x000000008d300000|  0%| F|  |TAMS 0x000000008d200000, 0x000000008d200000| Untracked 
| 211|0x000000008d300000, 0x000000008d300000, 0x000000008d400000|  0%| F|  |TAMS 0x000000008d300000, 0x000000008d300000| Untracked 
| 212|0x000000008d400000, 0x000000008d400000, 0x000000008d500000|  0%| F|  |TAMS 0x000000008d400000, 0x000000008d400000| Untracked 
| 213|0x000000008d500000, 0x000000008d500000, 0x000000008d600000|  0%| F|  |TAMS 0x000000008d500000, 0x000000008d500000| Untracked 
| 214|0x000000008d600000, 0x000000008d600000, 0x000000008d700000|  0%| F|  |TAMS 0x000000008d600000, 0x000000008d600000| Untracked 
| 215|0x000000008d700000, 0x000000008d700000, 0x000000008d800000|  0%| F|  |TAMS 0x000000008d700000, 0x000000008d700000| Untracked 
| 216|0x000000008d800000, 0x000000008d800000, 0x000000008d900000|  0%| F|  |TAMS 0x000000008d800000, 0x000000008d800000| Untracked 
| 217|0x000000008d900000, 0x000000008d900000, 0x000000008da00000|  0%| F|  |TAMS 0x000000008d900000, 0x000000008d900000| Untracked 
| 218|0x000000008da00000, 0x000000008da00000, 0x000000008db00000|  0%| F|  |TAMS 0x000000008da00000, 0x000000008da00000| Untracked 
| 219|0x000000008db00000, 0x000000008db00000, 0x000000008dc00000|  0%| F|  |TAMS 0x000000008db00000, 0x000000008db00000| Untracked 
| 220|0x000000008dc00000, 0x000000008dc00000, 0x000000008dd00000|  0%| F|  |TAMS 0x000000008dc00000, 0x000000008dc00000| Untracked 
| 221|0x000000008dd00000, 0x000000008dd00000, 0x000000008de00000|  0%| F|  |TAMS 0x000000008dd00000, 0x000000008dd00000| Untracked 
| 222|0x000000008de00000, 0x000000008de00000, 0x000000008df00000|  0%| F|  |TAMS 0x000000008de00000, 0x000000008de00000| Untracked 
| 223|0x000000008df00000, 0x000000008df00000, 0x000000008e000000|  0%| F|  |TAMS 0x000000008df00000, 0x000000008df00000| Untracked 
| 224|0x000000008e000000, 0x000000008e000000, 0x000000008e100000|  0%| F|  |TAMS 0x000000008e000000, 0x000000008e000000| Untracked 
| 225|0x000000008e100000, 0x000000008e100000, 0x000000008e200000|  0%| F|  |TAMS 0x000000008e100000, 0x000000008e100000| Untracked 
| 226|0x000000008e200000, 0x000000008e200000, 0x000000008e300000|  0%| F|  |TAMS 0x000000008e200000, 0x000000008e200000| Untracked 
| 227|0x000000008e300000, 0x000000008e300000, 0x000000008e400000|  0%| F|  |TAMS 0x000000008e300000, 0x000000008e300000| Untracked 
| 228|0x000000008e400000, 0x000000008e400000, 0x000000008e500000|  0%| F|  |TAMS 0x000000008e400000, 0x000000008e400000| Untracked 
| 229|0x000000008e500000, 0x000000008e500000, 0x000000008e600000|  0%| F|  |TAMS 0x000000008e500000, 0x000000008e500000| Untracked 
| 230|0x000000008e600000, 0x000000008e600000, 0x000000008e700000|  0%| F|  |TAMS 0x000000008e600000, 0x000000008e600000| Untracked 
| 231|0x000000008e700000, 0x000000008e700000, 0x000000008e800000|  0%| F|  |TAMS 0x000000008e700000, 0x000000008e700000| Untracked 
| 232|0x000000008e800000, 0x000000008e800000, 0x000000008e900000|  0%| F|  |TAMS 0x000000008e800000, 0x000000008e800000| Untracked 
| 233|0x000000008e900000, 0x000000008e900000, 0x000000008ea00000|  0%| F|  |TAMS 0x000000008e900000, 0x000000008e900000| Untracked 
| 234|0x000000008ea00000, 0x000000008ea00000, 0x000000008eb00000|  0%| F|  |TAMS 0x000000008ea00000, 0x000000008ea00000| Untracked 
| 235|0x000000008eb00000, 0x000000008eb00000, 0x000000008ec00000|  0%| F|  |TAMS 0x000000008eb00000, 0x000000008eb00000| Untracked 
| 236|0x000000008ec00000, 0x000000008ec00000, 0x000000008ed00000|  0%| F|  |TAMS 0x000000008ec00000, 0x000000008ec00000| Untracked 
| 237|0x000000008ed00000, 0x000000008ed00000, 0x000000008ee00000|  0%| F|  |TAMS 0x000000008ed00000, 0x000000008ed00000| Untracked 
| 238|0x000000008ee00000, 0x000000008ee00000, 0x000000008ef00000|  0%| F|  |TAMS 0x000000008ee00000, 0x000000008ee00000| Untracked 
| 239|0x000000008ef00000, 0x000000008ef00000, 0x000000008f000000|  0%| F|  |TAMS 0x000000008ef00000, 0x000000008ef00000| Untracked 
| 240|0x000000008f000000, 0x000000008f000000, 0x000000008f100000|  0%| F|  |TAMS 0x000000008f000000, 0x000000008f000000| Untracked 
| 241|0x000000008f100000, 0x000000008f100000, 0x000000008f200000|  0%| F|  |TAMS 0x000000008f100000, 0x000000008f100000| Untracked 
| 242|0x000000008f200000, 0x000000008f200000, 0x000000008f300000|  0%| F|  |TAMS 0x000000008f200000, 0x000000008f200000| Untracked 
| 243|0x000000008f300000, 0x000000008f300000, 0x000000008f400000|  0%| F|  |TAMS 0x000000008f300000, 0x000000008f300000| Untracked 
| 244|0x000000008f400000, 0x000000008f400000, 0x000000008f500000|  0%| F|  |TAMS 0x000000008f400000, 0x000000008f400000| Untracked 
| 245|0x000000008f500000, 0x000000008f580800, 0x000000008f600000| 50%| E|  |TAMS 0x000000008f500000, 0x000000008f500000| Complete 
| 246|0x000000008f600000, 0x000000008f700000, 0x000000008f700000|100%| E|CS|TAMS 0x000000008f600000, 0x000000008f600000| Complete 
| 247|0x000000008f700000, 0x000000008f800000, 0x000000008f800000|100%| E|CS|TAMS 0x000000008f700000, 0x000000008f700000| Complete 
| 248|0x000000008f800000, 0x000000008f900000, 0x000000008f900000|100%| E|CS|TAMS 0x000000008f800000, 0x000000008f800000| Complete 
| 249|0x000000008f900000, 0x000000008fa00000, 0x000000008fa00000|100%| E|CS|TAMS 0x000000008f900000, 0x000000008f900000| Complete 
| 250|0x000000008fa00000, 0x000000008fb00000, 0x000000008fb00000|100%| E|CS|TAMS 0x000000008fa00000, 0x000000008fa00000| Complete 
| 251|0x000000008fb00000, 0x000000008fc00000, 0x000000008fc00000|100%| E|CS|TAMS 0x000000008fb00000, 0x000000008fb00000| Complete 
| 252|0x000000008fc00000, 0x000000008fd00000, 0x000000008fd00000|100%| E|CS|TAMS 0x000000008fc00000, 0x000000008fc00000| Complete 
| 253|0x000000008fd00000, 0x000000008fe00000, 0x000000008fe00000|100%| E|CS|TAMS 0x000000008fd00000, 0x000000008fd00000| Complete 
| 254|0x000000008fe00000, 0x000000008ff00000, 0x000000008ff00000|100%| E|CS|TAMS 0x000000008fe00000, 0x000000008fe00000| Complete 
| 255|0x000000008ff00000, 0x0000000090000000, 0x0000000090000000|100%| E|CS|TAMS 0x000000008ff00000, 0x000000008ff00000| Complete 
| 256|0x0000000090000000, 0x0000000090100000, 0x0000000090100000|100%| E|CS|TAMS 0x0000000090000000, 0x0000000090000000| Complete 
| 257|0x0000000090100000, 0x0000000090200000, 0x0000000090200000|100%| E|CS|TAMS 0x0000000090100000, 0x0000000090100000| Complete 
| 258|0x0000000090200000, 0x0000000090300000, 0x0000000090300000|100%| E|CS|TAMS 0x0000000090200000, 0x0000000090200000| Complete 
| 259|0x0000000090300000, 0x0000000090400000, 0x0000000090400000|100%| E|CS|TAMS 0x0000000090300000, 0x0000000090300000| Complete 
| 260|0x0000000090400000, 0x0000000090500000, 0x0000000090500000|100%| E|CS|TAMS 0x0000000090400000, 0x0000000090400000| Complete 
| 261|0x0000000090500000, 0x0000000090600000, 0x0000000090600000|100%| E|CS|TAMS 0x0000000090500000, 0x0000000090500000| Complete 
| 262|0x0000000090600000, 0x0000000090700000, 0x0000000090700000|100%| E|CS|TAMS 0x0000000090600000, 0x0000000090600000| Complete 
| 263|0x0000000090700000, 0x0000000090800000, 0x0000000090800000|100%| E|CS|TAMS 0x0000000090700000, 0x0000000090700000| Complete 
| 264|0x0000000090800000, 0x0000000090900000, 0x0000000090900000|100%| E|CS|TAMS 0x0000000090800000, 0x0000000090800000| Complete 
| 265|0x0000000090900000, 0x0000000090a00000, 0x0000000090a00000|100%| E|CS|TAMS 0x0000000090900000, 0x0000000090900000| Complete 
| 266|0x0000000090a00000, 0x0000000090b00000, 0x0000000090b00000|100%| E|CS|TAMS 0x0000000090a00000, 0x0000000090a00000| Complete 
| 267|0x0000000090b00000, 0x0000000090c00000, 0x0000000090c00000|100%| E|CS|TAMS 0x0000000090b00000, 0x0000000090b00000| Complete 
| 268|0x0000000090c00000, 0x0000000090d00000, 0x0000000090d00000|100%| E|CS|TAMS 0x0000000090c00000, 0x0000000090c00000| Complete 
| 269|0x0000000090d00000, 0x0000000090e00000, 0x0000000090e00000|100%| E|CS|TAMS 0x0000000090d00000, 0x0000000090d00000| Complete 
| 270|0x0000000090e00000, 0x0000000090f00000, 0x0000000090f00000|100%| E|CS|TAMS 0x0000000090e00000, 0x0000000090e00000| Complete 
| 271|0x0000000090f00000, 0x0000000091000000, 0x0000000091000000|100%| E|CS|TAMS 0x0000000090f00000, 0x0000000090f00000| Complete 
| 272|0x0000000091000000, 0x0000000091100000, 0x0000000091100000|100%| E|CS|TAMS 0x0000000091000000, 0x0000000091000000| Complete 
| 273|0x0000000091100000, 0x0000000091200000, 0x0000000091200000|100%| E|CS|TAMS 0x0000000091100000, 0x0000000091100000| Complete 
| 274|0x0000000091200000, 0x0000000091300000, 0x0000000091300000|100%| E|CS|TAMS 0x0000000091200000, 0x0000000091200000| Complete 
| 275|0x0000000091300000, 0x0000000091400000, 0x0000000091400000|100%| E|CS|TAMS 0x0000000091300000, 0x0000000091300000| Complete 
| 276|0x0000000091400000, 0x0000000091500000, 0x0000000091500000|100%| E|CS|TAMS 0x0000000091400000, 0x0000000091400000| Complete 
| 277|0x0000000091500000, 0x0000000091600000, 0x0000000091600000|100%| E|CS|TAMS 0x0000000091500000, 0x0000000091500000| Complete 
| 278|0x0000000091600000, 0x0000000091700000, 0x0000000091700000|100%| E|CS|TAMS 0x0000000091600000, 0x0000000091600000| Complete 
| 279|0x0000000091700000, 0x0000000091800000, 0x0000000091800000|100%| E|CS|TAMS 0x0000000091700000, 0x0000000091700000| Complete 
| 280|0x0000000091800000, 0x0000000091900000, 0x0000000091900000|100%| E|CS|TAMS 0x0000000091800000, 0x0000000091800000| Complete 
| 281|0x0000000091900000, 0x0000000091a00000, 0x0000000091a00000|100%| E|CS|TAMS 0x0000000091900000, 0x0000000091900000| Complete 
| 282|0x0000000091a00000, 0x0000000091b00000, 0x0000000091b00000|100%| E|CS|TAMS 0x0000000091a00000, 0x0000000091a00000| Complete 
| 283|0x0000000091b00000, 0x0000000091c00000, 0x0000000091c00000|100%| E|CS|TAMS 0x0000000091b00000, 0x0000000091b00000| Complete 
| 284|0x0000000091c00000, 0x0000000091d00000, 0x0000000091d00000|100%| E|CS|TAMS 0x0000000091c00000, 0x0000000091c00000| Complete 
| 285|0x0000000091d00000, 0x0000000091e00000, 0x0000000091e00000|100%| E|CS|TAMS 0x0000000091d00000, 0x0000000091d00000| Complete 
| 286|0x0000000091e00000, 0x0000000091f00000, 0x0000000091f00000|100%| E|CS|TAMS 0x0000000091e00000, 0x0000000091e00000| Complete 
| 287|0x0000000091f00000, 0x0000000092000000, 0x0000000092000000|100%| E|CS|TAMS 0x0000000091f00000, 0x0000000091f00000| Complete 
| 288|0x0000000092000000, 0x0000000092100000, 0x0000000092100000|100%| E|CS|TAMS 0x0000000092000000, 0x0000000092000000| Complete 
| 289|0x0000000092100000, 0x0000000092200000, 0x0000000092200000|100%| E|CS|TAMS 0x0000000092100000, 0x0000000092100000| Complete 
| 290|0x0000000092200000, 0x0000000092300000, 0x0000000092300000|100%| E|CS|TAMS 0x0000000092200000, 0x0000000092200000| Complete 
| 291|0x0000000092300000, 0x0000000092400000, 0x0000000092400000|100%| E|CS|TAMS 0x0000000092300000, 0x0000000092300000| Complete 
| 292|0x0000000092400000, 0x0000000092500000, 0x0000000092500000|100%| E|CS|TAMS 0x0000000092400000, 0x0000000092400000| Complete 
| 293|0x0000000092500000, 0x0000000092600000, 0x0000000092600000|100%| E|CS|TAMS 0x0000000092500000, 0x0000000092500000| Complete 
| 294|0x0000000092600000, 0x0000000092700000, 0x0000000092700000|100%| E|CS|TAMS 0x0000000092600000, 0x0000000092600000| Complete 
| 295|0x0000000092700000, 0x0000000092800000, 0x0000000092800000|100%| E|CS|TAMS 0x0000000092700000, 0x0000000092700000| Complete 
| 296|0x0000000092800000, 0x0000000092900000, 0x0000000092900000|100%| E|CS|TAMS 0x0000000092800000, 0x0000000092800000| Complete 
| 297|0x0000000092900000, 0x0000000092a00000, 0x0000000092a00000|100%| E|CS|TAMS 0x0000000092900000, 0x0000000092900000| Complete 
| 298|0x0000000092a00000, 0x0000000092b00000, 0x0000000092b00000|100%| E|CS|TAMS 0x0000000092a00000, 0x0000000092a00000| Complete 
| 299|0x0000000092b00000, 0x0000000092c00000, 0x0000000092c00000|100%| E|CS|TAMS 0x0000000092b00000, 0x0000000092b00000| Complete 
| 300|0x0000000092c00000, 0x0000000092d00000, 0x0000000092d00000|100%| E|CS|TAMS 0x0000000092c00000, 0x0000000092c00000| Complete 
| 301|0x0000000092d00000, 0x0000000092e00000, 0x0000000092e00000|100%| E|CS|TAMS 0x0000000092d00000, 0x0000000092d00000| Complete 
| 302|0x0000000092e00000, 0x0000000092f00000, 0x0000000092f00000|100%| E|CS|TAMS 0x0000000092e00000, 0x0000000092e00000| Complete 
| 303|0x0000000092f00000, 0x0000000093000000, 0x0000000093000000|100%| E|CS|TAMS 0x0000000092f00000, 0x0000000092f00000| Complete 
| 304|0x0000000093000000, 0x0000000093100000, 0x0000000093100000|100%| E|CS|TAMS 0x0000000093000000, 0x0000000093000000| Complete 
| 305|0x0000000093100000, 0x0000000093200000, 0x0000000093200000|100%| E|CS|TAMS 0x0000000093100000, 0x0000000093100000| Complete 
| 306|0x0000000093200000, 0x0000000093300000, 0x0000000093300000|100%| E|CS|TAMS 0x0000000093200000, 0x0000000093200000| Complete 
| 307|0x0000000093300000, 0x0000000093400000, 0x0000000093400000|100%| E|CS|TAMS 0x0000000093300000, 0x0000000093300000| Complete 
| 308|0x0000000093400000, 0x0000000093500000, 0x0000000093500000|100%| E|CS|TAMS 0x0000000093400000, 0x0000000093400000| Complete 
| 309|0x0000000093500000, 0x0000000093600000, 0x0000000093600000|100%| E|CS|TAMS 0x0000000093500000, 0x0000000093500000| Complete 
| 310|0x0000000093600000, 0x0000000093700000, 0x0000000093700000|100%| E|CS|TAMS 0x0000000093600000, 0x0000000093600000| Complete 
| 311|0x0000000093700000, 0x0000000093800000, 0x0000000093800000|100%| E|CS|TAMS 0x0000000093700000, 0x0000000093700000| Complete 
| 312|0x0000000093800000, 0x0000000093900000, 0x0000000093900000|100%| E|CS|TAMS 0x0000000093800000, 0x0000000093800000| Complete 
| 313|0x0000000093900000, 0x0000000093a00000, 0x0000000093a00000|100%| E|CS|TAMS 0x0000000093900000, 0x0000000093900000| Complete 
| 314|0x0000000093a00000, 0x0000000093b00000, 0x0000000093b00000|100%| E|CS|TAMS 0x0000000093a00000, 0x0000000093a00000| Complete 
| 315|0x0000000093b00000, 0x0000000093c00000, 0x0000000093c00000|100%| E|  |TAMS 0x0000000093b00000, 0x0000000093b00000| Complete 
| 316|0x0000000093c00000, 0x0000000093d00000, 0x0000000093d00000|100%| E|CS|TAMS 0x0000000093c00000, 0x0000000093c00000| Complete 
| 317|0x0000000093d00000, 0x0000000093e00000, 0x0000000093e00000|100%| E|CS|TAMS 0x0000000093d00000, 0x0000000093d00000| Complete 
| 318|0x0000000093e00000, 0x0000000093f00000, 0x0000000093f00000|100%| E|CS|TAMS 0x0000000093e00000, 0x0000000093e00000| Complete 
| 319|0x0000000093f00000, 0x0000000094000000, 0x0000000094000000|100%| E|CS|TAMS 0x0000000093f00000, 0x0000000093f00000| Complete 

Card table byte_map: [0x000001435af30000,0x000001435b330000] _byte_map_base: 0x000001435ab30000

Marking Bits (Prev, Next): (CMBitMap*) 0x0000014347d20580, (CMBitMap*) 0x0000014347d20548
 Prev Bits: [0x000001435d730000, 0x000001435f730000)
 Next Bits: [0x000001435b730000, 0x000001435d730000)

Polling page: 0x00000143474c0000

Metaspace:

Usage:
  Non-class:     56.69 MB capacity,    55.36 MB ( 98%) used,     1.15 MB (  2%) free+waste,   176.88 KB ( <1%) overhead. 
      Class:      8.80 MB capacity,     8.13 MB ( 92%) used,   608.25 KB (  7%) free+waste,    84.56 KB ( <1%) overhead. 
       Both:     65.49 MB capacity,    63.49 MB ( 97%) used,     1.75 MB (  3%) free+waste,   261.44 KB ( <1%) overhead. 

Virtual space:
  Non-class space:       58.00 MB reserved,      56.75 MB ( 98%) committed 
      Class space:        1.00 GB reserved,       8.82 MB ( <1%) committed 
             Both:        1.06 GB reserved,      65.57 MB (  6%) committed 

Chunk freelists:
   Non-Class:  0 bytes
       Class:  10.00 KB
        Both:  10.00 KB

MaxMetaspaceSize: 17179869184.00 GB
CompressedClassSpaceSize: 1.00 GB
Initial GC threshold: 20.80 MB
Current GC threshold: 77.83 MB
CDS: off

CodeHeap 'non-profiled nmethods': size=120000Kb used=4189Kb max_used=4189Kb free=115810Kb
 bounds [0x00000143532d0000, 0x00000143536f0000, 0x000001435a800000]
CodeHeap 'profiled nmethods': size=120000Kb used=13907Kb max_used=13907Kb free=106092Kb
 bounds [0x000001434bda0000, 0x000001434cb40000, 0x00000143532d0000]
CodeHeap 'non-nmethods': size=5760Kb used=2334Kb max_used=2362Kb free=3426Kb
 bounds [0x000001434b800000, 0x000001434ba70000, 0x000001434bda0000]
 total_blobs=7601 nmethods=6754 adapters=758
 compilation: enabled
              stopped_count=0, restarted_count=0
 full_count=0

Compilation events (20 events):
Event: 14.814 Thread 0x0000014362a8e800 6804       3       com.google.common.reflect.TypeToken::someRawTypeIsSubclassOf (42 bytes)
Event: 14.815 Thread 0x0000014362a8e800 nmethod 6804 0x000001434cb19310 code [0x000001434cb19620, 0x000001434cb1aa78]
Event: 14.815 Thread 0x0000014362a8e800 6805       3       org.gradle.internal.instantiation.generator.AbstractClassGenerator::inspectType (560 bytes)
Event: 14.821 Thread 0x0000014362a8e800 nmethod 6805 0x000001434cb1b090 code [0x000001434cb1b8a0, 0x000001434cb20ac8]
Event: 14.821 Thread 0x0000014362a8e800 6806       3       com.google.common.collect.AbstractMapBasedMultimap$WrappedCollection$WrappedIterator::hasNext (14 bytes)
Event: 14.821 Thread 0x0000014362a8e800 nmethod 6806 0x000001434cb22410 code [0x000001434cb22600, 0x000001434cb22a08]
Event: 14.822 Thread 0x0000014362a8e800 6807       3       com.google.common.reflect.TypeResolver::resolveTypes (32 bytes)
Event: 14.823 Thread 0x0000014362a8e800 nmethod 6807 0x000001434cb22b90 code [0x000001434cb22d60, 0x000001434cb231a8]
Event: 14.824 Thread 0x0000014362a8e800 6808       3       com.google.common.collect.AbstractMapBasedMultimap$WrappedCollection::iterator (13 bytes)
Event: 14.825 Thread 0x0000014362a8e800 nmethod 6808 0x000001434cb23310 code [0x000001434cb23540, 0x000001434cb23da8]
Event: 14.825 Thread 0x0000014362a8e800 6809       3       com.google.common.collect.AbstractMapBasedMultimap$WrappedCollection$WrappedIterator::<init> (32 bytes)
Event: 14.825 Thread 0x0000014362a8e800 nmethod 6809 0x000001434cb23f90 code [0x000001434cb241a0, 0x000001434cb248b8]
Event: 14.825 Thread 0x0000014362a8e800 6810       3       com.google.common.collect.AbstractMapBasedMultimap::access$100 (5 bytes)
Event: 14.826 Thread 0x0000014362a8e800 nmethod 6810 0x000001434cb24a90 code [0x000001434cb24c80, 0x000001434cb25198]
Event: 14.826 Thread 0x0000014362a8e800 6811       3       com.google.common.collect.AbstractMapBasedMultimap::iteratorOrListIterator (26 bytes)
Event: 14.826 Thread 0x0000014362a8e800 nmethod 6811 0x000001434cb25310 code [0x000001434cb25500, 0x000001434cb259b8]
Event: 14.826 Thread 0x0000014362a8e800 6812       3       com.google.common.collect.LinkedHashMultimap$ValueSet::iterator (9 bytes)
Event: 14.827 Thread 0x0000014362a8e800 nmethod 6812 0x000001434cb25b10 code [0x000001434cb25ce0, 0x000001434cb25fd8]
Event: 14.827 Thread 0x0000014362a8e800 6813       3       com.google.common.collect.LinkedHashMultimap$ValueSet$1::<init> (32 bytes)
Event: 14.827 Thread 0x0000014362a8e800 nmethod 6813 0x000001434cb26110 code [0x000001434cb262e0, 0x000001434cb26538]

GC Heap History (14 events):
Event: 1.080 GC heap before
{Heap before GC invocations=0 (full 0):
 garbage-first heap   total 327680K, used 29696K [0x0000000080000000, 0x0000000100000000)
  region size 1024K, 24 young (24576K), 0 survivors (0K)
 Metaspace       used 9801K, capacity 9956K, committed 10112K, reserved 1058816K
  class space    used 1006K, capacity 1069K, committed 1152K, reserved 1048576K
}
Event: 1.085 GC heap after
{Heap after GC invocations=1 (full 0):
 garbage-first heap   total 327680K, used 9405K [0x0000000080000000, 0x0000000100000000)
  region size 1024K, 3 young (3072K), 3 survivors (3072K)
 Metaspace       used 9801K, capacity 9956K, committed 10112K, reserved 1058816K
  class space    used 1006K, capacity 1069K, committed 1152K, reserved 1048576K
}
Event: 4.443 GC heap before
{Heap before GC invocations=1 (full 0):
 garbage-first heap   total 327680K, used 112829K [0x0000000080000000, 0x0000000100000000)
  region size 1024K, 104 young (106496K), 3 survivors (3072K)
 Metaspace       used 20712K, capacity 21120K, committed 21248K, reserved 1067008K
  class space    used 2518K, capacity 2695K, committed 2816K, reserved 1048576K
}
Event: 4.455 GC heap after
{Heap after GC invocations=2 (full 0):
 garbage-first heap   total 327680K, used 17143K [0x0000000080000000, 0x0000000100000000)
  region size 1024K, 11 young (11264K), 11 survivors (11264K)
 Metaspace       used 20712K, capacity 21120K, committed 21248K, reserved 1067008K
  class space    used 2518K, capacity 2695K, committed 2816K, reserved 1048576K
}
Event: 4.795 GC heap before
{Heap before GC invocations=3 (full 0):
 garbage-first heap   total 327680K, used 37623K [0x0000000080000000, 0x0000000100000000)
  region size 1024K, 32 young (32768K), 11 survivors (11264K)
 Metaspace       used 22757K, capacity 23307K, committed 23552K, reserved 1069056K
  class space    used 2869K, capacity 3047K, committed 3072K, reserved 1048576K
}
Event: 4.801 GC heap after
{Heap after GC invocations=4 (full 0):
 garbage-first heap   total 327680K, used 18450K [0x0000000080000000, 0x0000000100000000)
  region size 1024K, 2 young (2048K), 2 survivors (2048K)
 Metaspace       used 22757K, capacity 23307K, committed 23552K, reserved 1069056K
  class space    used 2869K, capacity 3047K, committed 3072K, reserved 1048576K
}
Event: 6.891 GC heap before
{Heap before GC invocations=4 (full 0):
 garbage-first heap   total 327680K, used 134162K [0x0000000080000000, 0x0000000100000000)
  region size 1024K, 102 young (104448K), 2 survivors (2048K)
 Metaspace       used 32156K, capacity 33075K, committed 33408K, reserved 1077248K
  class space    used 4302K, capacity 4620K, committed 4736K, reserved 1048576K
}
Event: 6.895 GC heap after
{Heap after GC invocations=5 (full 0):
 garbage-first heap   total 327680K, used 37186K [0x0000000080000000, 0x0000000100000000)
  region size 1024K, 7 young (7168K), 7 survivors (7168K)
 Metaspace       used 32156K, capacity 33075K, committed 33408K, reserved 1077248K
  class space    used 4302K, capacity 4620K, committed 4736K, reserved 1048576K
}
Event: 7.313 GC heap before
{Heap before GC invocations=5 (full 0):
 garbage-first heap   total 327680K, used 50498K [0x0000000080000000, 0x0000000100000000)
  region size 1024K, 21 young (21504K), 7 survivors (7168K)
 Metaspace       used 34868K, capacity 35775K, committed 35840K, reserved 1081344K
  class space    used 4604K, capacity 4965K, committed 4992K, reserved 1048576K
}
Event: 7.322 GC heap after
{Heap after GC invocations=6 (full 0):
 garbage-first heap   total 327680K, used 38803K [0x0000000080000000, 0x0000000100000000)
  region size 1024K, 9 young (9216K), 9 survivors (9216K)
 Metaspace       used 34868K, capacity 35775K, committed 35840K, reserved 1081344K
  class space    used 4604K, capacity 4965K, committed 4992K, reserved 1048576K
}
Event: 10.087 GC heap before
{Heap before GC invocations=7 (full 0):
 garbage-first heap   total 327680K, used 183187K [0x0000000080000000, 0x0000000100000000)
  region size 1024K, 135 young (138240K), 9 survivors (9216K)
 Metaspace       used 46153K, capacity 47414K, committed 47564K, reserved 1091584K
  class space    used 5788K, capacity 6271K, committed 6348K, reserved 1048576K
}
Event: 10.122 GC heap after
{Heap after GC invocations=8 (full 0):
 garbage-first heap   total 327680K, used 62051K [0x0000000080000000, 0x0000000100000000)
  region size 1024K, 17 young (17408K), 17 survivors (17408K)
 Metaspace       used 46153K, capacity 47414K, committed 47564K, reserved 1091584K
  class space    used 5788K, capacity 6271K, committed 6348K, reserved 1048576K
}
Event: 13.513 GC heap before
{Heap before GC invocations=9 (full 0):
 garbage-first heap   total 327680K, used 229987K [0x0000000080000000, 0x0000000100000000)
  region size 1024K, 175 young (179200K), 17 survivors (17408K)
 Metaspace       used 56440K, capacity 58261K, committed 58444K, reserved 1099776K
  class space    used 7235K, capacity 7897K, committed 8012K, reserved 1048576K
}
Event: 13.543 GC heap after
{Heap after GC invocations=10 (full 0):
 garbage-first heap   total 327680K, used 80649K [0x0000000080000000, 0x0000000100000000)
  region size 1024K, 22 young (22528K), 22 survivors (22528K)
 Metaspace       used 56440K, capacity 58261K, committed 58444K, reserved 1099776K
  class space    used 7235K, capacity 7897K, committed 8012K, reserved 1048576K
}

Deoptimization events (20 events):
Event: 14.006 Thread 0x000001436511a000 Uncommon trap: trap_request=0xffffff4d fr.pc=0x00000143534a3940 relative=0x0000000000000400
Event: 14.006 Thread 0x000001436511a000 Uncommon trap: reason=unstable_if action=reinterpret pc=0x00000143534a3940 method=java.lang.String.substring(I)Ljava/lang/String; @ 43 c2
Event: 14.006 Thread 0x000001436511a000 DEOPT PACKING pc=0x00000143534a3940 sp=0x00000007d3cf4f90
Event: 14.006 Thread 0x000001436511a000 DEOPT UNPACKING pc=0x000001434b84a1af sp=0x00000007d3cf4f68 mode 2
Event: 14.418 Thread 0x000001436511a000 Uncommon trap: trap_request=0xffffffdc fr.pc=0x00000143536beb60 relative=0x00000000000002a0
Event: 14.418 Thread 0x000001436511a000 Uncommon trap: reason=class_check action=make_not_entrant pc=0x00000143536beb60 method=java.util.ArrayList.toArray([Ljava/lang/Object;)[Ljava/lang/Object; @ 21 c2
Event: 14.418 Thread 0x000001436511a000 DEOPT PACKING pc=0x00000143536beb60 sp=0x00000007d3cf6350
Event: 14.418 Thread 0x000001436511a000 DEOPT UNPACKING pc=0x000001434b84a1af sp=0x00000007d3cf6320 mode 2
Event: 14.477 Thread 0x000001436511a000 Uncommon trap: trap_request=0xffffff4d fr.pc=0x000001435369c184 relative=0x0000000000000324
Event: 14.477 Thread 0x000001436511a000 Uncommon trap: reason=unstable_if action=reinterpret pc=0x000001435369c184 method=org.gradle.internal.instantiation.generator.AbstractClassGenerator$InjectionAnnotationValidator.validateMethod(Ljava/lang/reflect/Method;Lorg/gradle/internal/reflect/Propert
Event: 14.477 Thread 0x000001436511a000 DEOPT PACKING pc=0x000001435369c184 sp=0x00000007d3cf6cc0
Event: 14.477 Thread 0x000001436511a000 DEOPT UNPACKING pc=0x000001434b84a1af sp=0x00000007d3cf6c88 mode 2
Event: 14.477 Thread 0x000001436511a000 Uncommon trap: trap_request=0xffffff4d fr.pc=0x000001435369ce10 relative=0x0000000000000290
Event: 14.477 Thread 0x000001436511a000 Uncommon trap: reason=unstable_if action=reinterpret pc=0x000001435369ce10 method=org.gradle.internal.instantiation.generator.AbstractClassGenerator$InjectionAnnotationValidator.validateMethod(Ljava/lang/reflect/Method;Lorg/gradle/internal/reflect/Propert
Event: 14.477 Thread 0x000001436511a000 DEOPT PACKING pc=0x000001435369ce10 sp=0x00000007d3cf6c40
Event: 14.477 Thread 0x000001436511a000 DEOPT UNPACKING pc=0x000001434b84a1af sp=0x00000007d3cf6bf0 mode 2
Event: 14.651 Thread 0x000001436511a000 Uncommon trap: trap_request=0xffffffde fr.pc=0x00000143534b76a8 relative=0x0000000000001428
Event: 14.651 Thread 0x000001436511a000 Uncommon trap: reason=class_check action=maybe_recompile pc=0x00000143534b76a8 method=jdk.internal.loader.BuiltinClassLoader.loadClassOrNull(Ljava/lang/String;Z)Ljava/lang/Class; @ 86 c2
Event: 14.651 Thread 0x000001436511a000 DEOPT PACKING pc=0x00000143534b76a8 sp=0x00000007d3cf5470
Event: 14.651 Thread 0x000001436511a000 DEOPT UNPACKING pc=0x000001434b84a1af sp=0x00000007d3cf5438 mode 2

Classes redefined (0 events):
No events

Internal exceptions (20 events):
Event: 13.510 Thread 0x000001436511a000 Exception <a 'java/security/PrivilegedActionException'{0x00000000891d2be0}> (0x00000000891d2be0) thrown at [./src/hotspot/share/prims/jvm.cpp, line 1306]
Event: 13.510 Thread 0x000001436511a000 Exception <a 'java/security/PrivilegedActionException'{0x00000000891d4148}> (0x00000000891d4148) thrown at [./src/hotspot/share/prims/jvm.cpp, line 1306]
Event: 13.511 Thread 0x000001436511a000 Exception <a 'java/security/PrivilegedActionException'{0x00000000891d7290}> (0x00000000891d7290) thrown at [./src/hotspot/share/prims/jvm.cpp, line 1306]
Event: 13.511 Thread 0x000001436511a000 Exception <a 'java/security/PrivilegedActionException'{0x00000000891d87f8}> (0x00000000891d87f8) thrown at [./src/hotspot/share/prims/jvm.cpp, line 1306]
Event: 13.511 Thread 0x000001436511a000 Exception <a 'java/security/PrivilegedActionException'{0x00000000891db9f8}> (0x00000000891db9f8) thrown at [./src/hotspot/share/prims/jvm.cpp, line 1306]
Event: 13.511 Thread 0x000001436511a000 Exception <a 'java/security/PrivilegedActionException'{0x00000000891dcf60}> (0x00000000891dcf60) thrown at [./src/hotspot/share/prims/jvm.cpp, line 1306]
Event: 13.511 Thread 0x000001436511a000 Exception <a 'java/security/PrivilegedActionException'{0x00000000891e00b0}> (0x00000000891e00b0) thrown at [./src/hotspot/share/prims/jvm.cpp, line 1306]
Event: 13.511 Thread 0x000001436511a000 Exception <a 'java/security/PrivilegedActionException'{0x00000000891e1618}> (0x00000000891e1618) thrown at [./src/hotspot/share/prims/jvm.cpp, line 1306]
Event: 13.511 Thread 0x000001436511a000 Exception <a 'java/security/PrivilegedActionException'{0x00000000891e47b8}> (0x00000000891e47b8) thrown at [./src/hotspot/share/prims/jvm.cpp, line 1306]
Event: 13.511 Thread 0x000001436511a000 Exception <a 'java/security/PrivilegedActionException'{0x00000000891e5d20}> (0x00000000891e5d20) thrown at [./src/hotspot/share/prims/jvm.cpp, line 1306]
Event: 13.512 Thread 0x000001436511a000 Exception <a 'java/security/PrivilegedActionException'{0x00000000891e8f20}> (0x00000000891e8f20) thrown at [./src/hotspot/share/prims/jvm.cpp, line 1306]
Event: 13.512 Thread 0x000001436511a000 Exception <a 'java/security/PrivilegedActionException'{0x00000000891ea488}> (0x00000000891ea488) thrown at [./src/hotspot/share/prims/jvm.cpp, line 1306]
Event: 13.685 Thread 0x000001436511a000 Exception <a 'java/lang/ClassNotFoundException'{0x0000000093502510}: build_2cyrjgwo8prnl9evhlhdgte8sBeanInfo> (0x0000000093502510) thrown at [./src/hotspot/share/classfile/systemDictionary.cpp, line 231]
Event: 13.686 Thread 0x000001436511a000 Exception <a 'java/lang/ClassNotFoundException'{0x000000009350e3c0}: build_2cyrjgwo8prnl9evhlhdgte8sCustomizer> (0x000000009350e3c0) thrown at [./src/hotspot/share/classfile/systemDictionary.cpp, line 231]
Event: 13.868 Thread 0x000001436511a000 Exception <a 'java/lang/NoSuchMethodError'{0x0000000092aee190}: 'java.lang.Object java.lang.invoke.DirectMethodHandle$Holder.invokeStatic(java.lang.Object, java.lang.Object, java.lang.Object, java.lang.Object, int)'> (0x0000000092aee190) thrown at [./src/hotspot/share/interpreter/linkResolver.cpp, line 773]
Event: 13.869 Thread 0x000001436511a000 Exception <a 'java/lang/NoSuchMethodError'{0x0000000092af2e30}: 'java.lang.Object java.lang.invoke.DirectMethodHandle$Holder.invokeSpecial(java.lang.Object, java.lang.Object, java.lang.Object, java.lang.Object, java.lang.Object, int)'> (0x0000000092af2e30) thrown at [./src/hotspot/share/interpreter/linkResolver.cpp, line 773]
Event: 13.869 Thread 0x000001436511a000 Exception <a 'java/lang/NoSuchMethodError'{0x0000000092af7718}: 'java.lang.Object java.lang.invoke.Invokers$Holder.linkToTargetMethod(java.lang.Object, java.lang.Object, java.lang.Object, int, java.lang.Object)'> (0x0000000092af7718) thrown at [./src/hotspot/share/interpreter/linkResolver.cpp, line 773]
Event: 14.158 Thread 0x000001436511a000 Exception <a 'java/lang/NoSuchMethodError'{0x0000000091bd3540}: 'java.lang.Object java.lang.invoke.DirectMethodHandle$Holder.invokeSpecial(java.lang.Object, java.lang.Object, int, int, java.lang.Object, java.lang.Object, java.lang.Object)'> (0x0000000091bd3540) thrown at [./src/hotspot/share/interpreter/linkResolver.cpp, line 773]
Event: 14.158 Thread 0x000001436511a000 Exception <a 'java/lang/NoSuchMethodError'{0x0000000091bd7d68}: 'java.lang.Object java.lang.invoke.DelegatingMethodHandle$Holder.reinvoke_L(java.lang.Object, int, int, java.lang.Object, java.lang.Object, java.lang.Object)'> (0x0000000091bd7d68) thrown at [./src/hotspot/share/interpreter/linkResolver.cpp, line 773]
Event: 14.458 Thread 0x000001436511a000 Exception <a 'java/lang/NoSuchMethodError'{0x0000000090d66cf0}: 'int java.lang.invoke.DirectMethodHandle$Holder.invokeInterface(java.lang.Object, java.lang.Object, java.lang.Object, java.lang.Object)'> (0x0000000090d66cf0) thrown at [./src/hotspot/share/interpreter/linkResolver.cpp, line 773]

Events (20 events):
Event: 14.808 loading class org/gradle/api/artifacts/PublishArtifact
Event: 14.808 loading class org/gradle/api/artifacts/PublishArtifact done
Event: 14.808 loading class org/gradle/api/artifacts/Configuration
Event: 14.808 loading class org/gradle/api/artifacts/Configuration done
Event: 14.809 loading class org/gradle/api/Task
Event: 14.809 loading class org/gradle/api/Task done
Event: 14.809 loading class org/gradle/api/Task
Event: 14.809 loading class org/gradle/api/Task done
Event: 14.809 loading class org/gradle/api/Action
Event: 14.809 loading class org/gradle/api/Action done
Event: 14.809 loading class org/gradle/api/plugins/JvmEcosystemPlugin
Event: 14.809 loading class org/gradle/api/plugins/JvmEcosystemPlugin done
Event: 14.811 loading class org/gradle/api/internal/tasks/DefaultSourceSetContainer
Event: 14.811 loading class org/gradle/api/internal/tasks/DefaultSourceSetContainer done
Event: 14.818 loading class org/gradle/api/internal/tasks/DefaultSourceSetContainer$1
Event: 14.818 loading class org/gradle/api/internal/tasks/DefaultSourceSetContainer$1 done
Event: 14.820 loading class org/gradle/api/internal/artifacts/type/DefaultArtifactTypeContainer
Event: 14.820 loading class org/gradle/api/internal/artifacts/type/DefaultArtifactTypeContainer done
Event: 14.827 loading class org/gradle/api/internal/artifacts/type/DefaultArtifactTypeContainer$DefaultArtifactTypeDefinition
Event: 14.827 loading class org/gradle/api/internal/artifacts/type/DefaultArtifactTypeContainer$DefaultArtifactTypeDefinition done


Dynamic libraries:
0x00007ff601630000 - 0x00007ff60163a000 	F:\Programok\AndroidStudio\jre\bin\java.exe
0x00007ff9b1790000 - 0x00007ff9b1988000 	C:\Windows\SYSTEM32\ntdll.dll
0x00007ff9b0200000 - 0x00007ff9b02bf000 	C:\Windows\System32\KERNEL32.DLL
0x00007ff9af240000 - 0x00007ff9af51a000 	C:\Windows\System32\KERNELBASE.dll
0x00007ff9af6a0000 - 0x00007ff9af7a0000 	C:\Windows\System32\ucrtbase.dll
0x00007ff99dac0000 - 0x00007ff99dad9000 	F:\Programok\AndroidStudio\jre\bin\jli.dll
0x00007ff993960000 - 0x00007ff993977000 	F:\Programok\AndroidStudio\jre\bin\VCRUNTIME140.dll
0x00007ff9b0ba0000 - 0x00007ff9b0d3d000 	C:\Windows\System32\USER32.dll
0x00007ff99dc20000 - 0x00007ff99deba000 	C:\Windows\WinSxS\amd64_microsoft.windows.common-controls_6595b64144ccf1df_6.0.19041.1110_none_60b5254171f9507e\COMCTL32.dll
0x00007ff9af5c0000 - 0x00007ff9af5e2000 	C:\Windows\System32\win32u.dll
0x00007ff9b0ac0000 - 0x00007ff9b0b5e000 	C:\Windows\System32\msvcrt.dll
0x00007ff9b0a90000 - 0x00007ff9b0abb000 	C:\Windows\System32\GDI32.dll
0x00007ff9af130000 - 0x00007ff9af240000 	C:\Windows\System32\gdi32full.dll
0x00007ff9af520000 - 0x00007ff9af5bd000 	C:\Windows\System32\msvcp_win.dll
0x00007ff9b0b70000 - 0x00007ff9b0ba0000 	C:\Windows\System32\IMM32.DLL
0x00007ff976820000 - 0x00007ff9768bd000 	F:\Programok\AndroidStudio\jre\bin\msvcp140.dll
0x00007ff95c0a0000 - 0x00007ff95cba2000 	F:\Programok\AndroidStudio\jre\bin\server\jvm.dll
0x00007ff9b0150000 - 0x00007ff9b01fe000 	C:\Windows\System32\ADVAPI32.dll
0x00007ff9b16b0000 - 0x00007ff9b174c000 	C:\Windows\System32\sechost.dll
0x00007ff9afb30000 - 0x00007ff9afc56000 	C:\Windows\System32\RPCRT4.dll
0x00007ff9afd10000 - 0x00007ff9afd18000 	C:\Windows\System32\PSAPI.DLL
0x00007ff99d9b0000 - 0x00007ff99d9b9000 	C:\Windows\SYSTEM32\WSOCK32.dll
0x00007ff99d970000 - 0x00007ff99d997000 	C:\Windows\SYSTEM32\WINMM.dll
0x00007ff9b0d60000 - 0x00007ff9b0dcb000 	C:\Windows\System32\WS2_32.dll
0x00007ff9a9060000 - 0x00007ff9a906a000 	C:\Windows\SYSTEM32\VERSION.dll
0x00007ff9acd20000 - 0x00007ff9acd32000 	C:\Windows\SYSTEM32\kernel.appcore.dll
0x00007ff9a4b00000 - 0x00007ff9a4b11000 	F:\Programok\AndroidStudio\jre\bin\verify.dll
0x00007ff9a6940000 - 0x00007ff9a6b24000 	C:\Windows\SYSTEM32\DBGHELP.DLL
0x00007ff9a6540000 - 0x00007ff9a6574000 	C:\Windows\SYSTEM32\dbgcore.DLL
0x00007ff9aeea0000 - 0x00007ff9aef22000 	C:\Windows\System32\bcryptPrimitives.dll
0x00007ff9a1350000 - 0x00007ff9a1379000 	F:\Programok\AndroidStudio\jre\bin\java.dll
0x00007ff9a7ab0000 - 0x00007ff9a7abb000 	F:\Programok\AndroidStudio\jre\bin\jimage.dll
0x00007ff9a1300000 - 0x00007ff9a1318000 	F:\Programok\AndroidStudio\jre\bin\zip.dll
0x00007ff9b0f60000 - 0x00007ff9b16a4000 	C:\Windows\System32\SHELL32.dll
0x00007ff9acf20000 - 0x00007ff9ad6b3000 	C:\Windows\SYSTEM32\windows.storage.dll
0x00007ff9b0730000 - 0x00007ff9b0a84000 	C:\Windows\System32\combase.dll
0x00007ff9ae820000 - 0x00007ff9ae84e000 	C:\Windows\SYSTEM32\Wldp.dll
0x00007ff9afc60000 - 0x00007ff9afd0d000 	C:\Windows\System32\SHCORE.dll
0x00007ff9af7f0000 - 0x00007ff9af845000 	C:\Windows\System32\shlwapi.dll
0x00007ff9aede0000 - 0x00007ff9aedff000 	C:\Windows\SYSTEM32\profapi.dll
0x00007ff9a0fd0000 - 0x00007ff9a0fea000 	F:\Programok\AndroidStudio\jre\bin\net.dll
0x00007ff9a9cc0000 - 0x00007ff9a9dca000 	C:\Windows\SYSTEM32\WINHTTP.dll
0x00007ff9ae600000 - 0x00007ff9ae66a000 	C:\Windows\system32\mswsock.dll
0x00007ff9a0cc0000 - 0x00007ff9a0cd4000 	F:\Programok\AndroidStudio\jre\bin\nio.dll
0x00007ff986cb0000 - 0x00007ff986cd7000 	C:\Users\Benec\.gradle\native\e1d6ef7f7dcc3fd88c89a11ec53ec762bb8ba0a96d01ffa2cd45eb1d1d8dd5c5\windows-amd64\native-platform.dll
0x00007ff96ef70000 - 0x00007ff96f0b4000 	C:\Users\Benec\.gradle\native\0d407fdbe67a94daf76414ababcb853783967236a71b16ec16e742cd7a986fd3\windows-amd64\native-platform-file-events.dll
0x00007ff9a5290000 - 0x00007ff9a529a000 	F:\Programok\AndroidStudio\jre\bin\management.dll
0x00007ff9a4af0000 - 0x00007ff9a4afd000 	F:\Programok\AndroidStudio\jre\bin\management_ext.dll
0x00007ff9ae860000 - 0x00007ff9ae878000 	C:\Windows\SYSTEM32\CRYPTSP.dll
0x00007ff9aded0000 - 0x00007ff9adf04000 	C:\Windows\system32\rsaenh.dll
0x00007ff9af100000 - 0x00007ff9af127000 	C:\Windows\System32\bcrypt.dll
0x00007ff9aeda0000 - 0x00007ff9aedce000 	C:\Windows\SYSTEM32\USERENV.dll
0x00007ff9ae790000 - 0x00007ff9ae79c000 	C:\Windows\SYSTEM32\CRYPTBASE.dll
0x00007ff9ae2c0000 - 0x00007ff9ae2fc000 	C:\Windows\SYSTEM32\IPHLPAPI.DLL
0x00007ff9b0b60000 - 0x00007ff9b0b68000 	C:\Windows\System32\NSI.dll
0x00007ff9a81a0000 - 0x00007ff9a81b7000 	C:\Windows\SYSTEM32\dhcpcsvc6.DLL
0x00007ff9a8100000 - 0x00007ff9a811d000 	C:\Windows\SYSTEM32\dhcpcsvc.DLL
0x00007ff9ae300000 - 0x00007ff9ae3cb000 	C:\Windows\SYSTEM32\DNSAPI.dll

dbghelp: loaded successfully - version: 4.0.5 - missing functions: none
symbol engine: initialized successfully - sym options: 0x614 - pdb path: .;F:\Programok\AndroidStudio\jre\bin;C:\Windows\SYSTEM32;C:\Windows\WinSxS\amd64_microsoft.windows.common-controls_6595b64144ccf1df_6.0.19041.1110_none_60b5254171f9507e;F:\Programok\AndroidStudio\jre\bin\server;C:\Users\Benec\.gradle\native\e1d6ef7f7dcc3fd88c89a11ec53ec762bb8ba0a96d01ffa2cd45eb1d1d8dd5c5\windows-amd64;C:\Users\Benec\.gradle\native\0d407fdbe67a94daf76414ababcb853783967236a71b16ec16e742cd7a986fd3\windows-amd64

VM Arguments:
jvm_args: --add-opens=java.base/java.util=ALL-UNNAMED --add-opens=java.base/java.lang=ALL-UNNAMED --add-opens=java.base/java.lang.invoke=ALL-UNNAMED --add-opens=java.base/java.util=ALL-UNNAMED --add-opens=java.prefs/java.util.prefs=ALL-UNNAMED --add-opens=java.prefs/java.util.prefs=ALL-UNNAMED --add-opens=java.base/java.nio.charset=ALL-UNNAMED --add-opens=java.base/java.net=ALL-UNNAMED --add-opens=java.base/java.util.concurrent.atomic=ALL-UNNAMED -Xmx2048m -Dfile.encoding=UTF-8 -Duser.country=US -Duser.language=en -Duser.variant 
java_command: org.gradle.launcher.daemon.bootstrap.GradleDaemon 7.4
java_class_path (initial): C:\Users\Benec\.gradle\wrapper\dists\gradle-7.4-bin\c0gwcg53nkjbqw7r0h0umtfvt\gradle-7.4\lib\gradle-launcher-7.4.jar
Launcher Type: SUN_STANDARD

[Global flags]
     intx CICompilerCount                          = 4                                         {product} {ergonomic}
     uint ConcGCThreads                            = 2                                         {product} {ergonomic}
     uint G1ConcRefinementThreads                  = 8                                         {product} {ergonomic}
   size_t G1HeapRegionSize                         = 1048576                                   {product} {ergonomic}
    uintx GCDrainStackTargetSize                   = 64                                        {product} {ergonomic}
   size_t InitialHeapSize                          = 335544320                                 {product} {ergonomic}
   size_t MarkStackSize                            = 4194304                                   {product} {ergonomic}
   size_t MaxHeapSize                              = 2147483648                                {product} {command line}
   size_t MaxNewSize                               = 1287651328                                {product} {ergonomic}
   size_t MinHeapDeltaBytes                        = 1048576                                   {product} {ergonomic}
    uintx NonNMethodCodeHeapSize                   = 5836300                                {pd product} {ergonomic}
    uintx NonProfiledCodeHeapSize                  = 122910970                              {pd product} {ergonomic}
    uintx ProfiledCodeHeapSize                     = 122910970                              {pd product} {ergonomic}
    uintx ReservedCodeCacheSize                    = 251658240                              {pd product} {ergonomic}
     bool SegmentedCodeCache                       = true                                      {product} {ergonomic}
     bool UseCompressedClassPointers               = true                                 {lp64_product} {ergonomic}
     bool UseCompressedOops                        = true                                 {lp64_product} {ergonomic}
     bool UseG1GC                                  = true                                      {product} {ergonomic}
     bool UseLargePagesIndividualAllocation        = false                                  {pd product} {ergonomic}

Logging:
Log output configuration:
 #0: stdout all=warning uptime,level,tags
 #1: stderr all=off uptime,level,tags

Environment Variables:
JAVA_HOME=C:\Program Files\Java\jdk-11.0.17
PATH=C:\Program Files\Common Files\Oracle\Java\javapath;C:\Program Files (x86)\Common Files\Oracle\Java\javapath;C:\Windows\system32;C:\Windows;C:\Windows\System32\Wbem;C:\Windows\System32\WindowsPowerShell\v1.0\;C:\Windows\System32\OpenSSH\;C:\Program Files (x86)\NVIDIA Corporation\PhysX\Common;C:\Program Files\NVIDIA Corporation\NVIDIA NvDLISR;C:\Program Files\Git\cmd;F:\Programok\flutter\bin;F:\Programok\SQLite;C:\Program Files\Docker\Docker\resources\bin;F:\Programok\instantclient_12_2;C:\Users\Benec\AppData\Local\Programs\Python\Python39\Scripts\;C:\Users\Benec\AppData\Local\Programs\Python\Python39\;C:\Users\Benec\AppData\Local\Microsoft\WindowsApps;F:\Programok\PyCharm 2022.2.3\bin;;F:\Programok\IntelliJ IDEA 2022.2.3\bin;;F:\Programok\CLion 2022.2.4\bin;;F:\Programok\Microsoft VS Code\bin;F:\Programok\flutter\bin;F:\iskola\smalltalk-3.2\build-aux;F:\Programok\WebStorm 2022.3.2\bin;;F:\Programok\PhpStorm 2022.3.3\bin;;C:\Users\Benec\AppData\Local\GitHubDesktop\bin
USERNAME=Benec
OS=Windows_NT
PROCESSOR_IDENTIFIER=Intel64 Family 6 Model 142 Stepping 10, GenuineIntel



---------------  S Y S T E M  ---------------

OS: Windows 10 , 64 bit Build 19041 (10.0.19041.2788)
OS uptime: 21 days 20:45 hours
Hyper-V role detected

CPU:total 8 (initial active 8) (4 cores per cpu, 2 threads per core) family 6 model 142 stepping 10 microcode 0xb4, cmov, cx8, fxsr, mmx, sse, sse2, sse3, ssse3, sse4.1, sse4.2, popcnt, avx, avx2, aes, clmul, erms, 3dnowpref, lzcnt, ht, tsc, tscinvbit, bmi1, bmi2, adx, fma

Memory: 4k page, system-wide physical 20355M (5627M free)
TotalPageFile size 35552M (AvailPageFile size 5M)
current process WorkingSet (physical memory assigned to process): 474M, peak: 474M
current process commit charge ("private bytes"): 590M, peak: 591M

vm_info: OpenJDK 64-Bit Server VM (11.0.13+0-b1751.21-8125866) for windows-amd64 JRE (11.0.13+0-b1751.21-8125866), built on Feb  2 2022 03:00:22 by "builder" with MS VC++ 14.0 (VS2015)

END.
